#
# There is insufficient memory for the Java Runtime Environment to continue.
# Native memory allocation (mmap) failed to map 201326592 bytes for G1 virtual space
# Possible reasons:
#   The system is out of physical RAM or swap space
#   The process is running with CompressedOops enabled, and the Java Heap may be blocking the growth of the native heap
# Possible solutions:
#   Reduce memory load on the system
#   Increase physical memory or swap space
#   Check if swap backing store is full
#   Decrease Java heap size (-Xmx/-Xms)
#   Decrease number of Java threads
#   Decrease Java thread stack sizes (-Xss)
#   Set larger code cache with -XX:ReservedCodeCacheSize=
#   JVM is running with Zero Based Compressed Oops mode in which the Java heap is
#     placed in the first 32GB address space. The Java Heap base address is the
#     maximum limit for the native heap growth. Please use -XX:HeapBaseMinAddress
#     to set the Java Heap base and to place the Java Heap above 32GB virtual address.
# This output file may be truncated or incomplete.
#
#  Out of Memory Error (os_windows.cpp:3535), pid=16924, tid=18696
#
# JRE version:  (17.0.3.1+2) (build )
# Java VM: Java HotSpot(TM) 64-Bit Server VM (17.0.3.1+2-LTS-6, mixed mode, sharing, tiered, compressed oops, compressed class ptrs, g1 gc, windows-amd64)
# No core dump will be written. Minidumps are not enabled by default on client versions of Windows
#

---------------  S U M M A R Y ------------

Command Line: -javaagent:C:\Users\Claudia Layrisse\AppData\Local\JetBrains\Toolbox\apps\IDEA-C\ch-0\221.5591.52\lib\idea_rt.jar=51611:C:\Users\Claudia Layrisse\AppData\Local\JetBrains\Toolbox\apps\IDEA-C\ch-0\221.5591.52\bin -Dfile.encoding=UTF-8 com.project.bankapi.BankApiApplication

Host: Intel(R) Core(TM) i7-3610QM CPU @ 2.30GHz, 8 cores, 11G,  Windows 10 , 64 bit Build 19041 (10.0.19041.1706)
Time: Wed Jun 15 10:54:09 2022 Romance Daylight Time elapsed time: 0.111219 seconds (0d 0h 0m 0s)

---------------  T H R E A D  ---------------

Current thread (0x0000020777c33780):  JavaThread "Unknown thread" [_thread_in_vm, id=18696, stack(0x000000ebd3800000,0x000000ebd3900000)]

Stack: [0x000000ebd3800000,0x000000ebd3900000]
Native frames: (J=compiled Java code, j=interpreted, Vv=VM code, C=native code)
V  [jvm.dll+0x6711ba]
V  [jvm.dll+0x7d0834]
V  [jvm.dll+0x7d1fde]
V  [jvm.dll+0x7d2643]
V  [jvm.dll+0x242c85]
V  [jvm.dll+0x66e0d9]
V  [jvm.dll+0x662a22]
V  [jvm.dll+0x300ddb]
V  [jvm.dll+0x308376]
V  [jvm.dll+0x357f7e]
V  [jvm.dll+0x3581af]
V  [jvm.dll+0x2d7ff8]
V  [jvm.dll+0x2d8f64]
V  [jvm.dll+0x7a2411]
V  [jvm.dll+0x365d01]
V  [jvm.dll+0x78187c]
V  [jvm.dll+0x3e873f]
V  [jvm.dll+0x3ea1e1]
C  [jli.dll+0x527b]
C  [ucrtbase.dll+0x21bb2]
C  [KERNEL32.DLL+0x17034]
C  [ntdll.dll+0x52651]


---------------  P R O C E S S  ---------------

Threads class SMR info:
_java_thread_list=0x00007fffca409858, length=0, elements={
}

Java Threads: ( => current thread )

Other Threads:
  0x0000020777c8bb90 GCTaskThread "GC Thread#0" [stack: 0x000000ebd3900000,0x000000ebd3a00000] [id=7132]
  0x0000020777c99f00 ConcurrentGCThread "G1 Main Marker" [stack: 0x000000ebd3a00000,0x000000ebd3b00000] [id=10876]
  0x0000020777c9b0b0 ConcurrentGCThread "G1 Conc#0" [stack: 0x000000ebd3b00000,0x000000ebd3c00000] [id=8228]

[error occurred during error reporting (printing all threads), id 0xc0000005, EXCEPTION_ACCESS_VIOLATION (0xc0000005) at pc=0x00007fffc9c589e7]

VM state: not at safepoint (not fully initialized)

VM Mutex/Monitor currently owned by a thread:  ([mutex/lock_event])
[0x0000020777c2ef70] Heap_lock - owner thread: 0x0000020777c33780

Heap address: 0x0000000740a00000, size: 3062 MB, Compressed Oops mode: Zero based, Oop shift amount: 3

CDS archive(s) mapped at: [0x0000000000000000-0x0000000000000000-0x0000000000000000), size 0, SharedBaseAddress: 0x0000000800000000, ArchiveRelocationMode: 0.
Narrow klass base: 0x0000000000000000, Narrow klass shift: 0, Narrow klass range: 0x0

GC Precious Log:
<Empty>

Heap:
 garbage-first heap   total 0K, used 0K [0x0000000740a00000, 0x0000000800000000)
  region size 2048K, 0 young (0K), 0 survivors (0K)

[error occurred during error reporting (printing heap information), id 0xc0000005, EXCEPTION_ACCESS_VIOLATION (0xc0000005) at pc=0x00007fffca03a629]

GC Heap History (0 events):
No events

Deoptimization events (0 events):
No events

Classes unloaded (0 events):
No events

Classes redefined (0 events):
No events

Internal exceptions (0 events):
No events

VM Operations (0 events):
No events

Events (1 events):
Event: 0.018 Loaded shared library C:\Program Files\Java\jdk-17.0.3.1\bin\java.dll


Dynamic libraries:
0x00007ff7071b0000 - 0x00007ff7071c0000 	C:\Program Files\Java\jdk-17.0.3.1\bin\java.exe
0x00007ff825f30000 - 0x00007ff826125000 	C:\WINDOWS\SYSTEM32\ntdll.dll
0x00007ff812550000 - 0x00007ff812566000 	C:\Program Files (x86)\AVG\Antivirus\aswhook.dll
0x00007ff8258d0000 - 0x00007ff82598d000 	C:\WINDOWS\System32\KERNEL32.DLL
0x00007ff822fa0000 - 0x00007ff82326d000 	C:\WINDOWS\System32\KERNELBASE.dll
0x00007ff822e70000 - 0x00007ff822f70000 	C:\WINDOWS\System32\ucrtbase.dll
0x00007ff802e00000 - 0x00007ff802e18000 	C:\Program Files\Java\jdk-17.0.3.1\bin\jli.dll
0x00007ff801f30000 - 0x00007ff801f4a000 	C:\Program Files\Java\jdk-17.0.3.1\bin\VCRUNTIME140.dll
0x00007ff825e40000 - 0x00007ff825eee000 	C:\WINDOWS\System32\ADVAPI32.dll
0x00007ff825200000 - 0x00007ff82529e000 	C:\WINDOWS\System32\msvcrt.dll
0x00007ff825830000 - 0x00007ff8258cc000 	C:\WINDOWS\System32\sechost.dll
0x00007ff824590000 - 0x00007ff8246b5000 	C:\WINDOWS\System32\RPCRT4.dll
0x00007ff825310000 - 0x00007ff8254b0000 	C:\WINDOWS\System32\USER32.dll
0x00007ff822c80000 - 0x00007ff822ca2000 	C:\WINDOWS\System32\win32u.dll
0x00007ff81ab20000 - 0x00007ff81adba000 	C:\WINDOWS\WinSxS\amd64_microsoft.windows.common-controls_6595b64144ccf1df_6.0.19041.1110_none_60b5254171f9507e\COMCTL32.dll
0x00007ff825e10000 - 0x00007ff825e3a000 	C:\WINDOWS\System32\GDI32.dll
0x00007ff822cb0000 - 0x00007ff822dbb000 	C:\WINDOWS\System32\gdi32full.dll
0x00007ff822dd0000 - 0x00007ff822e6d000 	C:\WINDOWS\System32\msvcp_win.dll
0x00007ff81b910000 - 0x00007ff81b91a000 	C:\WINDOWS\SYSTEM32\VERSION.dll
0x00007ff825540000 - 0x00007ff825570000 	C:\WINDOWS\System32\IMM32.DLL
0x00007ff809470000 - 0x00007ff80947c000 	C:\Program Files\Java\jdk-17.0.3.1\bin\vcruntime140_1.dll
0x00007fffee600000 - 0x00007fffee68d000 	C:\Program Files\Java\jdk-17.0.3.1\bin\msvcp140.dll
0x00007fffc9970000 - 0x00007fffca530000 	C:\Program Files\Java\jdk-17.0.3.1\bin\server\jvm.dll
0x00007ff8246c0000 - 0x00007ff8246c8000 	C:\WINDOWS\System32\PSAPI.DLL
0x00007ff810c30000 - 0x00007ff810c39000 	C:\WINDOWS\SYSTEM32\WSOCK32.dll
0x00007ff81b670000 - 0x00007ff81b697000 	C:\WINDOWS\SYSTEM32\WINMM.dll
0x00007ff8252a0000 - 0x00007ff82530b000 	C:\WINDOWS\System32\WS2_32.dll
0x00007ff820b20000 - 0x00007ff820b32000 	C:\WINDOWS\SYSTEM32\kernel.appcore.dll
0x00007ff809280000 - 0x00007ff80928a000 	C:\Program Files\Java\jdk-17.0.3.1\bin\jimage.dll
0x00007ff81b100000 - 0x00007ff81b2e4000 	C:\WINDOWS\SYSTEM32\DBGHELP.DLL
0x00007ff81b0d0000 - 0x00007ff81b0fc000 	C:\WINDOWS\SYSTEM32\dbgcore.DLL
0x00007ff8233d0000 - 0x00007ff823452000 	C:\WINDOWS\System32\bcryptPrimitives.dll
0x00007ff81e8a0000 - 0x00007ff81e8ae000 	C:\Program Files\Java\jdk-17.0.3.1\bin\instrument.dll
0x00007ffffe080000 - 0x00007ffffe0a5000 	C:\Program Files\Java\jdk-17.0.3.1\bin\java.dll

dbghelp: loaded successfully - version: 4.0.5 - missing functions: none
symbol engine: initialized successfully - sym options: 0x614 - pdb path: .;C:\Program Files\Java\jdk-17.0.3.1\bin;C:\WINDOWS\SYSTEM32;C:\Program Files (x86)\AVG\Antivirus;C:\WINDOWS\WinSxS\amd64_microsoft.windows.common-controls_6595b64144ccf1df_6.0.19041.1110_none_60b5254171f9507e;C:\Program Files\Java\jdk-17.0.3.1\bin\server

VM Arguments:
jvm_args: -javaagent:C:\Users\Claudia Layrisse\AppData\Local\JetBrains\Toolbox\apps\IDEA-C\ch-0\221.5591.52\lib\idea_rt.jar=51611:C:\Users\Claudia Layrisse\AppData\Local\JetBrains\Toolbox\apps\IDEA-C\ch-0\221.5591.52\bin -Dfile.encoding=UTF-8 
java_command: com.project.bankapi.BankApiApplication
java_class_path (initial): C:\Users\Claudia Layrisse\Desktop\ironhack\java\java-bank-api\bank-api\target\classes;C:\Users\Claudia Layrisse\.m2\repository\org\springframework\boot\spring-boot-starter-data-jpa\2.7.0\spring-boot-starter-data-jpa-2.7.0.jar;C:\Users\Claudia Layrisse\.m2\repository\org\springframework\boot\spring-boot-starter-aop\2.7.0\spring-boot-starter-aop-2.7.0.jar;C:\Users\Claudia Layrisse\.m2\repository\org\aspectj\aspectjweaver\1.9.7\aspectjweaver-1.9.7.jar;C:\Users\Claudia Layrisse\.m2\repository\org\springframework\boot\spring-boot-starter-jdbc\2.7.0\spring-boot-starter-jdbc-2.7.0.jar;C:\Users\Claudia Layrisse\.m2\repository\com\zaxxer\HikariCP\4.0.3\HikariCP-4.0.3.jar;C:\Users\Claudia Layrisse\.m2\repository\org\springframework\spring-jdbc\5.3.20\spring-jdbc-5.3.20.jar;C:\Users\Claudia Layrisse\.m2\repository\jakarta\transaction\jakarta.transaction-api\1.3.3\jakarta.transaction-api-1.3.3.jar;C:\Users\Claudia Layrisse\.m2\repository\jakarta\persistence\jakarta.persistence-api\2.2.3\jakarta.persistence-api-2.2.3.jar;C:\Users\Claudia Layrisse\.m2\repository\org\hibernate\hibernate-core\5.6.9.Final\hibernate-core-5.6.9.Final.jar;C:\Users\Claudia Layrisse\.m2\repository\org\jboss\logging\jboss-logging\3.4.3.Final\jboss-logging-3.4.3.Final.jar;C:\Users\Claudia Layrisse\.m2\repository\net\bytebuddy\byte-buddy\1.12.10\byte-buddy-1.12.10.jar;C:\Users\Claudia Layrisse\.m2\repository\antlr\antlr\2.7.7\antlr-2.7.7.jar;C:\Users\Claudia Layrisse\.m2\repository\org\jboss\jandex\2.4.2.Final\jandex-2.4.2.Final.jar;C:\Users\Claudia Layrisse\.m2\repository\com\fasterxml\classmate\1.5.1\classmate-1.5.1.jar;C:\Users\Claudia Layrisse\.m2\repository\org\hibernate\common\hibernate-commons-annotations\5.1.2.Final\hibernate-commons-annotations-5.1.2.Final.jar;C:\Users\Claudia Layrisse\.m2\repository\org\glassfish\jaxb\jaxb-runtime\2.3.6\jaxb-runtime-2.3.6.jar;C:\Users\Claudia Layrisse\.m2\repository\org\glassfish\jaxb\txw2\2.3.6\txw2-2.3.6.jar;C:\Users\Claudia Layrisse
Launcher Type: SUN_STANDARD

[Global flags]
     intx CICompilerCount                          = 4                                         {product} {ergonomic}
     uint ConcGCThreads                            = 2                                         {product} {ergonomic}
     uint G1ConcRefinementThreads                  = 8                                         {product} {ergonomic}
   size_t G1HeapRegionSize                         = 2097152                                   {product} {ergonomic}
    uintx GCDrainStackTargetSize                   = 64                                        {product} {ergonomic}
   size_t InitialHeapSize                          = 201326592                                 {product} {ergonomic}
   size_t MarkStackSize                            = 4194304                                   {product} {ergonomic}
   size_t MaxHeapSize                              = 3210739712                                {product} {ergonomic}
   size_t MinHeapDeltaBytes                        = 2097152                                   {product} {ergonomic}
   size_t MinHeapSize                              = 8388608                                   {product} {ergonomic}
    uintx NonNMethodCodeHeapSize                   = 5839372                                {pd product} {ergonomic}
    uintx NonProfiledCodeHeapSize                  = 122909434                              {pd product} {ergonomic}
    uintx ProfiledCodeHeapSize                     = 122909434                              {pd product} {ergonomic}
    uintx ReservedCodeCacheSize                    = 251658240                              {pd product} {ergonomic}
     bool SegmentedCodeCache                       = true                                      {product} {ergonomic}
   size_t SoftMaxHeapSize                          = 3210739712                             {manageable} {ergonomic}
     bool UseCompressedClassPointers               = true                           {product lp64_product} {ergonomic}
     bool UseCompressedOops                        = true                           {product lp64_product} {ergonomic}
     bool UseG1GC                                  = true                                      {product} {ergonomic}
     bool UseLargePagesIndividualAllocation        = false                                  {pd product} {ergonomic}

Logging:
Log output configuration:
 #0: stdout all=warning uptime,level,tags
 #1: stderr all=off uptime,level,tags

Environment Variables:
PATH=C:\Program Files\Common Files\Oracle\Java\javapath;C:\Program Files (x86)\NVIDIA Corporation\PhysX\Common;C:\Program Files (x86)\Intel\iCLS Client\;C:\Program Files\Intel\iCLS Client\;C:\Program Files\Common Files\Microsoft Shared\Windows Live;C:\Program Files (x86)\Common Files\Microsoft Shared\Windows Live;C:\WINDOWS\system32;C:\WINDOWS;C:\WINDOWS\System32\Wbem;C:\WINDOWS\System32\WindowsPowerShell\v1.0\;C:\Program Files (x86)\Windows Live\Shared;C:\Program Files\Intel\Intel(R) Management Engine Components\DAL;C:\Program Files\Intel\Intel(R) Management Engine Components\IPT;C:\Program Files (x86)\Intel\Intel(R) Management Engine Components\DAL;C:\Program Files (x86)\Intel\Intel(R) Management Engine Components\IPT;C:\Program Files (x86)\Autodesk\Backburner\;C:\Program Files\Common Files\Autodesk Shared\;C:\Program Files (x86)\Common Files\Autodesk Shared\;C:\Program Files (x86)\QuickTime\QTSystem\;C:\WINDOWS\System32\OpenSSH\;C:\Program Files\nodejs\;C:\Program Files\Git\cmd;C:\Program Files\PuTTY\;C:\Program Files\Amazon\AWSCLIV2\;C:\Program Files (x86)\Calibre2\;C:\Users\Claudia Layrisse\AppData\Local\Programs\Python\Python39\Scripts\;C:\Users\Claudia Layrisse\AppData\Local\Programs\Python\Python39\;C:\Users\Claudia Layrisse\AppData\Local\Programs\Microsoft VS Code\bin;C:\Users\Claudia Layrisse\AppData\Local\Microsoft\WindowsApps;C:\Users\Claudia Layrisse\AppData\Roaming\npm;C:\Program Files\heroku\bin
USERNAME=Claudia Layrisse
OS=Windows_NT
PROCESSOR_IDENTIFIER=Intel64 Family 6 Model 58 Stepping 9, GenuineIntel



---------------  S Y S T E M  ---------------

OS:
 Windows 10 , 64 bit Build 19041 (10.0.19041.1706)
OS uptime: 7 days 22:14 hours
Hyper-V role detected

CPU: total 8 (initial active 8) (4 cores per cpu, 2 threads per core) family 6 model 58 stepping 9 microcode 0x21, cx8, cmov, fxsr, ht, mmx, sse, sse2, sse3, ssse3, sse4.1, sse4.2, popcnt, tsc, tscinvbit, avx, aes, erms, clmul, vzeroupper, clflush, hv

Memory: 4k page, system-wide physical 12247M (3831M free)
TotalPageFile size 13147M (AvailPageFile size 122M)
current process WorkingSet (physical memory assigned to process): 10M, peak: 10M
current process commit charge ("private bytes"): 60M, peak: 252M

vm_info: Java HotSpot(TM) 64-Bit Server VM (17.0.3.1+2-LTS-6) for windows-amd64 JRE (17.0.3.1+2-LTS-6), built on Apr 25 2022 22:04:21 by "mach5one" with MS VC++ 16.8 / 16.9 (VS2019)

END.
