#
# There is insufficient memory for the Java Runtime Environment to continue.
# Native memory allocation (mmap) failed to map 65536 bytes for Failed to commit metaspace.
# Possible reasons:
#   The system is out of physical RAM or swap space
#   The process is running with CompressedOops enabled, and the Java Heap may be blocking the growth of the native heap
# Possible solutions:
#   Reduce memory load on the system
#   Increase physical memory or swap space
#   Check if swap backing store is full
#   Decrease Java heap size (-Xmx/-Xms)
#   Decrease number of Java threads
#   Decrease Java thread stack sizes (-Xss)
#   Set larger code cache with -XX:ReservedCodeCacheSize=
#   JVM is running with Zero Based Compressed Oops mode in which the Java heap is
#     placed in the first 32GB address space. The Java Heap base address is the
#     maximum limit for the native heap growth. Please use -XX:HeapBaseMinAddress
#     to set the Java Heap base and to place the Java Heap above 32GB virtual address.
# This output file may be truncated or incomplete.
#
#  Out of Memory Error (virtualSpaceNode.cpp:110), pid=17804, tid=19692
#
# JRE version: Java(TM) SE Runtime Environment (17.0.3.1+2) (build 17.0.3.1+2-LTS-6)
# Java VM: Java HotSpot(TM) 64-Bit Server VM (17.0.3.1+2-LTS-6, mixed mode, sharing, tiered, compressed oops, compressed class ptrs, g1 gc, windows-amd64)
# No core dump will be written. Minidumps are not enabled by default on client versions of Windows
#

---------------  S U M M A R Y ------------

Command Line: -javaagent:C:\Users\Claudia Layrisse\AppData\Local\JetBrains\Toolbox\apps\IDEA-C\ch-0\221.5591.52\lib\idea_rt.jar=49857:C:\Users\Claudia Layrisse\AppData\Local\JetBrains\Toolbox\apps\IDEA-C\ch-0\221.5591.52\bin -Dfile.encoding=UTF-8 com.project.bankapi.BankApiApplication

Host: Intel(R) Core(TM) i7-3610QM CPU @ 2.30GHz, 8 cores, 11G,  Windows 10 , 64 bit Build 19041 (10.0.19041.1706)
Time: Wed Jun 15 17:32:45 2022 Romance Daylight Time elapsed time: 1.227804 seconds (0d 0h 0m 1s)

---------------  T H R E A D  ---------------

Current thread (0x0000016e959d0ba0):  JavaThread "restartedMain" [_thread_in_vm, id=19692, stack(0x00000041b5e00000,0x00000041b5f00000)]

Stack: [0x00000041b5e00000,0x00000041b5f00000]
Native frames: (J=compiled Java code, j=interpreted, Vv=VM code, C=native code)
V  [jvm.dll+0x6711ba]
V  [jvm.dll+0x7d0834]
V  [jvm.dll+0x7d1fde]
V  [jvm.dll+0x7d2643]
V  [jvm.dll+0x242c85]
V  [jvm.dll+0x7cc7db]
V  [jvm.dll+0x616f96]
V  [jvm.dll+0x1be52e]
V  [jvm.dll+0x6198d1]
V  [jvm.dll+0x617936]
V  [jvm.dll+0x238660]
V  [jvm.dll+0x1e893d]
V  [jvm.dll+0x1de381]
V  [jvm.dll+0x537ee0]
V  [jvm.dll+0x74b478]
V  [jvm.dll+0x74b564]
V  [jvm.dll+0x408fa5]
V  [jvm.dll+0x40eff8]
C  [java.dll+0x17ec]

Java frames: (J=compiled Java code, j=interpreted, Vv=VM code)
J 743  java.lang.ClassLoader.defineClass1(Ljava/lang/ClassLoader;Ljava/lang/String;[BIILjava/security/ProtectionDomain;Ljava/lang/String;)Ljava/lang/Class; java.base@17.0.3.1 (0 bytes) @ 0x0000016e87b0cf63 [0x0000016e87b0cea0+0x00000000000000c3]
J 985 c1 java.lang.ClassLoader.defineClass(Ljava/lang/String;[BIILjava/security/ProtectionDomain;)Ljava/lang/Class; java.base@17.0.3.1 (43 bytes) @ 0x0000016e80770adc [0x0000016e80770780+0x000000000000035c]
J 1049 c1 java.security.SecureClassLoader.defineClass(Ljava/lang/String;[BIILjava/security/CodeSource;)Ljava/lang/Class; java.base@17.0.3.1 (16 bytes) @ 0x0000016e80783d8c [0x0000016e80783cc0+0x00000000000000cc]
J 949 c1 jdk.internal.loader.BuiltinClassLoader.defineClass(Ljava/lang/String;Ljdk/internal/loader/Resource;)Ljava/lang/Class; java.base@17.0.3.1 (121 bytes) @ 0x0000016e80757374 [0x0000016e80756400+0x0000000000000f74]
J 714 c1 jdk.internal.loader.BuiltinClassLoader.findClassOnClassPathOrNull(Ljava/lang/String;)Ljava/lang/Class; java.base@17.0.3.1 (64 bytes) @ 0x0000016e806dde64 [0x0000016e806dcde0+0x0000000000001084]
J 488 c1 jdk.internal.loader.BuiltinClassLoader.loadClassOrNull(Ljava/lang/String;Z)Ljava/lang/Class; java.base@17.0.3.1 (143 bytes) @ 0x0000016e8065a254 [0x0000016e80659340+0x0000000000000f14]
J 635 c1 jdk.internal.loader.ClassLoaders$AppClassLoader.loadClass(Ljava/lang/String;Z)Ljava/lang/Class; java.base@17.0.3.1 (40 bytes) @ 0x0000016e806b1e8c [0x0000016e806b1860+0x000000000000062c]
J 632 c1 java.lang.ClassLoader.loadClass(Ljava/lang/String;)Ljava/lang/Class; java.base@17.0.3.1 (7 bytes) @ 0x0000016e806b0f4c [0x0000016e806b0e40+0x000000000000010c]
v  ~StubRoutines::call_stub
j  org.springframework.boot.devtools.env.DevToolsHomePropertiesPostProcessor.<clinit>()V+31
v  ~StubRoutines::call_stub
j  jdk.internal.reflect.NativeConstructorAccessorImpl.newInstance0(Ljava/lang/reflect/Constructor;[Ljava/lang/Object;)Ljava/lang/Object;+0 java.base@17.0.3.1
j  jdk.internal.reflect.NativeConstructorAccessorImpl.newInstance([Ljava/lang/Object;)Ljava/lang/Object;+118 java.base@17.0.3.1
j  jdk.internal.reflect.DelegatingConstructorAccessorImpl.newInstance([Ljava/lang/Object;)Ljava/lang/Object;+5 java.base@17.0.3.1
j  java.lang.reflect.Constructor.newInstanceWithCaller([Ljava/lang/Object;ZLjava/lang/Class;)Ljava/lang/Object;+65 java.base@17.0.3.1
j  java.lang.reflect.Constructor.newInstance([Ljava/lang/Object;)Ljava/lang/Object;+30 java.base@17.0.3.1
j  org.springframework.boot.util.Instantiator.instantiate(Ljava/lang/Class;)Ljava/lang/Object;+59
j  org.springframework.boot.util.Instantiator.instantiate(Lorg/springframework/boot/util/Instantiator$TypeSupplier;)Ljava/lang/Object;+17
j  org.springframework.boot.util.Instantiator$$Lambda$105+0x0000000800ca2ac0.apply(Ljava/lang/Object;)Ljava/lang/Object;+8
j  java.util.stream.ReferencePipeline$3$1.accept(Ljava/lang/Object;)V+12 java.base@17.0.3.1
j  java.util.stream.ReferencePipeline$3$1.accept(Ljava/lang/Object;)V+17 java.base@17.0.3.1
j  java.util.ArrayList$ArrayListSpliterator.forEachRemaining(Ljava/util/function/Consumer;)V+95 java.base@17.0.3.1
j  java.util.stream.AbstractPipeline.copyInto(Ljava/util/stream/Sink;Ljava/util/Spliterator;)V+32 java.base@17.0.3.1
j  java.util.stream.AbstractPipeline.wrapAndCopyInto(Ljava/util/stream/Sink;Ljava/util/Spliterator;)Ljava/util/stream/Sink;+13 java.base@17.0.3.1
j  java.util.stream.ReduceOps$ReduceOp.evaluateSequential(Ljava/util/stream/PipelineHelper;Ljava/util/Spliterator;)Ljava/lang/Object;+6 java.base@17.0.3.1
j  java.util.stream.AbstractPipeline.evaluate(Ljava/util/stream/TerminalOp;)Ljava/lang/Object;+88 java.base@17.0.3.1
j  java.util.stream.ReferencePipeline.collect(Ljava/util/stream/Collector;)Ljava/lang/Object;+86 java.base@17.0.3.1
j  org.springframework.boot.util.Instantiator.instantiate(Ljava/util/stream/Stream;)Ljava/util/List;+15
j  org.springframework.boot.util.Instantiator.instantiate(Ljava/lang/ClassLoader;Ljava/util/Collection;)Ljava/util/List;+24
j  org.springframework.boot.env.ReflectionEnvironmentPostProcessorsFactory.getEnvironmentPostProcessors(Lorg/springframework/boot/logging/DeferredLogFactory;Lorg/springframework/boot/ConfigurableBootstrapContext;)Ljava/util/List;+44
j  org.springframework.boot.env.EnvironmentPostProcessorApplicationListener.getEnvironmentPostProcessors(Lorg/springframework/core/io/ResourceLoader;Lorg/springframework/boot/ConfigurableBootstrapContext;)Ljava/util/List;+37
j  org.springframework.boot.env.EnvironmentPostProcessorApplicationListener.onApplicationEnvironmentPreparedEvent(Lorg/springframework/boot/context/event/ApplicationEnvironmentPreparedEvent;)V+19
j  org.springframework.boot.env.EnvironmentPostProcessorApplicationListener.onApplicationEvent(Lorg/springframework/context/ApplicationEvent;)V+12
j  org.springframework.context.event.SimpleApplicationEventMulticaster.doInvokeListener(Lorg/springframework/context/ApplicationListener;Lorg/springframework/context/ApplicationEvent;)V+2
j  org.springframework.context.event.SimpleApplicationEventMulticaster.invokeListener(Lorg/springframework/context/ApplicationListener;Lorg/springframework/context/ApplicationEvent;)V+34
j  org.springframework.context.event.SimpleApplicationEventMulticaster.multicastEvent(Lorg/springframework/context/ApplicationEvent;Lorg/springframework/core/ResolvableType;)V+83
j  org.springframework.context.event.SimpleApplicationEventMulticaster.multicastEvent(Lorg/springframework/context/ApplicationEvent;)V+7
j  org.springframework.boot.context.event.EventPublishingRunListener.environmentPrepared(Lorg/springframework/boot/ConfigurableBootstrapContext;Lorg/springframework/core/env/ConfigurableEnvironment;)V+21
j  org.springframework.boot.SpringApplicationRunListeners.lambda$environmentPrepared$2(Lorg/springframework/boot/ConfigurableBootstrapContext;Lorg/springframework/core/env/ConfigurableEnvironment;Lorg/springframework/boot/SpringApplicationRunListener;)V+3
j  org.springframework.boot.SpringApplicationRunListeners$$Lambda$97+0x0000000800ca0d10.accept(Ljava/lang/Object;)V+12
j  java.util.ArrayList.forEach(Ljava/util/function/Consumer;)V+46 java.base@17.0.3.1
j  org.springframework.boot.SpringApplicationRunListeners.doWithListeners(Ljava/lang/String;Ljava/util/function/Consumer;Ljava/util/function/Consumer;)V+17
j  org.springframework.boot.SpringApplicationRunListeners.doWithListeners(Ljava/lang/String;Ljava/util/function/Consumer;)V+4
j  org.springframework.boot.SpringApplicationRunListeners.environmentPrepared(Lorg/springframework/boot/ConfigurableBootstrapContext;Lorg/springframework/core/env/ConfigurableEnvironment;)V+10
j  org.springframework.boot.SpringApplication.prepareEnvironment(Lorg/springframework/boot/SpringApplicationRunListeners;Lorg/springframework/boot/DefaultBootstrapContext;Lorg/springframework/boot/ApplicationArguments;)Lorg/springframework/core/env/ConfigurableEnvironment;+27
j  org.springframework.boot.SpringApplication.run([Ljava/lang/String;)Lorg/springframework/context/ConfigurableApplicationContext;+52
j  org.springframework.boot.SpringApplication.run([Ljava/lang/Class;[Ljava/lang/String;)Lorg/springframework/context/ConfigurableApplicationContext;+9
j  org.springframework.boot.SpringApplication.run(Ljava/lang/Class;[Ljava/lang/String;)Lorg/springframework/context/ConfigurableApplicationContext;+9
j  com.project.bankapi.BankApiApplication.main([Ljava/lang/String;)V+3
v  ~StubRoutines::call_stub
j  jdk.internal.reflect.NativeMethodAccessorImpl.invoke0(Ljava/lang/reflect/Method;Ljava/lang/Object;[Ljava/lang/Object;)Ljava/lang/Object;+0 java.base@17.0.3.1
j  jdk.internal.reflect.NativeMethodAccessorImpl.invoke(Ljava/lang/Object;[Ljava/lang/Object;)Ljava/lang/Object;+133 java.base@17.0.3.1
j  jdk.internal.reflect.DelegatingMethodAccessorImpl.invoke(Ljava/lang/Object;[Ljava/lang/Object;)Ljava/lang/Object;+6 java.base@17.0.3.1
j  java.lang.reflect.Method.invoke(Ljava/lang/Object;[Ljava/lang/Object;)Ljava/lang/Object;+59 java.base@17.0.3.1
j  org.springframework.boot.devtools.restart.RestartLauncher.run()V+42
v  ~StubRoutines::call_stub

---------------  P R O C E S S  ---------------

Threads class SMR info:
_java_thread_list=0x0000016e958476d0, length=17, elements={
0x0000016ef34f2360, 0x0000016effcca3b0, 0x0000016effccb130, 0x0000016effcdcfa0,
0x0000016effcdda60, 0x0000016effce1340, 0x0000016effce1c00, 0x0000016effce5cf0,
0x0000016effcee6b0, 0x0000016effcf9790, 0x0000016effcb5ce0, 0x0000016e94ba6460,
0x0000016e94ba6970, 0x0000016e94c18680, 0x0000016e94c18b50, 0x0000016e965b5e70,
0x0000016e959d0ba0
}

Java Threads: ( => current thread )
  0x0000016ef34f2360 JavaThread "main" [_thread_blocked, id=16716, stack(0x00000041b4700000,0x00000041b4800000)]
  0x0000016effcca3b0 JavaThread "Reference Handler" daemon [_thread_blocked, id=20400, stack(0x00000041b4e00000,0x00000041b4f00000)]
  0x0000016effccb130 JavaThread "Finalizer" daemon [_thread_blocked, id=15100, stack(0x00000041b4f00000,0x00000041b5000000)]
  0x0000016effcdcfa0 JavaThread "Signal Dispatcher" daemon [_thread_blocked, id=1268, stack(0x00000041b5000000,0x00000041b5100000)]
  0x0000016effcdda60 JavaThread "Attach Listener" daemon [_thread_blocked, id=13412, stack(0x00000041b5100000,0x00000041b5200000)]
  0x0000016effce1340 JavaThread "Service Thread" daemon [_thread_blocked, id=20076, stack(0x00000041b5200000,0x00000041b5300000)]
  0x0000016effce1c00 JavaThread "Monitor Deflation Thread" daemon [_thread_blocked, id=1744, stack(0x00000041b5300000,0x00000041b5400000)]
  0x0000016effce5cf0 JavaThread "C2 CompilerThread0" daemon [_thread_blocked, id=4976, stack(0x00000041b5400000,0x00000041b5500000)]
  0x0000016effcee6b0 JavaThread "C1 CompilerThread0" daemon [_thread_blocked, id=17404, stack(0x00000041b5500000,0x00000041b5600000)]
  0x0000016effcf9790 JavaThread "Sweeper thread" daemon [_thread_blocked, id=20324, stack(0x00000041b5600000,0x00000041b5700000)]
  0x0000016effcb5ce0 JavaThread "Common-Cleaner" daemon [_thread_blocked, id=10040, stack(0x00000041b5700000,0x00000041b5800000)]
  0x0000016e94ba6460 JavaThread "C2 CompilerThread1" daemon [_thread_blocked, id=14476, stack(0x00000041b5800000,0x00000041b5900000)]
  0x0000016e94ba6970 JavaThread "C2 CompilerThread2" daemon [_thread_blocked, id=21172, stack(0x00000041b5900000,0x00000041b5a00000)]
  0x0000016e94c18680 JavaThread "Monitor Ctrl-Break" daemon [_thread_in_native, id=19444, stack(0x00000041b5a00000,0x00000041b5b00000)]
  0x0000016e94c18b50 JavaThread "Notification Thread" daemon [_thread_blocked, id=13536, stack(0x00000041b5b00000,0x00000041b5c00000)]
  0x0000016e965b5e70 JavaThread "Thread-0" [_thread_blocked, id=9816, stack(0x00000041b5d00000,0x00000041b5e00000)]
=>0x0000016e959d0ba0 JavaThread "restartedMain" [_thread_in_vm, id=19692, stack(0x00000041b5e00000,0x00000041b5f00000)]

Other Threads:
  0x0000016effcc3490 VMThread "VM Thread" [stack: 0x00000041b4d00000,0x00000041b4e00000] [id=19668]
  0x0000016ef35669b0 WatcherThread [stack: 0x00000041b5c00000,0x00000041b5d00000] [id=12232]
  0x0000016ef354a350 GCTaskThread "GC Thread#0" [stack: 0x00000041b4800000,0x00000041b4900000] [id=13864]
  0x0000016e95c278b0 GCTaskThread "GC Thread#1" [stack: 0x00000041b5f00000,0x00000041b6000000] [id=18624]
  0x0000016e96372700 GCTaskThread "GC Thread#2" [stack: 0x00000041b6000000,0x00000041b6100000] [id=18040]
  0x0000016e95760110 GCTaskThread "GC Thread#3" [stack: 0x00000041b6100000,0x00000041b6200000] [id=19416]
  0x0000016e95a411d0 GCTaskThread "GC Thread#4" [stack: 0x00000041b6200000,0x00000041b6300000] [id=17580]
  0x0000016e965e1830 GCTaskThread "GC Thread#5" [stack: 0x00000041b6300000,0x00000041b6400000] [id=10884]
  0x0000016e95ce3de0 GCTaskThread "GC Thread#6" [stack: 0x00000041b6400000,0x00000041b6500000] [id=20420]
  0x0000016ef35582c0 ConcurrentGCThread "G1 Main Marker" [stack: 0x00000041b4900000,0x00000041b4a00000] [id=5476]
  0x0000016ef3559470 ConcurrentGCThread "G1 Conc#0" [stack: 0x00000041b4a00000,0x00000041b4b00000] [id=13484]
  0x0000016ef35be010 ConcurrentGCThread "G1 Refine#0" [stack: 0x00000041b4b00000,0x00000041b4c00000] [id=16132]
  0x0000016ef35be940 ConcurrentGCThread "G1 Service" [stack: 0x00000041b4c00000,0x00000041b4d00000] [id=20132]

Threads with active compile tasks:

VM state: not at safepoint (normal execution)

VM Mutex/Monitor currently owned by a thread:  ([mutex/lock_event])
[0x0000016ef34ebd70] Metaspace_lock - owner thread: 0x0000016e959d0ba0

Heap address: 0x0000000740a00000, size: 3062 MB, Compressed Oops mode: Zero based, Oop shift amount: 3

CDS archive(s) mapped at: [0x0000000800000000-0x0000000800bc0000-0x0000000800bc0000), size 12320768, SharedBaseAddress: 0x0000000800000000, ArchiveRelocationMode: 0.
Compressed class space mapped at: 0x0000000800c00000-0x0000000840c00000, reserved size: 1073741824
Narrow klass base: 0x0000000800000000, Narrow klass shift: 0, Narrow klass range: 0x100000000

GC Precious Log:
 CPUs: 8 total, 8 available
 Memory: 12247M
 Large Page Support: Disabled
 NUMA Support: Disabled
 Compressed Oops: Enabled (Zero based)
 Heap Region Size: 2M
 Heap Min Capacity: 8M
 Heap Initial Capacity: 192M
 Heap Max Capacity: 3062M
 Pre-touch: Disabled
 Parallel Workers: 8
 Concurrent Workers: 2
 Concurrent Refinement Workers: 8
 Periodic GC: Disabled

Heap:
 garbage-first heap   total 196608K, used 8736K [0x0000000740a00000, 0x0000000800000000)
  region size 2048K, 4 young (8192K), 2 survivors (4096K)
 Metaspace       used 6113K, committed 6208K, reserved 1056768K
  class space    used 697K, committed 768K, reserved 1048576K

Heap Regions: E=young(eden), S=young(survivor), O=old, HS=humongous(starts), HC=humongous(continues), CS=collection set, F=free, OA=open archive, CA=closed archive, TAMS=top-at-mark-start (previous, next)
|   0|0x0000000740a00000, 0x0000000740c00000, 0x0000000740c00000|100%| O|  |TAMS 0x0000000740a00000, 0x0000000740a00000| Untracked 
|   1|0x0000000740c00000, 0x0000000740c88200, 0x0000000740e00000| 26%| O|  |TAMS 0x0000000740c00000, 0x0000000740c00000| Untracked 
|   2|0x0000000740e00000, 0x0000000740e00000, 0x0000000741000000|  0%| F|  |TAMS 0x0000000740e00000, 0x0000000740e00000| Untracked 
|   3|0x0000000741000000, 0x0000000741000000, 0x0000000741200000|  0%| F|  |TAMS 0x0000000741000000, 0x0000000741000000| Untracked 
|   4|0x0000000741200000, 0x0000000741200000, 0x0000000741400000|  0%| F|  |TAMS 0x0000000741200000, 0x0000000741200000| Untracked 
|   5|0x0000000741400000, 0x0000000741400000, 0x0000000741600000|  0%| F|  |TAMS 0x0000000741400000, 0x0000000741400000| Untracked 
|   6|0x0000000741600000, 0x0000000741600000, 0x0000000741800000|  0%| F|  |TAMS 0x0000000741600000, 0x0000000741600000| Untracked 
|   7|0x0000000741800000, 0x0000000741800000, 0x0000000741a00000|  0%| F|  |TAMS 0x0000000741800000, 0x0000000741800000| Untracked 
|   8|0x0000000741a00000, 0x0000000741a00000, 0x0000000741c00000|  0%| F|  |TAMS 0x0000000741a00000, 0x0000000741a00000| Untracked 
|   9|0x0000000741c00000, 0x0000000741c00000, 0x0000000741e00000|  0%| F|  |TAMS 0x0000000741c00000, 0x0000000741c00000| Untracked 
|  10|0x0000000741e00000, 0x0000000741e00000, 0x0000000742000000|  0%| F|  |TAMS 0x0000000741e00000, 0x0000000741e00000| Untracked 
|  11|0x0000000742000000, 0x0000000742000000, 0x0000000742200000|  0%| F|  |TAMS 0x0000000742000000, 0x0000000742000000| Untracked 
|  12|0x0000000742200000, 0x0000000742200000, 0x0000000742400000|  0%| F|  |TAMS 0x0000000742200000, 0x0000000742200000| Untracked 
|  13|0x0000000742400000, 0x0000000742400000, 0x0000000742600000|  0%| F|  |TAMS 0x0000000742400000, 0x0000000742400000| Untracked 
|  14|0x0000000742600000, 0x0000000742600000, 0x0000000742800000|  0%| F|  |TAMS 0x0000000742600000, 0x0000000742600000| Untracked 
|  15|0x0000000742800000, 0x0000000742800000, 0x0000000742a00000|  0%| F|  |TAMS 0x0000000742800000, 0x0000000742800000| Untracked 
|  16|0x0000000742a00000, 0x0000000742a00000, 0x0000000742c00000|  0%| F|  |TAMS 0x0000000742a00000, 0x0000000742a00000| Untracked 
|  17|0x0000000742c00000, 0x0000000742c00000, 0x0000000742e00000|  0%| F|  |TAMS 0x0000000742c00000, 0x0000000742c00000| Untracked 
|  18|0x0000000742e00000, 0x0000000742e00000, 0x0000000743000000|  0%| F|  |TAMS 0x0000000742e00000, 0x0000000742e00000| Untracked 
|  19|0x0000000743000000, 0x0000000743000000, 0x0000000743200000|  0%| F|  |TAMS 0x0000000743000000, 0x0000000743000000| Untracked 
|  20|0x0000000743200000, 0x0000000743200000, 0x0000000743400000|  0%| F|  |TAMS 0x0000000743200000, 0x0000000743200000| Untracked 
|  21|0x0000000743400000, 0x0000000743400000, 0x0000000743600000|  0%| F|  |TAMS 0x0000000743400000, 0x0000000743400000| Untracked 
|  22|0x0000000743600000, 0x0000000743600000, 0x0000000743800000|  0%| F|  |TAMS 0x0000000743600000, 0x0000000743600000| Untracked 
|  23|0x0000000743800000, 0x0000000743800000, 0x0000000743a00000|  0%| F|  |TAMS 0x0000000743800000, 0x0000000743800000| Untracked 
|  24|0x0000000743a00000, 0x0000000743a00000, 0x0000000743c00000|  0%| F|  |TAMS 0x0000000743a00000, 0x0000000743a00000| Untracked 
|  25|0x0000000743c00000, 0x0000000743c00000, 0x0000000743e00000|  0%| F|  |TAMS 0x0000000743c00000, 0x0000000743c00000| Untracked 
|  26|0x0000000743e00000, 0x0000000743e00000, 0x0000000744000000|  0%| F|  |TAMS 0x0000000743e00000, 0x0000000743e00000| Untracked 
|  27|0x0000000744000000, 0x0000000744000000, 0x0000000744200000|  0%| F|  |TAMS 0x0000000744000000, 0x0000000744000000| Untracked 
|  28|0x0000000744200000, 0x0000000744200000, 0x0000000744400000|  0%| F|  |TAMS 0x0000000744200000, 0x0000000744200000| Untracked 
|  29|0x0000000744400000, 0x0000000744400000, 0x0000000744600000|  0%| F|  |TAMS 0x0000000744400000, 0x0000000744400000| Untracked 
|  30|0x0000000744600000, 0x0000000744600000, 0x0000000744800000|  0%| F|  |TAMS 0x0000000744600000, 0x0000000744600000| Untracked 
|  31|0x0000000744800000, 0x0000000744800000, 0x0000000744a00000|  0%| F|  |TAMS 0x0000000744800000, 0x0000000744800000| Untracked 
|  32|0x0000000744a00000, 0x0000000744a00000, 0x0000000744c00000|  0%| F|  |TAMS 0x0000000744a00000, 0x0000000744a00000| Untracked 
|  33|0x0000000744c00000, 0x0000000744c00000, 0x0000000744e00000|  0%| F|  |TAMS 0x0000000744c00000, 0x0000000744c00000| Untracked 
|  34|0x0000000744e00000, 0x0000000744e00000, 0x0000000745000000|  0%| F|  |TAMS 0x0000000744e00000, 0x0000000744e00000| Untracked 
|  35|0x0000000745000000, 0x0000000745000000, 0x0000000745200000|  0%| F|  |TAMS 0x0000000745000000, 0x0000000745000000| Untracked 
|  36|0x0000000745200000, 0x0000000745200000, 0x0000000745400000|  0%| F|  |TAMS 0x0000000745200000, 0x0000000745200000| Untracked 
|  37|0x0000000745400000, 0x0000000745400000, 0x0000000745600000|  0%| F|  |TAMS 0x0000000745400000, 0x0000000745400000| Untracked 
|  38|0x0000000745600000, 0x0000000745600000, 0x0000000745800000|  0%| F|  |TAMS 0x0000000745600000, 0x0000000745600000| Untracked 
|  39|0x0000000745800000, 0x0000000745800000, 0x0000000745a00000|  0%| F|  |TAMS 0x0000000745800000, 0x0000000745800000| Untracked 
|  40|0x0000000745a00000, 0x0000000745a00000, 0x0000000745c00000|  0%| F|  |TAMS 0x0000000745a00000, 0x0000000745a00000| Untracked 
|  41|0x0000000745c00000, 0x0000000745c00000, 0x0000000745e00000|  0%| F|  |TAMS 0x0000000745c00000, 0x0000000745c00000| Untracked 
|  42|0x0000000745e00000, 0x0000000745e00000, 0x0000000746000000|  0%| F|  |TAMS 0x0000000745e00000, 0x0000000745e00000| Untracked 
|  43|0x0000000746000000, 0x0000000746000000, 0x0000000746200000|  0%| F|  |TAMS 0x0000000746000000, 0x0000000746000000| Untracked 
|  44|0x0000000746200000, 0x0000000746200000, 0x0000000746400000|  0%| F|  |TAMS 0x0000000746200000, 0x0000000746200000| Untracked 
|  45|0x0000000746400000, 0x0000000746400000, 0x0000000746600000|  0%| F|  |TAMS 0x0000000746400000, 0x0000000746400000| Untracked 
|  46|0x0000000746600000, 0x0000000746600000, 0x0000000746800000|  0%| F|  |TAMS 0x0000000746600000, 0x0000000746600000| Untracked 
|  47|0x0000000746800000, 0x0000000746800000, 0x0000000746a00000|  0%| F|  |TAMS 0x0000000746800000, 0x0000000746800000| Untracked 
|  48|0x0000000746a00000, 0x0000000746a00000, 0x0000000746c00000|  0%| F|  |TAMS 0x0000000746a00000, 0x0000000746a00000| Untracked 
|  49|0x0000000746c00000, 0x0000000746c00000, 0x0000000746e00000|  0%| F|  |TAMS 0x0000000746c00000, 0x0000000746c00000| Untracked 
|  50|0x0000000746e00000, 0x0000000746e00000, 0x0000000747000000|  0%| F|  |TAMS 0x0000000746e00000, 0x0000000746e00000| Untracked 
|  51|0x0000000747000000, 0x0000000747000000, 0x0000000747200000|  0%| F|  |TAMS 0x0000000747000000, 0x0000000747000000| Untracked 
|  52|0x0000000747200000, 0x0000000747200000, 0x0000000747400000|  0%| F|  |TAMS 0x0000000747200000, 0x0000000747200000| Untracked 
|  53|0x0000000747400000, 0x0000000747400000, 0x0000000747600000|  0%| F|  |TAMS 0x0000000747400000, 0x0000000747400000| Untracked 
|  54|0x0000000747600000, 0x0000000747600000, 0x0000000747800000|  0%| F|  |TAMS 0x0000000747600000, 0x0000000747600000| Untracked 
|  55|0x0000000747800000, 0x0000000747800000, 0x0000000747a00000|  0%| F|  |TAMS 0x0000000747800000, 0x0000000747800000| Untracked 
|  56|0x0000000747a00000, 0x0000000747a00000, 0x0000000747c00000|  0%| F|  |TAMS 0x0000000747a00000, 0x0000000747a00000| Untracked 
|  57|0x0000000747c00000, 0x0000000747c00000, 0x0000000747e00000|  0%| F|  |TAMS 0x0000000747c00000, 0x0000000747c00000| Untracked 
|  58|0x0000000747e00000, 0x0000000747e00000, 0x0000000748000000|  0%| F|  |TAMS 0x0000000747e00000, 0x0000000747e00000| Untracked 
|  59|0x0000000748000000, 0x0000000748000000, 0x0000000748200000|  0%| F|  |TAMS 0x0000000748000000, 0x0000000748000000| Untracked 
|  60|0x0000000748200000, 0x0000000748200000, 0x0000000748400000|  0%| F|  |TAMS 0x0000000748200000, 0x0000000748200000| Untracked 
|  61|0x0000000748400000, 0x0000000748400000, 0x0000000748600000|  0%| F|  |TAMS 0x0000000748400000, 0x0000000748400000| Untracked 
|  62|0x0000000748600000, 0x0000000748600000, 0x0000000748800000|  0%| F|  |TAMS 0x0000000748600000, 0x0000000748600000| Untracked 
|  63|0x0000000748800000, 0x0000000748800000, 0x0000000748a00000|  0%| F|  |TAMS 0x0000000748800000, 0x0000000748800000| Untracked 
|  64|0x0000000748a00000, 0x0000000748a00000, 0x0000000748c00000|  0%| F|  |TAMS 0x0000000748a00000, 0x0000000748a00000| Untracked 
|  65|0x0000000748c00000, 0x0000000748c00000, 0x0000000748e00000|  0%| F|  |TAMS 0x0000000748c00000, 0x0000000748c00000| Untracked 
|  66|0x0000000748e00000, 0x0000000748e00000, 0x0000000749000000|  0%| F|  |TAMS 0x0000000748e00000, 0x0000000748e00000| Untracked 
|  67|0x0000000749000000, 0x0000000749000000, 0x0000000749200000|  0%| F|  |TAMS 0x0000000749000000, 0x0000000749000000| Untracked 
|  68|0x0000000749200000, 0x0000000749200000, 0x0000000749400000|  0%| F|  |TAMS 0x0000000749200000, 0x0000000749200000| Untracked 
|  69|0x0000000749400000, 0x0000000749400000, 0x0000000749600000|  0%| F|  |TAMS 0x0000000749400000, 0x0000000749400000| Untracked 
|  70|0x0000000749600000, 0x0000000749600000, 0x0000000749800000|  0%| F|  |TAMS 0x0000000749600000, 0x0000000749600000| Untracked 
|  71|0x0000000749800000, 0x0000000749800000, 0x0000000749a00000|  0%| F|  |TAMS 0x0000000749800000, 0x0000000749800000| Untracked 
|  72|0x0000000749a00000, 0x0000000749a00000, 0x0000000749c00000|  0%| F|  |TAMS 0x0000000749a00000, 0x0000000749a00000| Untracked 
|  73|0x0000000749c00000, 0x0000000749c00000, 0x0000000749e00000|  0%| F|  |TAMS 0x0000000749c00000, 0x0000000749c00000| Untracked 
|  74|0x0000000749e00000, 0x0000000749e00000, 0x000000074a000000|  0%| F|  |TAMS 0x0000000749e00000, 0x0000000749e00000| Untracked 
|  75|0x000000074a000000, 0x000000074a000000, 0x000000074a200000|  0%| F|  |TAMS 0x000000074a000000, 0x000000074a000000| Untracked 
|  76|0x000000074a200000, 0x000000074a200000, 0x000000074a400000|  0%| F|  |TAMS 0x000000074a200000, 0x000000074a200000| Untracked 
|  77|0x000000074a400000, 0x000000074a400000, 0x000000074a600000|  0%| F|  |TAMS 0x000000074a400000, 0x000000074a400000| Untracked 
|  78|0x000000074a600000, 0x000000074a600000, 0x000000074a800000|  0%| F|  |TAMS 0x000000074a600000, 0x000000074a600000| Untracked 
|  79|0x000000074a800000, 0x000000074a800000, 0x000000074aa00000|  0%| F|  |TAMS 0x000000074a800000, 0x000000074a800000| Untracked 
|  80|0x000000074aa00000, 0x000000074aa00000, 0x000000074ac00000|  0%| F|  |TAMS 0x000000074aa00000, 0x000000074aa00000| Untracked 
|  81|0x000000074ac00000, 0x000000074ac00000, 0x000000074ae00000|  0%| F|  |TAMS 0x000000074ac00000, 0x000000074ac00000| Untracked 
|  82|0x000000074ae00000, 0x000000074ae00000, 0x000000074b000000|  0%| F|  |TAMS 0x000000074ae00000, 0x000000074ae00000| Untracked 
|  83|0x000000074b000000, 0x000000074b200000, 0x000000074b200000|100%| S|CS|TAMS 0x000000074b000000, 0x000000074b000000| Complete 
|  84|0x000000074b200000, 0x000000074b400000, 0x000000074b400000|100%| S|CS|TAMS 0x000000074b200000, 0x000000074b200000| Complete 
|  85|0x000000074b400000, 0x000000074b400000, 0x000000074b600000|  0%| F|  |TAMS 0x000000074b400000, 0x000000074b400000| Untracked 
|  86|0x000000074b600000, 0x000000074b600000, 0x000000074b800000|  0%| F|  |TAMS 0x000000074b600000, 0x000000074b600000| Untracked 
|  87|0x000000074b800000, 0x000000074b800000, 0x000000074ba00000|  0%| F|  |TAMS 0x000000074b800000, 0x000000074b800000| Untracked 
|  88|0x000000074ba00000, 0x000000074ba00000, 0x000000074bc00000|  0%| F|  |TAMS 0x000000074ba00000, 0x000000074ba00000| Untracked 
|  89|0x000000074bc00000, 0x000000074bc00000, 0x000000074be00000|  0%| F|  |TAMS 0x000000074bc00000, 0x000000074bc00000| Untracked 
|  90|0x000000074be00000, 0x000000074be00000, 0x000000074c000000|  0%| F|  |TAMS 0x000000074be00000, 0x000000074be00000| Untracked 
|  91|0x000000074c000000, 0x000000074c000000, 0x000000074c200000|  0%| F|  |TAMS 0x000000074c000000, 0x000000074c000000| Untracked 
|  92|0x000000074c200000, 0x000000074c200000, 0x000000074c400000|  0%| F|  |TAMS 0x000000074c200000, 0x000000074c200000| Untracked 
|  93|0x000000074c400000, 0x000000074c400000, 0x000000074c600000|  0%| F|  |TAMS 0x000000074c400000, 0x000000074c400000| Untracked 
|  94|0x000000074c600000, 0x000000074c7fb350, 0x000000074c800000| 99%| E|  |TAMS 0x000000074c600000, 0x000000074c600000| Complete 
|  95|0x000000074c800000, 0x000000074ca00000, 0x000000074ca00000|100%| E|CS|TAMS 0x000000074c800000, 0x000000074c800000| Complete 

Card table byte_map: [0x0000016efb6a0000,0x0000016efbca0000] _byte_map_base: 0x0000016ef7c9b000

Marking Bits (Prev, Next): (CMBitMap*) 0x0000016ef354b970, (CMBitMap*) 0x0000016ef354b9b0
 Prev Bits: [0x0000016efc2a0000, 0x0000016eff278000)
 Next Bits: [0x0000016e8f000000, 0x0000016e91fd8000)

Polling page: 0x0000016ef2cc0000

Metaspace:

Usage:
  Non-class:      5.29 MB used.
      Class:    697.49 KB used.
       Both:      5.97 MB used.

Virtual space:
  Non-class space:        8.00 MB reserved,       5.31 MB ( 66%) committed,  1 nodes.
      Class space:        1.00 GB reserved,     768.00 KB ( <1%) committed,  1 nodes.
             Both:        1.01 GB reserved,       6.06 MB ( <1%) committed. 

Chunk freelists:
   Non-Class:  1.61 MB
       Class:  3.10 MB
        Both:  4.71 MB

MaxMetaspaceSize: unlimited
CompressedClassSpaceSize: 1.00 GB
Initial GC threshold: 21.00 MB
Current GC threshold: 21.00 MB
CDS: on
MetaspaceReclaimPolicy: balanced
 - commit_granule_bytes: 65536.
 - commit_granule_words: 8192.
 - virtual_space_node_default_size: 1048576.
 - enlarge_chunks_in_place: 1.
 - new_chunks_are_fully_committed: 0.
 - uncommit_free_chunks: 1.
 - use_allocation_guard: 0.
 - handle_deallocations: 1.


Internal statistics:

num_allocs_failed_limit: 0.
num_arena_births: 46.
num_arena_deaths: 0.
num_vsnodes_births: 2.
num_vsnodes_deaths: 0.
num_space_committed: 97.
num_space_uncommitted: 0.
num_chunks_returned_to_freelist: 0.
num_chunks_taken_from_freelist: 192.
num_chunk_merges: 0.
num_chunk_splits: 115.
num_chunks_enlarged: 89.
num_purges: 0.
num_inconsistent_stats: 0.

CodeHeap 'non-profiled nmethods': size=120000Kb used=476Kb max_used=476Kb free=119523Kb
 bounds [0x0000016e87ad0000, 0x0000016e87d40000, 0x0000016e8f000000]
CodeHeap 'profiled nmethods': size=120000Kb used=2084Kb max_used=2084Kb free=117915Kb
 bounds [0x0000016e805a0000, 0x0000016e80810000, 0x0000016e87ad0000]
CodeHeap 'non-nmethods': size=5760Kb used=1147Kb max_used=1195Kb free=4613Kb
 bounds [0x0000016e80000000, 0x0000016e80270000, 0x0000016e805a0000]
 total_blobs=1560 nmethods=1124 adapters=349
 compilation: enabled
              stopped_count=0, restarted_count=0
 full_count=0

Compilation events (20 events):
Event: 1.216 Thread 0x0000016effcee6b0 1117       3       jdk.internal.org.objectweb.asm.MethodWriter::endCurrentBasicBlockWithNoSuccessor (94 bytes)
Event: 1.216 Thread 0x0000016effcee6b0 nmethod 1117 0x0000016e807a4310 code [0x0000016e807a4500, 0x0000016e807a4ba8]
Event: 1.218 Thread 0x0000016effcee6b0 1118       3       sun.invoke.util.Wrapper::hashPrim (30 bytes)
Event: 1.218 Thread 0x0000016e94ba6460 1119       4       java.lang.System::getSecurityManager (12 bytes)
Event: 1.218 Thread 0x0000016e94ba6460 nmethod 1119 0x0000016e87b46a90 code [0x0000016e87b46c00, 0x0000016e87b46c78]
Event: 1.219 Thread 0x0000016effcee6b0 nmethod 1118 0x0000016e807a4d90 code [0x0000016e807a5020, 0x0000016e807a5c48]
Event: 1.219 Thread 0x0000016effcee6b0 1120       3       jdk.internal.org.objectweb.asm.SymbolTable::addConstantNameAndType (137 bytes)
Event: 1.220 Thread 0x0000016effcee6b0 nmethod 1120 0x0000016e807a6110 code [0x0000016e807a6360, 0x0000016e807a6aa8]
Event: 1.220 Thread 0x0000016effcee6b0 1121       3       jdk.internal.org.objectweb.asm.SymbolTable$Entry::<init> (20 bytes)
Event: 1.220 Thread 0x0000016effcee6b0 nmethod 1121 0x0000016e807a6f10 code [0x0000016e807a70a0, 0x0000016e807a71e8]
Event: 1.221 Thread 0x0000016effcee6b0 1123       1       java.lang.invoke.LambdaForm$Name::index (5 bytes)
Event: 1.221 Thread 0x0000016effcee6b0 nmethod 1123 0x0000016e87b47090 code [0x0000016e87b47220, 0x0000016e87b472f8]
Event: 1.222 Thread 0x0000016effcee6b0 1124       3       java.lang.invoke.AbstractValidatingLambdaMetafactory::isAdaptableTo (126 bytes)
Event: 1.223 Thread 0x0000016effcee6b0 nmethod 1124 0x0000016e807a7290 code [0x0000016e807a7520, 0x0000016e807a7f68]
Event: 1.223 Thread 0x0000016effcee6b0 1127       3       java.lang.invoke.MethodTypeForm::cachedLambdaForm (23 bytes)
Event: 1.223 Thread 0x0000016effcee6b0 nmethod 1127 0x0000016e807a8310 code [0x0000016e807a84c0, 0x0000016e807a8828]
Event: 1.223 Thread 0x0000016effcee6b0 1125       3       java.lang.invoke.MethodHandles$Lookup::checkSymbolicClass (25 bytes)
Event: 1.223 Thread 0x0000016effcee6b0 nmethod 1125 0x0000016e807a8990 code [0x0000016e807a8b60, 0x0000016e807a8dc8]
Event: 1.223 Thread 0x0000016effcee6b0 1126       3       java.lang.invoke.MethodType::parameterSlotCount (8 bytes)
Event: 1.223 Thread 0x0000016effcee6b0 nmethod 1126 0x0000016e807a8f10 code [0x0000016e807a90a0, 0x0000016e807a91d8]

GC Heap History (2 events):
Event: 1.083 GC heap before
{Heap before GC invocations=0 (full 0):
 garbage-first heap   total 196608K, used 22528K [0x0000000740a00000, 0x0000000800000000)
  region size 2048K, 11 young (22528K), 0 survivors (0K)
 Metaspace       used 4978K, committed 5184K, reserved 1056768K
  class space    used 550K, committed 640K, reserved 1048576K
}
Event: 1.089 GC heap after
{Heap after GC invocations=1 (full 0):
 garbage-first heap   total 196608K, used 6688K [0x0000000740a00000, 0x0000000800000000)
  region size 2048K, 2 young (4096K), 2 survivors (4096K)
 Metaspace       used 4978K, committed 5184K, reserved 1056768K
  class space    used 550K, committed 640K, reserved 1048576K
}

Deoptimization events (20 events):
Event: 1.095 Thread 0x0000016e959d0ba0 Uncommon trap: trap_request=0xffffffc6 fr.pc=0x0000016e87b38db8 relative=0x0000000000001278
Event: 1.095 Thread 0x0000016e959d0ba0 Uncommon trap: reason=bimorphic_or_optimized_type_check action=maybe_recompile pc=0x0000016e87b38db8 method=java.util.HashMap.putVal(ILjava/lang/Object;Ljava/lang/Object;ZZ)Ljava/lang/Object; @ 56 c2
Event: 1.095 Thread 0x0000016e959d0ba0 DEOPT PACKING pc=0x0000016e87b38db8 sp=0x00000041b5efd6b0
Event: 1.095 Thread 0x0000016e959d0ba0 DEOPT UNPACKING pc=0x0000016e800523a3 sp=0x00000041b5efd5e0 mode 2
Event: 1.095 Thread 0x0000016e959d0ba0 Uncommon trap: trap_request=0xffffffc6 fr.pc=0x0000016e87b38db8 relative=0x0000000000001278
Event: 1.095 Thread 0x0000016e959d0ba0 Uncommon trap: reason=bimorphic_or_optimized_type_check action=maybe_recompile pc=0x0000016e87b38db8 method=java.util.HashMap.putVal(ILjava/lang/Object;Ljava/lang/Object;ZZ)Ljava/lang/Object; @ 56 c2
Event: 1.096 Thread 0x0000016e959d0ba0 DEOPT PACKING pc=0x0000016e87b38db8 sp=0x00000041b5efd6b0
Event: 1.096 Thread 0x0000016e959d0ba0 DEOPT UNPACKING pc=0x0000016e800523a3 sp=0x00000041b5efd5e0 mode 2
Event: 1.096 Thread 0x0000016e959d0ba0 Uncommon trap: trap_request=0xffffffc6 fr.pc=0x0000016e87b38db8 relative=0x0000000000001278
Event: 1.096 Thread 0x0000016e959d0ba0 Uncommon trap: reason=bimorphic_or_optimized_type_check action=maybe_recompile pc=0x0000016e87b38db8 method=java.util.HashMap.putVal(ILjava/lang/Object;Ljava/lang/Object;ZZ)Ljava/lang/Object; @ 56 c2
Event: 1.096 Thread 0x0000016e959d0ba0 DEOPT PACKING pc=0x0000016e87b38db8 sp=0x00000041b5efd6b0
Event: 1.096 Thread 0x0000016e959d0ba0 DEOPT UNPACKING pc=0x0000016e800523a3 sp=0x00000041b5efd5e0 mode 2
Event: 1.180 Thread 0x0000016e959d0ba0 Uncommon trap: trap_request=0xffffff45 fr.pc=0x0000016e87b3e7a8 relative=0x0000000000000a88
Event: 1.180 Thread 0x0000016e959d0ba0 Uncommon trap: reason=unstable_if action=reinterpret pc=0x0000016e87b3e7a8 method=java.util.HashMap.hash(Ljava/lang/Object;)I @ 1 c2
Event: 1.180 Thread 0x0000016e959d0ba0 DEOPT PACKING pc=0x0000016e87b3e7a8 sp=0x00000041b5efd620
Event: 1.180 Thread 0x0000016e959d0ba0 DEOPT UNPACKING pc=0x0000016e800523a3 sp=0x00000041b5efd5c0 mode 2
Event: 1.180 Thread 0x0000016e959d0ba0 Uncommon trap: trap_request=0xffffff45 fr.pc=0x0000016e87b3da18 relative=0x0000000000000098
Event: 1.180 Thread 0x0000016e959d0ba0 Uncommon trap: reason=unstable_if action=reinterpret pc=0x0000016e87b3da18 method=java.util.HashMap.hash(Ljava/lang/Object;)I @ 1 c2
Event: 1.180 Thread 0x0000016e959d0ba0 DEOPT PACKING pc=0x0000016e87b3da18 sp=0x00000041b5efd630
Event: 1.180 Thread 0x0000016e959d0ba0 DEOPT UNPACKING pc=0x0000016e800523a3 sp=0x00000041b5efd5c8 mode 2

Classes unloaded (0 events):
No events

Classes redefined (0 events):
No events

Internal exceptions (19 events):
Event: 0.334 Thread 0x0000016e94c18680 Exception <a 'java/lang/NoSuchMethodError'{0x000000074c34e000}: 'java.lang.Object java.lang.invoke.DirectMethodHandle$Holder.invokeStaticInit(java.lang.Object)'> (0x000000074c34e000) 
thrown [t:\workspace\open\src\hotspot\share\interpreter\linkResolver.cpp, line 766]
Event: 0.344 Thread 0x0000016e94c18680 Exception <a 'java/lang/NoSuchMethodError'{0x000000074c35bd28}: 'void java.lang.invoke.DirectMethodHandle$Holder.invokeStatic(java.lang.Object, java.lang.Object)'> (0x000000074c35bd28) 
thrown [t:\workspace\open\src\hotspot\share\interpreter\linkResolver.cpp, line 766]
Event: 0.426 Thread 0x0000016ef34f2360 Exception <a 'java/lang/ClassNotFoundException'{0x000000074c10dc98}: javax/smartcardio/CardPermission> (0x000000074c10dc98) 
thrown [t:\workspace\open\src\hotspot\share\classfile\systemDictionary.cpp, line 256]
Event: 0.432 Thread 0x0000016ef34f2360 Exception <a 'java/io/FileNotFoundException'{0x000000074c11c698}> (0x000000074c11c698) 
thrown [t:\workspace\open\src\hotspot\share\prims\jni.cpp, line 516]
Event: 0.627 Thread 0x0000016ef34f2360 Exception <a 'java/lang/NoSuchMethodError'{0x000000074bc761c8}: 'java.lang.Object java.lang.invoke.DirectMethodHandle$Holder.invokeSpecialIFC(java.lang.Object, java.lang.Object, java.lang.Object, java.lang.Object)'> (0x000000074bc761c8) 
thrown [t:\workspace\open\src\hotspot\share\interpreter\linkResolver.cpp, line 766]
Event: 0.671 Thread 0x0000016ef34f2360 Exception <a 'java/lang/NoSuchMethodError'{0x000000074bd27e08}: 'int java.lang.invoke.DirectMethodHandle$Holder.invokeStaticInit(java.lang.Object, java.lang.Object)'> (0x000000074bd27e08) 
thrown [t:\workspace\open\src\hotspot\share\interpreter\linkResolver.cpp, line 766]
Event: 0.801 Thread 0x0000016ef34f2360 Exception <a 'java/lang/NoSuchMethodError'{0x000000074bb3c1f0}: 'int java.lang.invoke.DirectMethodHandle$Holder.invokeStaticInit(java.lang.Object, java.lang.Object, java.lang.Object)'> (0x000000074bb3c1f0) 
thrown [t:\workspace\open\src\hotspot\share\interpreter\linkResolver.cpp, line 766]
Event: 0.824 Thread 0x0000016ef34f2360 Exception <a 'java/lang/NoSuchMethodError'{0x000000074bb925a0}: 'java.lang.Object java.lang.invoke.DirectMethodHandle$Holder.newInvokeSpecial(java.lang.Object, java.lang.Object, java.lang.Object, java.lang.Object, java.lang.Object)'> (0x000000074bb925a0) 
thrown [t:\workspace\open\src\hotspot\share\interpreter\linkResolver.cpp, line 766]
Event: 0.845 Thread 0x0000016ef34f2360 Exception <a 'java/lang/NoSuchMethodError'{0x000000074bbf7190}: 'void java.lang.invoke.DirectMethodHandle$Holder.invokeStatic(java.lang.Object, java.lang.Object, java.lang.Object)'> (0x000000074bbf7190) 
thrown [t:\workspace\open\src\hotspot\share\interpreter\linkResolver.cpp, line 766]
Event: 0.907 Thread 0x0000016ef34f2360 Exception <a 'java/lang/NoSuchMethodError'{0x000000074b90c458}: 'int java.lang.invoke.DirectMethodHandle$Holder.invokeSpecial(java.lang.Object, java.lang.Object, java.lang.Object)'> (0x000000074b90c458) 
thrown [t:\workspace\open\src\hotspot\share\interpreter\linkResolver.cpp, line 766]
Event: 1.000 Thread 0x0000016e965b5e70 Exception <a 'java/lang/NoSuchMethodError'{0x000000074b7eb710}: 'org.slf4j.impl.StaticMDCBinder org.slf4j.impl.StaticMDCBinder.getSingleton()'> (0x000000074b7eb710) 
thrown [t:\workspace\open\src\hotspot\share\interpreter\linkResolver.cpp, line 766]
Event: 1.092 Thread 0x0000016e959d0ba0 Exception <a 'sun/nio/fs/WindowsException'{0x000000074c807fa0}> (0x000000074c807fa0) 
thrown [t:\workspace\open\src\hotspot\share\prims\jni.cpp, line 516]
Event: 1.180 Thread 0x0000016e959d0ba0 Implicit null exception at 0x0000016e87b3dd5e to 0x0000016e87b3e78c
Event: 1.180 Thread 0x0000016e959d0ba0 Implicit null exception at 0x0000016e87b3d98f to 0x0000016e87b3da09
Event: 1.208 Thread 0x0000016e959d0ba0 Exception <a 'java/lang/NoSuchMethodError'{0x000000074c76a998}: 'void java.lang.invoke.DirectMethodHandle$Holder.invokeStatic(java.lang.Object, java.lang.Object, java.lang.Object, java.lang.Object)'> (0x000000074c76a998) 
thrown [t:\workspace\open\src\hotspot\share\interpreter\linkResolver.cpp, line 766]
Event: 1.214 Thread 0x0000016e959d0ba0 Exception <a 'java/lang/NoSuchMethodError'{0x000000074c78b2f8}: 'java.lang.Object java.lang.invoke.Invokers$Holder.invokeExact_MT(java.lang.Object, java.lang.Object, java.lang.Object, java.lang.Object, java.lang.Object, java.lang.Object)'> (0x000000074c78b2f8) 
thrown [t:\workspace\open\src\hotspot\share\interpreter\linkResolver.cpp, line 766]
Event: 1.217 Thread 0x0000016e959d0ba0 Exception <a 'java/lang/NoSuchMethodError'{0x000000074c795b68}: 'void java.lang.invoke.DirectMethodHandle$Holder.invokeStaticInit(java.lang.Object, java.lang.Object, java.lang.Object, java.lang.Object)'> (0x000000074c795b68) 
thrown [t:\workspace\open\src\hotspot\share\interpreter\linkResolver.cpp, line 766]
Event: 1.221 Thread 0x0000016e959d0ba0 Exception <a 'java/lang/NoSuchMethodError'{0x000000074c7a8aa8}: 'java.lang.Object java.lang.invoke.DirectMethodHandle$Holder.invokeInterface(java.lang.Object, java.lang.Object, java.lang.Object)'> (0x000000074c7a8aa8) 
thrown [t:\workspace\open\src\hotspot\share\interpreter\linkResolver.cpp, line 766]
Event: 1.221 Thread 0x0000016e959d0ba0 Exception <a 'java/lang/IncompatibleClassChangeError'{0x000000074c7ac610}: Found class java.lang.Object, but interface was expected> (0x000000074c7ac610) 
thrown [t:\workspace\open\src\hotspot\share\interpreter\linkResolver.cpp, line 833]

VM Operations (14 events):
Event: 0.181 Executing VM operation: HandshakeAllThreads
Event: 0.181 Executing VM operation: HandshakeAllThreads done
Event: 0.332 Executing VM operation: HandshakeAllThreads
Event: 0.332 Executing VM operation: HandshakeAllThreads done
Event: 0.536 Executing VM operation: HandshakeAllThreads
Event: 0.536 Executing VM operation: HandshakeAllThreads done
Event: 0.606 Executing VM operation: HandshakeAllThreads
Event: 0.607 Executing VM operation: HandshakeAllThreads done
Event: 1.049 Executing VM operation: ICBufferFull
Event: 1.049 Executing VM operation: ICBufferFull done
Event: 1.082 Executing VM operation: G1CollectForAllocation
Event: 1.089 Executing VM operation: G1CollectForAllocation done
Event: 1.094 Executing VM operation: HandshakeAllThreads
Event: 1.094 Executing VM operation: HandshakeAllThreads done

Events (20 events):
Event: 1.193 loading class sun/reflect/generics/tree/CharSignature
Event: 1.193 loading class sun/reflect/generics/tree/CharSignature done
Event: 1.194 loading class sun/reflect/generics/tree/ArrayTypeSignature
Event: 1.194 loading class sun/reflect/generics/tree/ArrayTypeSignature done
Event: 1.195 loading class java/net/UnknownHostException
Event: 1.195 loading class java/net/UnknownHostException done
Event: 1.204 loading class sun/reflect/generics/tree/ByteSignature
Event: 1.204 loading class sun/reflect/generics/tree/ByteSignature done
Event: 1.216 loading class java/util/Collections$ReverseComparator
Event: 1.216 loading class java/util/Collections$ReverseComparator done
Event: 1.216 loading class java/util/Comparators$NaturalOrderComparator
Event: 1.216 loading class java/util/Comparators$NaturalOrderComparator done
Event: 1.216 loading class java/util/Collections$ReverseComparator2
Event: 1.216 loading class java/util/Collections$ReverseComparator2 done
Event: 1.225 loading class java/util/Collections$UnmodifiableMap$UnmodifiableEntrySet
Event: 1.225 loading class java/util/Collections$UnmodifiableMap$UnmodifiableEntrySet done
Event: 1.225 loading class java/util/Collections$UnmodifiableMap$UnmodifiableEntrySet$1
Event: 1.225 loading class java/util/Collections$UnmodifiableMap$UnmodifiableEntrySet$1 done
Event: 1.225 loading class java/util/Collections$UnmodifiableMap$UnmodifiableEntrySet$UnmodifiableEntry
Event: 1.225 loading class java/util/Collections$UnmodifiableMap$UnmodifiableEntrySet$UnmodifiableEntry done


Dynamic libraries:
0x00007ff7071b0000 - 0x00007ff7071c0000 	C:\Program Files\Java\jdk-17.0.3.1\bin\java.exe
0x00007ff825f30000 - 0x00007ff826125000 	C:\WINDOWS\SYSTEM32\ntdll.dll
0x00007ff812550000 - 0x00007ff812566000 	C:\Program Files (x86)\AVG\Antivirus\aswhook.dll
0x00007ff8258d0000 - 0x00007ff82598d000 	C:\WINDOWS\System32\KERNEL32.DLL
0x00007ff822fa0000 - 0x00007ff82326d000 	C:\WINDOWS\System32\KERNELBASE.dll
0x00007ff822e70000 - 0x00007ff822f70000 	C:\WINDOWS\System32\ucrtbase.dll
0x00007ff8174a0000 - 0x00007ff8174b8000 	C:\Program Files\Java\jdk-17.0.3.1\bin\jli.dll
0x00007ff814ed0000 - 0x00007ff814eea000 	C:\Program Files\Java\jdk-17.0.3.1\bin\VCRUNTIME140.dll
0x00007ff825e40000 - 0x00007ff825eee000 	C:\WINDOWS\System32\ADVAPI32.dll
0x00007ff825200000 - 0x00007ff82529e000 	C:\WINDOWS\System32\msvcrt.dll
0x00007ff825830000 - 0x00007ff8258cc000 	C:\WINDOWS\System32\sechost.dll
0x00007ff824590000 - 0x00007ff8246b5000 	C:\WINDOWS\System32\RPCRT4.dll
0x00007ff825310000 - 0x00007ff8254b0000 	C:\WINDOWS\System32\USER32.dll
0x00007ff822c80000 - 0x00007ff822ca2000 	C:\WINDOWS\System32\win32u.dll
0x00007ff81ab20000 - 0x00007ff81adba000 	C:\WINDOWS\WinSxS\amd64_microsoft.windows.common-controls_6595b64144ccf1df_6.0.19041.1110_none_60b5254171f9507e\COMCTL32.dll
0x00007ff825e10000 - 0x00007ff825e3a000 	C:\WINDOWS\System32\GDI32.dll
0x00007ff822cb0000 - 0x00007ff822dbb000 	C:\WINDOWS\System32\gdi32full.dll
0x00007ff822dd0000 - 0x00007ff822e6d000 	C:\WINDOWS\System32\msvcp_win.dll
0x00007ff81b910000 - 0x00007ff81b91a000 	C:\WINDOWS\SYSTEM32\VERSION.dll
0x00007ff825540000 - 0x00007ff825570000 	C:\WINDOWS\System32\IMM32.DLL
0x00007ff81dd30000 - 0x00007ff81dd3c000 	C:\Program Files\Java\jdk-17.0.3.1\bin\vcruntime140_1.dll
0x00007ff8067a0000 - 0x00007ff80682d000 	C:\Program Files\Java\jdk-17.0.3.1\bin\msvcp140.dll
0x00007fffe99f0000 - 0x00007fffea5b0000 	C:\Program Files\Java\jdk-17.0.3.1\bin\server\jvm.dll
0x00007ff8246c0000 - 0x00007ff8246c8000 	C:\WINDOWS\System32\PSAPI.DLL
0x00007ff810c30000 - 0x00007ff810c39000 	C:\WINDOWS\SYSTEM32\WSOCK32.dll
0x00007ff81b670000 - 0x00007ff81b697000 	C:\WINDOWS\SYSTEM32\WINMM.dll
0x00007ff8252a0000 - 0x00007ff82530b000 	C:\WINDOWS\System32\WS2_32.dll
0x00007ff820b20000 - 0x00007ff820b32000 	C:\WINDOWS\SYSTEM32\kernel.appcore.dll
0x00007ff81d8e0000 - 0x00007ff81d8ea000 	C:\Program Files\Java\jdk-17.0.3.1\bin\jimage.dll
0x00007ff81b100000 - 0x00007ff81b2e4000 	C:\WINDOWS\SYSTEM32\DBGHELP.DLL
0x00007ff81b0d0000 - 0x00007ff81b0fc000 	C:\WINDOWS\SYSTEM32\dbgcore.DLL
0x00007ff8233d0000 - 0x00007ff823452000 	C:\WINDOWS\System32\bcryptPrimitives.dll
0x00007ff815040000 - 0x00007ff81504e000 	C:\Program Files\Java\jdk-17.0.3.1\bin\instrument.dll
0x00007ff8146d0000 - 0x00007ff8146f5000 	C:\Program Files\Java\jdk-17.0.3.1\bin\java.dll
0x00007ffff8db0000 - 0x00007ffff8e86000 	C:\Program Files\Java\jdk-17.0.3.1\bin\jsvml.dll
0x00007ff824990000 - 0x00007ff8250d4000 	C:\WINDOWS\System32\SHELL32.dll
0x00007ff820d20000 - 0x00007ff8214b4000 	C:\WINDOWS\SYSTEM32\windows.storage.dll
0x00007ff823ba0000 - 0x00007ff823ef4000 	C:\WINDOWS\System32\combase.dll
0x00007ff8225e0000 - 0x00007ff82260c000 	C:\WINDOWS\SYSTEM32\Wldp.dll
0x00007ff823f00000 - 0x00007ff823fad000 	C:\WINDOWS\System32\SHCORE.dll
0x00007ff823630000 - 0x00007ff823685000 	C:\WINDOWS\System32\shlwapi.dll
0x00007ff822b90000 - 0x00007ff822baf000 	C:\WINDOWS\SYSTEM32\profapi.dll
0x00007ff80c910000 - 0x00007ff80c928000 	C:\Program Files\Java\jdk-17.0.3.1\bin\zip.dll
0x00007ff8144f0000 - 0x00007ff814509000 	C:\Program Files\Java\jdk-17.0.3.1\bin\net.dll
0x00007ff811fe0000 - 0x00007ff8120ea000 	C:\WINDOWS\SYSTEM32\WINHTTP.dll
0x00007ff8223b0000 - 0x00007ff82241a000 	C:\WINDOWS\system32\mswsock.dll
0x00007ff812ce0000 - 0x00007ff812cf6000 	C:\Program Files\Java\jdk-17.0.3.1\bin\nio.dll
0x00007ff80c710000 - 0x00007ff80c72a000 	C:\Users\Claudia Layrisse\AppData\Local\JetBrains\Toolbox\apps\IDEA-C\ch-0\221.5591.52\bin\breakgen64.dll
0x00007ff817490000 - 0x00007ff8174a0000 	C:\Program Files\Java\jdk-17.0.3.1\bin\verify.dll
0x00007ff814f20000 - 0x00007ff814f29000 	C:\Program Files\Java\jdk-17.0.3.1\bin\management.dll
0x00007ff814e70000 - 0x00007ff814e7b000 	C:\Program Files\Java\jdk-17.0.3.1\bin\management_ext.dll

dbghelp: loaded successfully - version: 4.0.5 - missing functions: none
symbol engine: initialized successfully - sym options: 0x614 - pdb path: .;C:\Program Files\Java\jdk-17.0.3.1\bin;C:\WINDOWS\SYSTEM32;C:\Program Files (x86)\AVG\Antivirus;C:\WINDOWS\WinSxS\amd64_microsoft.windows.common-controls_6595b64144ccf1df_6.0.19041.1110_none_60b5254171f9507e;C:\Program Files\Java\jdk-17.0.3.1\bin\server;C:\Users\Claudia Layrisse\AppData\Local\JetBrains\Toolbox\apps\IDEA-C\ch-0\221.5591.52\bin

VM Arguments:
jvm_args: -javaagent:C:\Users\Claudia Layrisse\AppData\Local\JetBrains\Toolbox\apps\IDEA-C\ch-0\221.5591.52\lib\idea_rt.jar=49857:C:\Users\Claudia Layrisse\AppData\Local\JetBrains\Toolbox\apps\IDEA-C\ch-0\221.5591.52\bin -Dfile.encoding=UTF-8 
java_command: com.project.bankapi.BankApiApplication
java_class_path (initial): C:\Users\Claudia Layrisse\Desktop\ironhack\java\java-bank-api\bank-api\target\classes;C:\Users\Claudia Layrisse\.m2\repository\org\springframework\boot\spring-boot-starter-data-jpa\2.7.0\spring-boot-starter-data-jpa-2.7.0.jar;C:\Users\Claudia Layrisse\.m2\repository\org\springframework\boot\spring-boot-starter-aop\2.7.0\spring-boot-starter-aop-2.7.0.jar;C:\Users\Claudia Layrisse\.m2\repository\org\aspectj\aspectjweaver\1.9.7\aspectjweaver-1.9.7.jar;C:\Users\Claudia Layrisse\.m2\repository\org\springframework\boot\spring-boot-starter-jdbc\2.7.0\spring-boot-starter-jdbc-2.7.0.jar;C:\Users\Claudia Layrisse\.m2\repository\com\zaxxer\HikariCP\4.0.3\HikariCP-4.0.3.jar;C:\Users\Claudia Layrisse\.m2\repository\org\springframework\spring-jdbc\5.3.20\spring-jdbc-5.3.20.jar;C:\Users\Claudia Layrisse\.m2\repository\jakarta\transaction\jakarta.transaction-api\1.3.3\jakarta.transaction-api-1.3.3.jar;C:\Users\Claudia Layrisse\.m2\repository\jakarta\persistence\jakarta.persistence-api\2.2.3\jakarta.persistence-api-2.2.3.jar;C:\Users\Claudia Layrisse\.m2\repository\org\hibernate\hibernate-core\5.6.9.Final\hibernate-core-5.6.9.Final.jar;C:\Users\Claudia Layrisse\.m2\repository\org\jboss\logging\jboss-logging\3.4.3.Final\jboss-logging-3.4.3.Final.jar;C:\Users\Claudia Layrisse\.m2\repository\net\bytebuddy\byte-buddy\1.12.10\byte-buddy-1.12.10.jar;C:\Users\Claudia Layrisse\.m2\repository\antlr\antlr\2.7.7\antlr-2.7.7.jar;C:\Users\Claudia Layrisse\.m2\repository\org\jboss\jandex\2.4.2.Final\jandex-2.4.2.Final.jar;C:\Users\Claudia Layrisse\.m2\repository\com\fasterxml\classmate\1.5.1\classmate-1.5.1.jar;C:\Users\Claudia Layrisse\.m2\repository\org\hibernate\common\hibernate-commons-annotations\5.1.2.Final\hibernate-commons-annotations-5.1.2.Final.jar;C:\Users\Claudia Layrisse\.m2\repository\org\glassfish\jaxb\jaxb-runtime\2.3.6\jaxb-runtime-2.3.6.jar;C:\Users\Claudia Layrisse\.m2\repository\org\glassfish\jaxb\txw2\2.3.6\txw2-2.3.6.jar;C:\Users\Claudia Layrisse
Launcher Type: SUN_STANDARD

[Global flags]
     intx CICompilerCount                          = 4                                         {product} {ergonomic}
     uint ConcGCThreads                            = 2                                         {product} {ergonomic}
     uint G1ConcRefinementThreads                  = 8                                         {product} {ergonomic}
   size_t G1HeapRegionSize                         = 2097152                                   {product} {ergonomic}
    uintx GCDrainStackTargetSize                   = 64                                        {product} {ergonomic}
   size_t InitialHeapSize                          = 201326592                                 {product} {ergonomic}
   size_t MarkStackSize                            = 4194304                                   {product} {ergonomic}
   size_t MaxHeapSize                              = 3210739712                                {product} {ergonomic}
   size_t MaxNewSize                               = 1925185536                                {product} {ergonomic}
   size_t MinHeapDeltaBytes                        = 2097152                                   {product} {ergonomic}
   size_t MinHeapSize                              = 8388608                                   {product} {ergonomic}
    uintx NonNMethodCodeHeapSize                   = 5839372                                {pd product} {ergonomic}
    uintx NonProfiledCodeHeapSize                  = 122909434                              {pd product} {ergonomic}
    uintx ProfiledCodeHeapSize                     = 122909434                              {pd product} {ergonomic}
    uintx ReservedCodeCacheSize                    = 251658240                              {pd product} {ergonomic}
     bool SegmentedCodeCache                       = true                                      {product} {ergonomic}
   size_t SoftMaxHeapSize                          = 3210739712                             {manageable} {ergonomic}
     bool UseCompressedClassPointers               = true                           {product lp64_product} {ergonomic}
     bool UseCompressedOops                        = true                           {product lp64_product} {ergonomic}
     bool UseG1GC                                  = true                                      {product} {ergonomic}
     bool UseLargePagesIndividualAllocation        = false                                  {pd product} {ergonomic}

Logging:
Log output configuration:
 #0: stdout all=warning uptime,level,tags
 #1: stderr all=off uptime,level,tags

Environment Variables:
PATH=C:\Program Files\Common Files\Oracle\Java\javapath;C:\Program Files (x86)\NVIDIA Corporation\PhysX\Common;C:\Program Files (x86)\Intel\iCLS Client\;C:\Program Files\Intel\iCLS Client\;C:\Program Files\Common Files\Microsoft Shared\Windows Live;C:\Program Files (x86)\Common Files\Microsoft Shared\Windows Live;C:\WINDOWS\system32;C:\WINDOWS;C:\WINDOWS\System32\Wbem;C:\WINDOWS\System32\WindowsPowerShell\v1.0\;C:\Program Files (x86)\Windows Live\Shared;C:\Program Files\Intel\Intel(R) Management Engine Components\DAL;C:\Program Files\Intel\Intel(R) Management Engine Components\IPT;C:\Program Files (x86)\Intel\Intel(R) Management Engine Components\DAL;C:\Program Files (x86)\Intel\Intel(R) Management Engine Components\IPT;C:\Program Files (x86)\Autodesk\Backburner\;C:\Program Files\Common Files\Autodesk Shared\;C:\Program Files (x86)\Common Files\Autodesk Shared\;C:\Program Files (x86)\QuickTime\QTSystem\;C:\WINDOWS\System32\OpenSSH\;C:\Program Files\nodejs\;C:\Program Files\Git\cmd;C:\Program Files\PuTTY\;C:\Program Files\Amazon\AWSCLIV2\;C:\Program Files (x86)\Calibre2\;C:\Users\Claudia Layrisse\AppData\Local\Programs\Python\Python39\Scripts\;C:\Users\Claudia Layrisse\AppData\Local\Programs\Python\Python39\;C:\Users\Claudia Layrisse\AppData\Local\Programs\Microsoft VS Code\bin;C:\Users\Claudia Layrisse\AppData\Local\Microsoft\WindowsApps;C:\Users\Claudia Layrisse\AppData\Roaming\npm;C:\Program Files\heroku\bin
USERNAME=Claudia Layrisse
OS=Windows_NT
PROCESSOR_IDENTIFIER=Intel64 Family 6 Model 58 Stepping 9, GenuineIntel



---------------  S Y S T E M  ---------------

OS:
 Windows 10 , 64 bit Build 19041 (10.0.19041.1706)
OS uptime: 8 days 4:53 hours
Hyper-V role detected

CPU: total 8 (initial active 8) (4 cores per cpu, 2 threads per core) family 6 model 58 stepping 9 microcode 0x21, cx8, cmov, fxsr, ht, mmx, sse, sse2, sse3, ssse3, sse4.1, sse4.2, popcnt, tsc, tscinvbit, avx, aes, erms, clmul, vzeroupper, clflush, hv

Memory: 4k page, system-wide physical 12247M (4112M free)
TotalPageFile size 13147M (AvailPageFile size 5M)
current process WorkingSet (physical memory assigned to process): 96M, peak: 96M
current process commit charge ("private bytes"): 309M, peak: 309M

vm_info: Java HotSpot(TM) 64-Bit Server VM (17.0.3.1+2-LTS-6) for windows-amd64 JRE (17.0.3.1+2-LTS-6), built on Apr 25 2022 22:04:21 by "mach5one" with MS VC++ 16.8 / 16.9 (VS2019)

END.
