#
# There is insufficient memory for the Java Runtime Environment to continue.
# Native memory allocation (malloc) failed to allocate 1246976 bytes for Chunk::new
# Possible reasons:
#   The system is out of physical RAM or swap space
#   The process is running with CompressedOops enabled, and the Java Heap may be blocking the growth of the native heap
# Possible solutions:
#   Reduce memory load on the system
#   Increase physical memory or swap space
#   Check if swap backing store is full
#   Decrease Java heap size (-Xmx/-Xms)
#   Decrease number of Java threads
#   Decrease Java thread stack sizes (-Xss)
#   Set larger code cache with -XX:ReservedCodeCacheSize=
#   JVM is running with Zero Based Compressed Oops mode in which the Java heap is
#     placed in the first 32GB address space. The Java Heap base address is the
#     maximum limit for the native heap growth. Please use -XX:HeapBaseMinAddress
#     to set the Java Heap base and to place the Java Heap above 32GB virtual address.
# This output file may be truncated or incomplete.
#
#  Out of Memory Error (arena.cpp:189), pid=6272, tid=8464
#
# JRE version: Java(TM) SE Runtime Environment (17.0.3.1+2) (build 17.0.3.1+2-LTS-6)
# Java VM: Java HotSpot(TM) 64-Bit Server VM (17.0.3.1+2-LTS-6, mixed mode, sharing, tiered, compressed oops, compressed class ptrs, g1 gc, windows-amd64)
# No core dump will be written. Minidumps are not enabled by default on client versions of Windows
#

---------------  S U M M A R Y ------------

Command Line: -javaagent:C:\Users\Claudia Layrisse\AppData\Local\JetBrains\Toolbox\apps\IDEA-C\ch-0\221.5591.52\lib\idea_rt.jar=64379:C:\Users\Claudia Layrisse\AppData\Local\JetBrains\Toolbox\apps\IDEA-C\ch-0\221.5591.52\bin -Dfile.encoding=UTF-8 com.project.bankapi.BankApiApplication

Host: Intel(R) Core(TM) i7-3610QM CPU @ 2.30GHz, 8 cores, 11G,  Windows 10 , 64 bit Build 19041 (10.0.19041.1706)
Time: Wed Jun 15 16:37:42 2022 Romance Daylight Time elapsed time: 2.401650 seconds (0d 0h 0m 2s)

---------------  T H R E A D  ---------------

Current thread (0x000001fde3129740):  JavaThread "C2 CompilerThread0" daemon [_thread_in_native, id=8464, stack(0x00000093b0f00000,0x00000093b1000000)]


Current CompileTask:
C2:   2420 1894       4       jdk.internal.org.objectweb.asm.Frame::execute (2305 bytes)

Stack: [0x00000093b0f00000,0x00000093b1000000]
Native frames: (J=compiled Java code, j=interpreted, Vv=VM code, C=native code)
V  [jvm.dll+0x6711ba]
V  [jvm.dll+0x7d0834]
V  [jvm.dll+0x7d1fde]
V  [jvm.dll+0x7d2643]
V  [jvm.dll+0x242c85]
V  [jvm.dll+0xaa57b]
V  [jvm.dll+0xaab0c]
V  [jvm.dll+0x35ff77]
V  [jvm.dll+0x1b9ca8]
V  [jvm.dll+0x215eb9]
V  [jvm.dll+0x215181]
V  [jvm.dll+0x1a1c3d]
V  [jvm.dll+0x2249c8]
V  [jvm.dll+0x222b2c]
V  [jvm.dll+0x78650b]
V  [jvm.dll+0x780aca]
V  [jvm.dll+0x670045]
C  [ucrtbase.dll+0x21bb2]
C  [KERNEL32.DLL+0x17034]
C  [ntdll.dll+0x52651]


---------------  P R O C E S S  ---------------

Threads class SMR info:
_java_thread_list=0x000001fde62894b0, length=16, elements={
0x000001fdc29526c0, 0x000001fde310a6b0, 0x000001fde310b520, 0x000001fde311c750,
0x000001fde3121130, 0x000001fde3122af0, 0x000001fde31234a0, 0x000001fde3129740,
0x000001fde31321f0, 0x000001fde313e2e0, 0x000001fde30f5ae0, 0x000001fde3ddb140,
0x000001fde3d49430, 0x000001fde3e7cb60, 0x000001fde5970ca0, 0x000001fde52053d0
}

Java Threads: ( => current thread )
  0x000001fdc29526c0 JavaThread "main" [_thread_blocked, id=17804, stack(0x00000093b0200000,0x00000093b0300000)]
  0x000001fde310a6b0 JavaThread "Reference Handler" daemon [_thread_blocked, id=15460, stack(0x00000093b0900000,0x00000093b0a00000)]
  0x000001fde67a00d0 
[error occurred during error reporting (printing all threads), id 0xc0000005, EXCEPTION_ACCESS_VIOLATION (0xc0000005) at pc=0x00007fffea1759ab]

VM state: not at safepoint (normal execution)

VM Mutex/Monitor currently owned by a thread: None

Heap address: 0x0000000740a00000, size: 3062 MB, Compressed Oops mode: Zero based, Oop shift amount: 3

CDS archive(s) mapped at: [0x0000000800000000-0x0000000800bc0000-0x0000000800bc0000), size 12320768, SharedBaseAddress: 0x0000000800000000, ArchiveRelocationMode: 0.
Compressed class space mapped at: 0x0000000800c00000-0x0000000840c00000, reserved size: 1073741824
Narrow klass base: 0x0000000800000000, Narrow klass shift: 0, Narrow klass range: 0x100000000

GC Precious Log:
 CPUs: 8 total, 8 available
 Memory: 12247M
 Large Page Support: Disabled
 NUMA Support: Disabled
 Compressed Oops: Enabled (Zero based)
 Heap Region Size: 2M
 Heap Min Capacity: 8M
 Heap Initial Capacity: 192M
 Heap Max Capacity: 3062M
 Pre-touch: Disabled
 Parallel Workers: 8
 Concurrent Workers: 2
 Concurrent Refinement Workers: 8
 Periodic GC: Disabled

Heap:
 garbage-first heap   total 196608K, used 49496K [0x0000000740a00000, 0x0000000800000000)
  region size 2048K, 24 young (49152K), 2 survivors (4096K)
 Metaspace       used 19555K, committed 19776K, reserved 1073152K
  class space    used 2490K, committed 2624K, reserved 1048576K

Heap Regions: E=young(eden), S=young(survivor), O=old, HS=humongous(starts), HC=humongous(continues), CS=collection set, F=free, OA=open archive, CA=closed archive, TAMS=top-at-mark-start (previous, next)
|   0|0x0000000740a00000, 0x0000000740c00000, 0x0000000740c00000|100%| O|  |TAMS 0x0000000740a00000, 0x0000000740a00000| Untracked 
|   1|0x0000000740c00000, 0x0000000740e00000, 0x0000000740e00000|100%| O|  |TAMS 0x0000000740c00000, 0x0000000740c00000| Untracked 
|   2|0x0000000740e00000, 0x0000000741000000, 0x0000000741000000|100%| O|  |TAMS 0x0000000740e00000, 0x0000000740e00000| Untracked 
|   3|0x0000000741000000, 0x000000074104bc00, 0x0000000741200000| 14%| O|  |TAMS 0x0000000741000000, 0x0000000741000000| Untracked 
|   4|0x0000000741200000, 0x0000000741200000, 0x0000000741400000|  0%| F|  |TAMS 0x0000000741200000, 0x0000000741200000| Untracked 
|   5|0x0000000741400000, 0x0000000741400000, 0x0000000741600000|  0%| F|  |TAMS 0x0000000741400000, 0x0000000741400000| Untracked 
|   6|0x0000000741600000, 0x0000000741600000, 0x0000000741800000|  0%| F|  |TAMS 0x0000000741600000, 0x0000000741600000| Untracked 
|   7|0x0000000741800000, 0x0000000741800000, 0x0000000741a00000|  0%| F|  |TAMS 0x0000000741800000, 0x0000000741800000| Untracked 
|   8|0x0000000741a00000, 0x0000000741a00000, 0x0000000741c00000|  0%| F|  |TAMS 0x0000000741a00000, 0x0000000741a00000| Untracked 
|   9|0x0000000741c00000, 0x0000000741c00000, 0x0000000741e00000|  0%| F|  |TAMS 0x0000000741c00000, 0x0000000741c00000| Untracked 
|  10|0x0000000741e00000, 0x0000000741e00000, 0x0000000742000000|  0%| F|  |TAMS 0x0000000741e00000, 0x0000000741e00000| Untracked 
|  11|0x0000000742000000, 0x0000000742000000, 0x0000000742200000|  0%| F|  |TAMS 0x0000000742000000, 0x0000000742000000| Untracked 
|  12|0x0000000742200000, 0x0000000742200000, 0x0000000742400000|  0%| F|  |TAMS 0x0000000742200000, 0x0000000742200000| Untracked 
|  13|0x0000000742400000, 0x0000000742400000, 0x0000000742600000|  0%| F|  |TAMS 0x0000000742400000, 0x0000000742400000| Untracked 
|  14|0x0000000742600000, 0x0000000742600000, 0x0000000742800000|  0%| F|  |TAMS 0x0000000742600000, 0x0000000742600000| Untracked 
|  15|0x0000000742800000, 0x0000000742800000, 0x0000000742a00000|  0%| F|  |TAMS 0x0000000742800000, 0x0000000742800000| Untracked 
|  16|0x0000000742a00000, 0x0000000742a00000, 0x0000000742c00000|  0%| F|  |TAMS 0x0000000742a00000, 0x0000000742a00000| Untracked 
|  17|0x0000000742c00000, 0x0000000742c00000, 0x0000000742e00000|  0%| F|  |TAMS 0x0000000742c00000, 0x0000000742c00000| Untracked 
|  18|0x0000000742e00000, 0x0000000742e00000, 0x0000000743000000|  0%| F|  |TAMS 0x0000000742e00000, 0x0000000742e00000| Untracked 
|  19|0x0000000743000000, 0x0000000743000000, 0x0000000743200000|  0%| F|  |TAMS 0x0000000743000000, 0x0000000743000000| Untracked 
|  20|0x0000000743200000, 0x0000000743200000, 0x0000000743400000|  0%| F|  |TAMS 0x0000000743200000, 0x0000000743200000| Untracked 
|  21|0x0000000743400000, 0x0000000743400000, 0x0000000743600000|  0%| F|  |TAMS 0x0000000743400000, 0x0000000743400000| Untracked 
|  22|0x0000000743600000, 0x0000000743600000, 0x0000000743800000|  0%| F|  |TAMS 0x0000000743600000, 0x0000000743600000| Untracked 
|  23|0x0000000743800000, 0x0000000743800000, 0x0000000743a00000|  0%| F|  |TAMS 0x0000000743800000, 0x0000000743800000| Untracked 
|  24|0x0000000743a00000, 0x0000000743a00000, 0x0000000743c00000|  0%| F|  |TAMS 0x0000000743a00000, 0x0000000743a00000| Untracked 
|  25|0x0000000743c00000, 0x0000000743c00000, 0x0000000743e00000|  0%| F|  |TAMS 0x0000000743c00000, 0x0000000743c00000| Untracked 
|  26|0x0000000743e00000, 0x0000000743e00000, 0x0000000744000000|  0%| F|  |TAMS 0x0000000743e00000, 0x0000000743e00000| Untracked 
|  27|0x0000000744000000, 0x0000000744000000, 0x0000000744200000|  0%| F|  |TAMS 0x0000000744000000, 0x0000000744000000| Untracked 
|  28|0x0000000744200000, 0x0000000744200000, 0x0000000744400000|  0%| F|  |TAMS 0x0000000744200000, 0x0000000744200000| Untracked 
|  29|0x0000000744400000, 0x0000000744400000, 0x0000000744600000|  0%| F|  |TAMS 0x0000000744400000, 0x0000000744400000| Untracked 
|  30|0x0000000744600000, 0x0000000744600000, 0x0000000744800000|  0%| F|  |TAMS 0x0000000744600000, 0x0000000744600000| Untracked 
|  31|0x0000000744800000, 0x0000000744800000, 0x0000000744a00000|  0%| F|  |TAMS 0x0000000744800000, 0x0000000744800000| Untracked 
|  32|0x0000000744a00000, 0x0000000744a00000, 0x0000000744c00000|  0%| F|  |TAMS 0x0000000744a00000, 0x0000000744a00000| Untracked 
|  33|0x0000000744c00000, 0x0000000744c00000, 0x0000000744e00000|  0%| F|  |TAMS 0x0000000744c00000, 0x0000000744c00000| Untracked 
|  34|0x0000000744e00000, 0x0000000744e00000, 0x0000000745000000|  0%| F|  |TAMS 0x0000000744e00000, 0x0000000744e00000| Untracked 
|  35|0x0000000745000000, 0x0000000745000000, 0x0000000745200000|  0%| F|  |TAMS 0x0000000745000000, 0x0000000745000000| Untracked 
|  36|0x0000000745200000, 0x0000000745200000, 0x0000000745400000|  0%| F|  |TAMS 0x0000000745200000, 0x0000000745200000| Untracked 
|  37|0x0000000745400000, 0x0000000745400000, 0x0000000745600000|  0%| F|  |TAMS 0x0000000745400000, 0x0000000745400000| Untracked 
|  38|0x0000000745600000, 0x0000000745600000, 0x0000000745800000|  0%| F|  |TAMS 0x0000000745600000, 0x0000000745600000| Untracked 
|  39|0x0000000745800000, 0x0000000745800000, 0x0000000745a00000|  0%| F|  |TAMS 0x0000000745800000, 0x0000000745800000| Untracked 
|  40|0x0000000745a00000, 0x0000000745a00000, 0x0000000745c00000|  0%| F|  |TAMS 0x0000000745a00000, 0x0000000745a00000| Untracked 
|  41|0x0000000745c00000, 0x0000000745c00000, 0x0000000745e00000|  0%| F|  |TAMS 0x0000000745c00000, 0x0000000745c00000| Untracked 
|  42|0x0000000745e00000, 0x0000000745e00000, 0x0000000746000000|  0%| F|  |TAMS 0x0000000745e00000, 0x0000000745e00000| Untracked 
|  43|0x0000000746000000, 0x0000000746000000, 0x0000000746200000|  0%| F|  |TAMS 0x0000000746000000, 0x0000000746000000| Untracked 
|  44|0x0000000746200000, 0x0000000746200000, 0x0000000746400000|  0%| F|  |TAMS 0x0000000746200000, 0x0000000746200000| Untracked 
|  45|0x0000000746400000, 0x0000000746400000, 0x0000000746600000|  0%| F|  |TAMS 0x0000000746400000, 0x0000000746400000| Untracked 
|  46|0x0000000746600000, 0x0000000746600000, 0x0000000746800000|  0%| F|  |TAMS 0x0000000746600000, 0x0000000746600000| Untracked 
|  47|0x0000000746800000, 0x0000000746800000, 0x0000000746a00000|  0%| F|  |TAMS 0x0000000746800000, 0x0000000746800000| Untracked 
|  48|0x0000000746a00000, 0x0000000746a00000, 0x0000000746c00000|  0%| F|  |TAMS 0x0000000746a00000, 0x0000000746a00000| Untracked 
|  49|0x0000000746c00000, 0x0000000746c00000, 0x0000000746e00000|  0%| F|  |TAMS 0x0000000746c00000, 0x0000000746c00000| Untracked 
|  50|0x0000000746e00000, 0x0000000746e00000, 0x0000000747000000|  0%| F|  |TAMS 0x0000000746e00000, 0x0000000746e00000| Untracked 
|  51|0x0000000747000000, 0x0000000747000000, 0x0000000747200000|  0%| F|  |TAMS 0x0000000747000000, 0x0000000747000000| Untracked 
|  52|0x0000000747200000, 0x0000000747200000, 0x0000000747400000|  0%| F|  |TAMS 0x0000000747200000, 0x0000000747200000| Untracked 
|  53|0x0000000747400000, 0x0000000747400000, 0x0000000747600000|  0%| F|  |TAMS 0x0000000747400000, 0x0000000747400000| Untracked 
|  54|0x0000000747600000, 0x0000000747600000, 0x0000000747800000|  0%| F|  |TAMS 0x0000000747600000, 0x0000000747600000| Untracked 
|  55|0x0000000747800000, 0x0000000747800000, 0x0000000747a00000|  0%| F|  |TAMS 0x0000000747800000, 0x0000000747800000| Untracked 
|  56|0x0000000747a00000, 0x0000000747a00000, 0x0000000747c00000|  0%| F|  |TAMS 0x0000000747a00000, 0x0000000747a00000| Untracked 
|  57|0x0000000747c00000, 0x0000000747c00000, 0x0000000747e00000|  0%| F|  |TAMS 0x0000000747c00000, 0x0000000747c00000| Untracked 
|  58|0x0000000747e00000, 0x0000000747e00000, 0x0000000748000000|  0%| F|  |TAMS 0x0000000747e00000, 0x0000000747e00000| Untracked 
|  59|0x0000000748000000, 0x0000000748000000, 0x0000000748200000|  0%| F|  |TAMS 0x0000000748000000, 0x0000000748000000| Untracked 
|  60|0x0000000748200000, 0x0000000748200000, 0x0000000748400000|  0%| F|  |TAMS 0x0000000748200000, 0x0000000748200000| Untracked 
|  61|0x0000000748400000, 0x0000000748400000, 0x0000000748600000|  0%| F|  |TAMS 0x0000000748400000, 0x0000000748400000| Untracked 
|  62|0x0000000748600000, 0x0000000748600000, 0x0000000748800000|  0%| F|  |TAMS 0x0000000748600000, 0x0000000748600000| Untracked 
|  63|0x0000000748800000, 0x0000000748800000, 0x0000000748a00000|  0%| F|  |TAMS 0x0000000748800000, 0x0000000748800000| Untracked 
|  64|0x0000000748a00000, 0x0000000748a00000, 0x0000000748c00000|  0%| F|  |TAMS 0x0000000748a00000, 0x0000000748a00000| Untracked 
|  65|0x0000000748c00000, 0x0000000748c00000, 0x0000000748e00000|  0%| F|  |TAMS 0x0000000748c00000, 0x0000000748c00000| Untracked 
|  66|0x0000000748e00000, 0x0000000748e00000, 0x0000000749000000|  0%| F|  |TAMS 0x0000000748e00000, 0x0000000748e00000| Untracked 
|  67|0x0000000749000000, 0x0000000749000000, 0x0000000749200000|  0%| F|  |TAMS 0x0000000749000000, 0x0000000749000000| Untracked 
|  68|0x0000000749200000, 0x0000000749200000, 0x0000000749400000|  0%| F|  |TAMS 0x0000000749200000, 0x0000000749200000| Untracked 
|  69|0x0000000749400000, 0x0000000749400000, 0x0000000749600000|  0%| F|  |TAMS 0x0000000749400000, 0x0000000749400000| Untracked 
|  70|0x0000000749600000, 0x0000000749600000, 0x0000000749800000|  0%| F|  |TAMS 0x0000000749600000, 0x0000000749600000| Untracked 
|  71|0x0000000749800000, 0x0000000749a00000, 0x0000000749a00000|100%| E|  |TAMS 0x0000000749800000, 0x0000000749800000| Complete 
|  72|0x0000000749a00000, 0x0000000749c00000, 0x0000000749c00000|100%| E|CS|TAMS 0x0000000749a00000, 0x0000000749a00000| Complete 
|  73|0x0000000749c00000, 0x0000000749e00000, 0x0000000749e00000|100%| E|CS|TAMS 0x0000000749c00000, 0x0000000749c00000| Complete 
|  74|0x0000000749e00000, 0x000000074a000000, 0x000000074a000000|100%| E|CS|TAMS 0x0000000749e00000, 0x0000000749e00000| Complete 
|  75|0x000000074a000000, 0x000000074a200000, 0x000000074a200000|100%| E|CS|TAMS 0x000000074a000000, 0x000000074a000000| Complete 
|  76|0x000000074a200000, 0x000000074a400000, 0x000000074a400000|100%| E|CS|TAMS 0x000000074a200000, 0x000000074a200000| Complete 
|  77|0x000000074a400000, 0x000000074a600000, 0x000000074a600000|100%| E|CS|TAMS 0x000000074a400000, 0x000000074a400000| Complete 
|  78|0x000000074a600000, 0x000000074a800000, 0x000000074a800000|100%| E|CS|TAMS 0x000000074a600000, 0x000000074a600000| Complete 
|  79|0x000000074a800000, 0x000000074aa00000, 0x000000074aa00000|100%| E|CS|TAMS 0x000000074a800000, 0x000000074a800000| Complete 
|  80|0x000000074aa00000, 0x000000074aa0a5f8, 0x000000074ac00000|  2%| S|CS|TAMS 0x000000074aa00000, 0x000000074aa00000| Complete 
|  81|0x000000074ac00000, 0x000000074ae00000, 0x000000074ae00000|100%| S|CS|TAMS 0x000000074ac00000, 0x000000074ac00000| Complete 
|  82|0x000000074ae00000, 0x000000074b000000, 0x000000074b000000|100%| E|CS|TAMS 0x000000074ae00000, 0x000000074ae00000| Complete 
|  83|0x000000074b000000, 0x000000074b200000, 0x000000074b200000|100%| E|CS|TAMS 0x000000074b000000, 0x000000074b000000| Complete 
|  84|0x000000074b200000, 0x000000074b400000, 0x000000074b400000|100%| E|CS|TAMS 0x000000074b200000, 0x000000074b200000| Complete 
|  85|0x000000074b400000, 0x000000074b600000, 0x000000074b600000|100%| E|CS|TAMS 0x000000074b400000, 0x000000074b400000| Complete 
|  86|0x000000074b600000, 0x000000074b800000, 0x000000074b800000|100%| E|CS|TAMS 0x000000074b600000, 0x000000074b600000| Complete 
|  87|0x000000074b800000, 0x000000074ba00000, 0x000000074ba00000|100%| E|CS|TAMS 0x000000074b800000, 0x000000074b800000| Complete 
|  88|0x000000074ba00000, 0x000000074bc00000, 0x000000074bc00000|100%| E|CS|TAMS 0x000000074ba00000, 0x000000074ba00000| Complete 
|  89|0x000000074bc00000, 0x000000074be00000, 0x000000074be00000|100%| E|CS|TAMS 0x000000074bc00000, 0x000000074bc00000| Complete 
|  90|0x000000074be00000, 0x000000074c000000, 0x000000074c000000|100%| E|CS|TAMS 0x000000074be00000, 0x000000074be00000| Complete 
|  91|0x000000074c000000, 0x000000074c200000, 0x000000074c200000|100%| E|  |TAMS 0x000000074c000000, 0x000000074c000000| Complete 
|  92|0x000000074c200000, 0x000000074c400000, 0x000000074c400000|100%| E|CS|TAMS 0x000000074c200000, 0x000000074c200000| Complete 
|  93|0x000000074c400000, 0x000000074c600000, 0x000000074c600000|100%| E|CS|TAMS 0x000000074c400000, 0x000000074c400000| Complete 
|  94|0x000000074c600000, 0x000000074c800000, 0x000000074c800000|100%| E|CS|TAMS 0x000000074c600000, 0x000000074c600000| Complete 
|  95|0x000000074c800000, 0x000000074ca00000, 0x000000074ca00000|100%| E|CS|TAMS 0x000000074c800000, 0x000000074c800000| Complete 

Card table byte_map: [0x000001fdd9b00000,0x000001fdda100000] _byte_map_base: 0x000001fdd60fb000

Marking Bits (Prev, Next): (CMBitMap*) 0x000001fdc29abcc0, (CMBitMap*) 0x000001fdc29abd00
 Prev Bits: [0x000001fdda700000, 0x000001fddd6d8000)
 Next Bits: [0x000001fddd6e0000, 0x000001fde06b8000)

Polling page: 0x000001fdc08d0000

Metaspace:

Usage:
  Non-class:     16.87 MB used.
      Class:      2.46 MB used.
       Both:     19.33 MB used.

Virtual space:
  Non-class space:       24.00 MB reserved,      16.94 MB ( 71%) committed,  3 nodes.
      Class space:        1.00 GB reserved,       2.56 MB ( <1%) committed,  1 nodes.
             Both:        1.02 GB reserved,      19.50 MB (  2%) committed. 

Chunk freelists:
   Non-Class:  2.61 MB
       Class:  1.45 MB
        Both:  4.06 MB

MaxMetaspaceSize: unlimited
CompressedClassSpaceSize: 1.00 GB
Initial GC threshold: 21.00 MB
Current GC threshold: 21.00 MB
CDS: on
MetaspaceReclaimPolicy: balanced
 - commit_granule_bytes: 65536.
 - commit_granule_words: 8192.
 - virtual_space_node_default_size: 1048576.
 - enlarge_chunks_in_place: 1.
 - new_chunks_are_fully_committed: 0.
 - uncommit_free_chunks: 1.
 - use_allocation_guard: 0.
 - handle_deallocations: 1.


Internal statistics:

num_allocs_failed_limit: 0.
num_arena_births: 186.
num_arena_deaths: 0.
num_vsnodes_births: 4.
num_vsnodes_deaths: 0.
num_space_committed: 312.
num_space_uncommitted: 0.
num_chunks_returned_to_freelist: 0.
num_chunks_taken_from_freelist: 832.
num_chunk_merges: 0.
num_chunk_splits: 578.
num_chunks_enlarged: 473.
num_purges: 0.
num_inconsistent_stats: 0.

CodeHeap 'non-profiled nmethods': size=120000Kb used=1029Kb max_used=1029Kb free=118970Kb
 bounds [0x000001fdd1c90000, 0x000001fdd1f00000, 0x000001fdd91c0000]
CodeHeap 'profiled nmethods': size=120000Kb used=4981Kb max_used=4981Kb free=115018Kb
 bounds [0x000001fdca760000, 0x000001fdcac40000, 0x000001fdd1c90000]
CodeHeap 'non-nmethods': size=5760Kb used=1182Kb max_used=1214Kb free=4577Kb
 bounds [0x000001fdca1c0000, 0x000001fdca430000, 0x000001fdca760000]
 total_blobs=2994 nmethods=2519 adapters=387
 compilation: enabled
              stopped_count=0, restarted_count=0
 full_count=0

Compilation events (20 events):
Event: 2.288 Thread 0x000001fde31321f0 2149       3       java.util.concurrent.ConcurrentHashMap$MapEntry::<init> (20 bytes)
Event: 2.289 Thread 0x000001fde31321f0 nmethod 2149 0x000001fdcab57610 code [0x000001fdcab577c0, 0x000001fdcab57a58]
Event: 2.289 Thread 0x000001fde31321f0 2147       3       java.util.concurrent.ConcurrentHashMap$EntryIterator::next (5 bytes)
Event: 2.289 Thread 0x000001fde31321f0 nmethod 2147 0x000001fdcab57b10 code [0x000001fdcab57ca0, 0x000001fdcab57de8]
Event: 2.289 Thread 0x000001fde31321f0 2148       3       java.util.concurrent.ConcurrentHashMap$EntryIterator::next (51 bytes)
Event: 2.290 Thread 0x000001fde31321f0 nmethod 2148 0x000001fdcab57e90 code [0x000001fdcab58060, 0x000001fdcab58598]
Event: 2.307 Thread 0x000001fde31321f0 2150       3       java.util.regex.Pattern$Node::<init> (12 bytes)
Event: 2.307 Thread 0x000001fde31321f0 nmethod 2150 0x000001fdcab58710 code [0x000001fdcab588c0, 0x000001fdcab58a98]
Event: 2.307 Thread 0x000001fde31321f0 2151       3       java.util.regex.Pattern::append (43 bytes)
Event: 2.308 Thread 0x000001fde31321f0 nmethod 2151 0x000001fdcab58b90 code [0x000001fdcab58d60, 0x000001fdcab59178]
Event: 2.309 Thread 0x000001fde31321f0 2152   !   3       java.security.AccessController::doPrivileged (26 bytes)
Event: 2.309 Thread 0x000001fde31321f0 nmethod 2152 0x000001fdcab59310 code [0x000001fdcab59520, 0x000001fdcab59a48]
Event: 2.326 Thread 0x000001fde31321f0 2153       3       java.util.Arrays$ArrayList::size (6 bytes)
Event: 2.326 Thread 0x000001fde31321f0 nmethod 2153 0x000001fdcab59d10 code [0x000001fdcab59ea0, 0x000001fdcab59fb8]
Event: 2.326 Thread 0x000001fde31321f0 2154       3       org.springframework.util.CollectionUtils::isEmpty (19 bytes)
Event: 2.326 Thread 0x000001fde31321f0 nmethod 2154 0x000001fdcab5a090 code [0x000001fdcab5a240, 0x000001fdcab5a488]
Event: 2.330 Thread 0x000001fde31321f0 2155       3       java.lang.Character::isJavaIdentifierPart (5 bytes)
Event: 2.331 Thread 0x000001fde31321f0 nmethod 2155 0x000001fdcab5a590 code [0x000001fdcab5a740, 0x000001fdcab5a998]
Event: 2.337 Thread 0x000001fde31321f0 2157       3       java.util.jar.Manifest$FastInputStream::fill (38 bytes)
Event: 2.337 Thread 0x000001fde31321f0 nmethod 2157 0x000001fdcab5aa90 code [0x000001fdcab5ac40, 0x000001fdcab5ae88]

GC Heap History (4 events):
Event: 1.073 GC heap before
{Heap before GC invocations=0 (full 0):
 garbage-first heap   total 196608K, used 20480K [0x0000000740a00000, 0x0000000800000000)
  region size 2048K, 11 young (22528K), 0 survivors (0K)
 Metaspace       used 4935K, committed 5056K, reserved 1056768K
  class space    used 542K, committed 576K, reserved 1048576K
}
Event: 1.079 GC heap after
{Heap after GC invocations=1 (full 0):
 garbage-first heap   total 196608K, used 6219K [0x0000000740a00000, 0x0000000800000000)
  region size 2048K, 2 young (4096K), 2 survivors (4096K)
 Metaspace       used 4935K, committed 5056K, reserved 1056768K
  class space    used 542K, committed 576K, reserved 1048576K
}
Event: 1.852 GC heap before
{Heap before GC invocations=1 (full 0):
 garbage-first heap   total 196608K, used 28747K [0x0000000740a00000, 0x0000000800000000)
  region size 2048K, 14 young (28672K), 2 survivors (4096K)
 Metaspace       used 11082K, committed 11264K, reserved 1064960K
  class space    used 1399K, committed 1472K, reserved 1048576K
}
Event: 1.857 GC heap after
{Heap after GC invocations=2 (full 0):
 garbage-first heap   total 196608K, used 8536K [0x0000000740a00000, 0x0000000800000000)
  region size 2048K, 2 young (4096K), 2 survivors (4096K)
 Metaspace       used 11082K, committed 11264K, reserved 1064960K
  class space    used 1399K, committed 1472K, reserved 1048576K
}

Deoptimization events (20 events):
Event: 2.093 Thread 0x000001fde4da82e0 Uncommon trap: trap_request=0xffffffc6 fr.pc=0x000001fdd1d4dd00 relative=0x0000000000001960
Event: 2.093 Thread 0x000001fde4da82e0 Uncommon trap: reason=bimorphic_or_optimized_type_check action=maybe_recompile pc=0x000001fdd1d4dd00 method=java.util.HashMap.putVal(ILjava/lang/Object;Ljava/lang/Object;ZZ)Ljava/lang/Object; @ 91 c2
Event: 2.094 Thread 0x000001fde4da82e0 DEOPT PACKING pc=0x000001fdd1d4dd00 sp=0x00000093b17fec10
Event: 2.094 Thread 0x000001fde4da82e0 DEOPT UNPACKING pc=0x000001fdca2123a3 sp=0x00000093b17fead8 mode 2
Event: 2.098 Thread 0x000001fde4da82e0 Uncommon trap: trap_request=0xffffffc6 fr.pc=0x000001fdd1d4dd00 relative=0x0000000000001960
Event: 2.098 Thread 0x000001fde4da82e0 Uncommon trap: reason=bimorphic_or_optimized_type_check action=maybe_recompile pc=0x000001fdd1d4dd00 method=java.util.HashMap.putVal(ILjava/lang/Object;Ljava/lang/Object;ZZ)Ljava/lang/Object; @ 91 c2
Event: 2.098 Thread 0x000001fde4da82e0 DEOPT PACKING pc=0x000001fdd1d4dd00 sp=0x00000093b17fecd0
Event: 2.098 Thread 0x000001fde4da82e0 DEOPT UNPACKING pc=0x000001fdca2123a3 sp=0x00000093b17feb88 mode 2
Event: 2.098 Thread 0x000001fde4da82e0 Uncommon trap: trap_request=0xffffffc6 fr.pc=0x000001fdd1d4dd00 relative=0x0000000000001960
Event: 2.098 Thread 0x000001fde4da82e0 Uncommon trap: reason=bimorphic_or_optimized_type_check action=maybe_recompile pc=0x000001fdd1d4dd00 method=java.util.HashMap.putVal(ILjava/lang/Object;Ljava/lang/Object;ZZ)Ljava/lang/Object; @ 91 c2
Event: 2.098 Thread 0x000001fde4da82e0 DEOPT PACKING pc=0x000001fdd1d4dd00 sp=0x00000093b17fecd0
Event: 2.098 Thread 0x000001fde4da82e0 DEOPT UNPACKING pc=0x000001fdca2123a3 sp=0x00000093b17feb88 mode 2
Event: 2.100 Thread 0x000001fde4da82e0 Uncommon trap: trap_request=0xffffffc6 fr.pc=0x000001fdd1d1c548 relative=0x00000000000007c8
Event: 2.100 Thread 0x000001fde4da82e0 Uncommon trap: reason=bimorphic_or_optimized_type_check action=maybe_recompile pc=0x000001fdd1d1c548 method=java.util.HashMap.putVal(ILjava/lang/Object;Ljava/lang/Object;ZZ)Ljava/lang/Object; @ 91 c2
Event: 2.100 Thread 0x000001fde4da82e0 DEOPT PACKING pc=0x000001fdd1d1c548 sp=0x00000093b17fea40
Event: 2.100 Thread 0x000001fde4da82e0 DEOPT UNPACKING pc=0x000001fdca2123a3 sp=0x00000093b17fe9d0 mode 2
Event: 2.162 Thread 0x000001fde52053d0 Uncommon trap: trap_request=0xffffff45 fr.pc=0x000001fdd1d542c4 relative=0x00000000000002a4
Event: 2.162 Thread 0x000001fde52053d0 Uncommon trap: reason=unstable_if action=reinterpret pc=0x000001fdd1d542c4 method=java.util.WeakHashMap.expungeStaleEntries()V @ 9 c2
Event: 2.162 Thread 0x000001fde52053d0 DEOPT PACKING pc=0x000001fdd1d542c4 sp=0x00000093b19fd8c0
Event: 2.162 Thread 0x000001fde52053d0 DEOPT UNPACKING pc=0x000001fdca2123a3 sp=0x00000093b19fd858 mode 2

Classes unloaded (0 events):
No events

Classes redefined (0 events):
No events

Internal exceptions (20 events):
Event: 1.679 Thread 0x000001fde4da82e0 Exception <a 'java/lang/NoSuchMethodError'{0x000000074b978df8}: 'void java.lang.invoke.DirectMethodHandle$Holder.invokeInterface(java.lang.Object, java.lang.Object, java.lang.Object, java.lang.Object)'> (0x000000074b978df8) 
thrown [t:\workspace\open\src\hotspot\share\interpreter\linkResolver.cpp, line 766]
Event: 1.743 Thread 0x000001fde52053d0 Implicit null exception at 0x000001fdd1cfefb4 to 0x000001fdd1cff418
Event: 1.967 Thread 0x000001fde52053d0 Exception <a 'java/lang/ClassNotFoundException'{0x000000074c4edef8}: java/lang/ObjectCustomizer> (0x000000074c4edef8) 
thrown [t:\workspace\open\src\hotspot\share\classfile\systemDictionary.cpp, line 256]
Event: 1.972 Thread 0x000001fde52053d0 Exception <a 'java/lang/IncompatibleClassChangeError'{0x000000074c4f2d98}: Found class java.lang.Object, but interface was expected> (0x000000074c4f2d98) 
thrown [t:\workspace\open\src\hotspot\share\interpreter\linkResolver.cpp, line 833]
Event: 1.978 Thread 0x000001fde52053d0 Exception <a 'java/lang/ClassNotFoundException'{0x000000074c50c6f0}: org/springframework/context/annotation/ConfigurationClassPostProcessorCustomizer> (0x000000074c50c6f0) 
thrown [t:\workspace\open\src\hotspot\share\classfile\systemDictionary.cpp, line 256]
Event: 1.982 Thread 0x000001fde52053d0 Exception <a 'java/lang/ClassNotFoundException'{0x000000074c52bef8}: org/springframework/beans/factory/support/BeanDefinitionRegistryPostProcessorCustomizer> (0x000000074c52bef8) 
thrown [t:\workspace\open\src\hotspot\share\classfile\systemDictionary.cpp, line 256]
Event: 1.983 Thread 0x000001fde52053d0 Exception <a 'java/lang/ClassNotFoundException'{0x000000074c531a18}: org/springframework/beans/factory/config/BeanFactoryPostProcessorCustomizer> (0x000000074c531a18) 
thrown [t:\workspace\open\src\hotspot\share\classfile\systemDictionary.cpp, line 256]
Event: 1.984 Thread 0x000001fde52053d0 Exception <a 'java/lang/ClassNotFoundException'{0x000000074c537288}: org/springframework/core/PriorityOrderedCustomizer> (0x000000074c537288) 
thrown [t:\workspace\open\src\hotspot\share\classfile\systemDictionary.cpp, line 256]
Event: 1.984 Thread 0x000001fde52053d0 Exception <a 'java/lang/ClassNotFoundException'{0x000000074c53b728}: org/springframework/core/OrderedCustomizer> (0x000000074c53b728) 
thrown [t:\workspace\open\src\hotspot\share\classfile\systemDictionary.cpp, line 256]
Event: 1.985 Thread 0x000001fde52053d0 Exception <a 'java/lang/ClassNotFoundException'{0x000000074c540e48}: org/springframework/context/ResourceLoaderAwareCustomizer> (0x000000074c540e48) 
thrown [t:\workspace\open\src\hotspot\share\classfile\systemDictionary.cpp, line 256]
Event: 1.986 Thread 0x000001fde52053d0 Exception <a 'java/lang/ClassNotFoundException'{0x000000074c5466b8}: org/springframework/beans/factory/AwareCustomizer> (0x000000074c5466b8) 
thrown [t:\workspace\open\src\hotspot\share\classfile\systemDictionary.cpp, line 256]
Event: 1.986 Thread 0x000001fde52053d0 Exception <a 'java/lang/ClassNotFoundException'{0x000000074c54af40}: org/springframework/context/ApplicationStartupAwareCustomizer> (0x000000074c54af40) 
thrown [t:\workspace\open\src\hotspot\share\classfile\systemDictionary.cpp, line 256]
Event: 1.987 Thread 0x000001fde52053d0 Exception <a 'java/lang/ClassNotFoundException'{0x000000074c550a38}: org/springframework/beans/factory/AwareCustomizer> (0x000000074c550a38) 
thrown [t:\workspace\open\src\hotspot\share\classfile\systemDictionary.cpp, line 256]
Event: 1.988 Thread 0x000001fde52053d0 Exception <a 'java/lang/ClassNotFoundException'{0x000000074c5552d8}: org/springframework/beans/factory/BeanClassLoaderAwareCustomizer> (0x000000074c5552d8) 
thrown [t:\workspace\open\src\hotspot\share\classfile\systemDictionary.cpp, line 256]
Event: 1.988 Thread 0x000001fde52053d0 Exception <a 'java/lang/ClassNotFoundException'{0x000000074c2502f0}: org/springframework/beans/factory/AwareCustomizer> (0x000000074c2502f0) 
thrown [t:\workspace\open\src\hotspot\share\classfile\systemDictionary.cpp, line 256]
Event: 1.989 Thread 0x000001fde52053d0 Exception <a 'java/lang/ClassNotFoundException'{0x000000074c2548f8}: org/springframework/context/EnvironmentAwareCustomizer> (0x000000074c2548f8) 
thrown [t:\workspace\open\src\hotspot\share\classfile\systemDictionary.cpp, line 256]
Event: 1.990 Thread 0x000001fde52053d0 Exception <a 'java/lang/ClassNotFoundException'{0x000000074c25a0e8}: org/springframework/beans/factory/AwareCustomizer> (0x000000074c25a0e8) 
thrown [t:\workspace\open\src\hotspot\share\classfile\systemDictionary.cpp, line 256]
Event: 2.016 Thread 0x000001fde52053d0 Exception <a 'java/lang/NoSuchMethodError'{0x000000074c0276a8}: 'java.lang.Object java.lang.invoke.DirectMethodHandle$Holder.invokeVirtual(java.lang.Object, java.lang.Object, java.lang.Object)'> (0x000000074c0276a8) 
thrown [t:\workspace\open\src\hotspot\share\interpreter\linkResolver.cpp, line 766]
Event: 2.158 Thread 0x000001fde4da82e0 Exception <a 'java/lang/NoSuchMethodError'{0x000000074bb279e0}: 'java.lang.Object java.lang.invoke.DirectMethodHandle$Holder.invokeStaticInit(java.lang.Object, java.lang.Object, java.lang.Object)'> (0x000000074bb279e0) 
thrown [t:\workspace\open\src\hotspot\share\interpreter\linkResolver.cpp, line 766]
Event: 2.159 Thread 0x000001fde4da82e0 Exception <a 'java/lang/NoSuchMethodError'{0x000000074bb2d8d0}: 'java.lang.Object java.lang.invoke.DirectMethodHandle$Holder.invokeStaticInit(java.lang.Object, java.lang.Object, java.lang.Object, java.lang.Object, java.lang.Object)'> (0x000000074bb2d8d0) 
thrown [t:\workspace\open\src\hotspot\share\interpreter\linkResolver.cpp, line 766]

VM Operations (20 events):
Event: 1.092 Executing VM operation: HandshakeAllThreads
Event: 1.092 Executing VM operation: HandshakeAllThreads done
Event: 1.402 Executing VM operation: HandshakeAllThreads
Event: 1.402 Executing VM operation: HandshakeAllThreads done
Event: 1.685 Executing VM operation: ICBufferFull
Event: 1.685 Executing VM operation: ICBufferFull done
Event: 1.830 Executing VM operation: HandshakeAllThreads
Event: 1.830 Executing VM operation: HandshakeAllThreads done
Event: 1.851 Executing VM operation: G1CollectForAllocation
Event: 1.852 Executing VM operation: G1CollectForAllocation done
Event: 1.852 Executing VM operation: G1CollectForAllocation
Event: 1.857 Executing VM operation: G1CollectForAllocation done
Event: 1.865 Executing VM operation: HandshakeAllThreads
Event: 1.865 Executing VM operation: HandshakeAllThreads done
Event: 1.867 Executing VM operation: HandshakeAllThreads
Event: 1.867 Executing VM operation: HandshakeAllThreads done
Event: 1.913 Executing VM operation: HandshakeAllThreads
Event: 1.913 Executing VM operation: HandshakeAllThreads done
Event: 2.005 Executing VM operation: HandshakeAllThreads
Event: 2.005 Executing VM operation: HandshakeAllThreads done

Events (20 events):
Event: 2.198 loading class com/sun/org/apache/xalan/internal/utils/FeaturePropertyBase$State done
Event: 2.198 loading class com/sun/org/apache/xalan/internal/utils/XMLSecurityPropertyManager$Property
Event: 2.198 loading class com/sun/org/apache/xalan/internal/utils/XMLSecurityPropertyManager$Property done
Event: 2.199 loading class jdk/xml/internal/XMLSecurityManager
Event: 2.199 loading class jdk/xml/internal/XMLSecurityManager done
Event: 2.199 loading class jdk/xml/internal/XMLSecurityManager$Limit
Event: 2.199 loading class jdk/xml/internal/XMLSecurityManager$Limit done
Event: 2.199 loading class jdk/xml/internal/XMLSecurityManager$Processor
Event: 2.199 loading class jdk/xml/internal/XMLSecurityManager$Processor done
Event: 2.200 loading class jdk/xml/internal/XMLSecurityManager$NameMap
Event: 2.200 loading class jdk/xml/internal/XMLSecurityManager$NameMap done
Event: 2.200 loading class jdk/xml/internal/JdkProperty
Event: 2.200 loading class jdk/xml/internal/JdkProperty done
Event: 2.292 loading class java/beans/ConstructorProperties
Event: 2.292 loading class java/beans/ConstructorProperties done
Event: 2.293 Thread 0x000001fde5682030 Thread added: 0x000001fde5682030
Event: 2.320 loading class java/io/CharArrayReader
Event: 2.321 loading class java/io/CharArrayReader done
Event: 2.332 loading class java/util/concurrent/atomic/AtomicReference
Event: 2.332 loading class java/util/concurrent/atomic/AtomicReference done


Dynamic libraries:
0x00007ff7071b0000 - 0x00007ff7071c0000 	C:\Program Files\Java\jdk-17.0.3.1\bin\java.exe
0x00007ff825f30000 - 0x00007ff826125000 	C:\WINDOWS\SYSTEM32\ntdll.dll
0x00007ff812550000 - 0x00007ff812566000 	C:\Program Files (x86)\AVG\Antivirus\aswhook.dll
0x00007ff8258d0000 - 0x00007ff82598d000 	C:\WINDOWS\System32\KERNEL32.DLL
0x00007ff822fa0000 - 0x00007ff82326d000 	C:\WINDOWS\System32\KERNELBASE.dll
0x00007ff822e70000 - 0x00007ff822f70000 	C:\WINDOWS\System32\ucrtbase.dll
0x00007ff81dd30000 - 0x00007ff81dd48000 	C:\Program Files\Java\jdk-17.0.3.1\bin\jli.dll
0x00007ff819020000 - 0x00007ff81903a000 	C:\Program Files\Java\jdk-17.0.3.1\bin\VCRUNTIME140.dll
0x00007ff825e40000 - 0x00007ff825eee000 	C:\WINDOWS\System32\ADVAPI32.dll
0x00007ff825200000 - 0x00007ff82529e000 	C:\WINDOWS\System32\msvcrt.dll
0x00007ff825830000 - 0x00007ff8258cc000 	C:\WINDOWS\System32\sechost.dll
0x00007ff824590000 - 0x00007ff8246b5000 	C:\WINDOWS\System32\RPCRT4.dll
0x00007ff825310000 - 0x00007ff8254b0000 	C:\WINDOWS\System32\USER32.dll
0x00007ff822c80000 - 0x00007ff822ca2000 	C:\WINDOWS\System32\win32u.dll
0x00007ff81ab20000 - 0x00007ff81adba000 	C:\WINDOWS\WinSxS\amd64_microsoft.windows.common-controls_6595b64144ccf1df_6.0.19041.1110_none_60b5254171f9507e\COMCTL32.dll
0x00007ff825e10000 - 0x00007ff825e3a000 	C:\WINDOWS\System32\GDI32.dll
0x00007ff822cb0000 - 0x00007ff822dbb000 	C:\WINDOWS\System32\gdi32full.dll
0x00007ff822dd0000 - 0x00007ff822e6d000 	C:\WINDOWS\System32\msvcp_win.dll
0x00007ff81b910000 - 0x00007ff81b91a000 	C:\WINDOWS\SYSTEM32\VERSION.dll
0x00007ff825540000 - 0x00007ff825570000 	C:\WINDOWS\System32\IMM32.DLL
0x00007ff81e930000 - 0x00007ff81e93c000 	C:\Program Files\Java\jdk-17.0.3.1\bin\vcruntime140_1.dll
0x00007ff80c770000 - 0x00007ff80c7fd000 	C:\Program Files\Java\jdk-17.0.3.1\bin\msvcp140.dll
0x00007fffe99f0000 - 0x00007fffea5b0000 	C:\Program Files\Java\jdk-17.0.3.1\bin\server\jvm.dll
0x00007ff8246c0000 - 0x00007ff8246c8000 	C:\WINDOWS\System32\PSAPI.DLL
0x00007ff810c30000 - 0x00007ff810c39000 	C:\WINDOWS\SYSTEM32\WSOCK32.dll
0x00007ff81b670000 - 0x00007ff81b697000 	C:\WINDOWS\SYSTEM32\WINMM.dll
0x00007ff8252a0000 - 0x00007ff82530b000 	C:\WINDOWS\System32\WS2_32.dll
0x00007ff820b20000 - 0x00007ff820b32000 	C:\WINDOWS\SYSTEM32\kernel.appcore.dll
0x00007ff81c800000 - 0x00007ff81c80a000 	C:\Program Files\Java\jdk-17.0.3.1\bin\jimage.dll
0x00007ff81b100000 - 0x00007ff81b2e4000 	C:\WINDOWS\SYSTEM32\DBGHELP.DLL
0x00007ff81b0d0000 - 0x00007ff81b0fc000 	C:\WINDOWS\SYSTEM32\dbgcore.DLL
0x00007ff8233d0000 - 0x00007ff823452000 	C:\WINDOWS\System32\bcryptPrimitives.dll
0x00007ff8174b0000 - 0x00007ff8174be000 	C:\Program Files\Java\jdk-17.0.3.1\bin\instrument.dll
0x00007ff80c8c0000 - 0x00007ff80c8e5000 	C:\Program Files\Java\jdk-17.0.3.1\bin\java.dll
0x00007ff806160000 - 0x00007ff806236000 	C:\Program Files\Java\jdk-17.0.3.1\bin\jsvml.dll
0x00007ff824990000 - 0x00007ff8250d4000 	C:\WINDOWS\System32\SHELL32.dll
0x00007ff820d20000 - 0x00007ff8214b4000 	C:\WINDOWS\SYSTEM32\windows.storage.dll
0x00007ff823ba0000 - 0x00007ff823ef4000 	C:\WINDOWS\System32\combase.dll
0x00007ff8225e0000 - 0x00007ff82260c000 	C:\WINDOWS\SYSTEM32\Wldp.dll
0x00007ff823f00000 - 0x00007ff823fad000 	C:\WINDOWS\System32\SHCORE.dll
0x00007ff823630000 - 0x00007ff823685000 	C:\WINDOWS\System32\shlwapi.dll
0x00007ff822b90000 - 0x00007ff822baf000 	C:\WINDOWS\SYSTEM32\profapi.dll
0x00007ff80c910000 - 0x00007ff80c928000 	C:\Program Files\Java\jdk-17.0.3.1\bin\zip.dll
0x00007ff8146e0000 - 0x00007ff8146f9000 	C:\Program Files\Java\jdk-17.0.3.1\bin\net.dll
0x00007ff811fe0000 - 0x00007ff8120ea000 	C:\WINDOWS\SYSTEM32\WINHTTP.dll
0x00007ff8223b0000 - 0x00007ff82241a000 	C:\WINDOWS\system32\mswsock.dll
0x00007ff812ce0000 - 0x00007ff812cf6000 	C:\Program Files\Java\jdk-17.0.3.1\bin\nio.dll
0x00007ff80c730000 - 0x00007ff80c74a000 	C:\Users\Claudia Layrisse\AppData\Local\JetBrains\Toolbox\apps\IDEA-C\ch-0\221.5591.52\bin\breakgen64.dll
0x00007ff8174a0000 - 0x00007ff8174b0000 	C:\Program Files\Java\jdk-17.0.3.1\bin\verify.dll
0x00007ff815040000 - 0x00007ff815049000 	C:\Program Files\Java\jdk-17.0.3.1\bin\management.dll
0x00007ff814f20000 - 0x00007ff814f2b000 	C:\Program Files\Java\jdk-17.0.3.1\bin\management_ext.dll
0x00007ff80bfe0000 - 0x00007ff80bff7000 	C:\WINDOWS\system32\napinsp.dll
0x00007ff80bfc0000 - 0x00007ff80bfdb000 	C:\WINDOWS\system32\pnrpnsp.dll
0x00007ff819750000 - 0x00007ff819765000 	C:\WINDOWS\system32\wshbth.dll
0x00007ff81e660000 - 0x00007ff81e67d000 	C:\WINDOWS\system32\NLAapi.dll
0x00007ff822080000 - 0x00007ff8220bb000 	C:\WINDOWS\SYSTEM32\IPHLPAPI.DLL
0x00007ff8220c0000 - 0x00007ff82218b000 	C:\WINDOWS\SYSTEM32\DNSAPI.dll
0x00007ff823a30000 - 0x00007ff823a38000 	C:\WINDOWS\System32\NSI.dll
0x00007ff80bfa0000 - 0x00007ff80bfb2000 	C:\WINDOWS\System32\winrnr.dll
0x00007ff811fa0000 - 0x00007ff811faa000 	C:\Windows\System32\rasadhlp.dll
0x00007ff8120f0000 - 0x00007ff812170000 	C:\WINDOWS\System32\fwpuclnt.dll
0x00007ff822c50000 - 0x00007ff822c77000 	C:\WINDOWS\System32\bcrypt.dll

dbghelp: loaded successfully - version: 4.0.5 - missing functions: none
symbol engine: initialized successfully - sym options: 0x614 - pdb path: .;C:\Program Files\Java\jdk-17.0.3.1\bin;C:\WINDOWS\SYSTEM32;C:\Program Files (x86)\AVG\Antivirus;C:\WINDOWS\WinSxS\amd64_microsoft.windows.common-controls_6595b64144ccf1df_6.0.19041.1110_none_60b5254171f9507e;C:\Program Files\Java\jdk-17.0.3.1\bin\server;C:\Users\Claudia Layrisse\AppData\Local\JetBrains\Toolbox\apps\IDEA-C\ch-0\221.5591.52\bin

VM Arguments:
jvm_args: -javaagent:C:\Users\Claudia Layrisse\AppData\Local\JetBrains\Toolbox\apps\IDEA-C\ch-0\221.5591.52\lib\idea_rt.jar=64379:C:\Users\Claudia Layrisse\AppData\Local\JetBrains\Toolbox\apps\IDEA-C\ch-0\221.5591.52\bin -Dfile.encoding=UTF-8 
java_command: com.project.bankapi.BankApiApplication
java_class_path (initial): C:\Users\Claudia Layrisse\Desktop\ironhack\java\java-bank-api\bank-api\target\classes;C:\Users\Claudia Layrisse\.m2\repository\org\springframework\boot\spring-boot-starter-data-jpa\2.7.0\spring-boot-starter-data-jpa-2.7.0.jar;C:\Users\Claudia Layrisse\.m2\repository\org\springframework\boot\spring-boot-starter-aop\2.7.0\spring-boot-starter-aop-2.7.0.jar;C:\Users\Claudia Layrisse\.m2\repository\org\aspectj\aspectjweaver\1.9.7\aspectjweaver-1.9.7.jar;C:\Users\Claudia Layrisse\.m2\repository\org\springframework\boot\spring-boot-starter-jdbc\2.7.0\spring-boot-starter-jdbc-2.7.0.jar;C:\Users\Claudia Layrisse\.m2\repository\com\zaxxer\HikariCP\4.0.3\HikariCP-4.0.3.jar;C:\Users\Claudia Layrisse\.m2\repository\org\springframework\spring-jdbc\5.3.20\spring-jdbc-5.3.20.jar;C:\Users\Claudia Layrisse\.m2\repository\jakarta\transaction\jakarta.transaction-api\1.3.3\jakarta.transaction-api-1.3.3.jar;C:\Users\Claudia Layrisse\.m2\repository\jakarta\persistence\jakarta.persistence-api\2.2.3\jakarta.persistence-api-2.2.3.jar;C:\Users\Claudia Layrisse\.m2\repository\org\hibernate\hibernate-core\5.6.9.Final\hibernate-core-5.6.9.Final.jar;C:\Users\Claudia Layrisse\.m2\repository\org\jboss\logging\jboss-logging\3.4.3.Final\jboss-logging-3.4.3.Final.jar;C:\Users\Claudia Layrisse\.m2\repository\net\bytebuddy\byte-buddy\1.12.10\byte-buddy-1.12.10.jar;C:\Users\Claudia Layrisse\.m2\repository\antlr\antlr\2.7.7\antlr-2.7.7.jar;C:\Users\Claudia Layrisse\.m2\repository\org\jboss\jandex\2.4.2.Final\jandex-2.4.2.Final.jar;C:\Users\Claudia Layrisse\.m2\repository\com\fasterxml\classmate\1.5.1\classmate-1.5.1.jar;C:\Users\Claudia Layrisse\.m2\repository\org\hibernate\common\hibernate-commons-annotations\5.1.2.Final\hibernate-commons-annotations-5.1.2.Final.jar;C:\Users\Claudia Layrisse\.m2\repository\org\glassfish\jaxb\jaxb-runtime\2.3.6\jaxb-runtime-2.3.6.jar;C:\Users\Claudia Layrisse\.m2\repository\org\glassfish\jaxb\txw2\2.3.6\txw2-2.3.6.jar;C:\Users\Claudia Layrisse
Launcher Type: SUN_STANDARD

[Global flags]
     intx CICompilerCount                          = 4                                         {product} {ergonomic}
     uint ConcGCThreads                            = 2                                         {product} {ergonomic}
     uint G1ConcRefinementThreads                  = 8                                         {product} {ergonomic}
   size_t G1HeapRegionSize                         = 2097152                                   {product} {ergonomic}
    uintx GCDrainStackTargetSize                   = 64                                        {product} {ergonomic}
   size_t InitialHeapSize                          = 201326592                                 {product} {ergonomic}
   size_t MarkStackSize                            = 4194304                                   {product} {ergonomic}
   size_t MaxHeapSize                              = 3210739712                                {product} {ergonomic}
   size_t MaxNewSize                               = 1925185536                                {product} {ergonomic}
   size_t MinHeapDeltaBytes                        = 2097152                                   {product} {ergonomic}
   size_t MinHeapSize                              = 8388608                                   {product} {ergonomic}
    uintx NonNMethodCodeHeapSize                   = 5839372                                {pd product} {ergonomic}
    uintx NonProfiledCodeHeapSize                  = 122909434                              {pd product} {ergonomic}
    uintx ProfiledCodeHeapSize                     = 122909434                              {pd product} {ergonomic}
    uintx ReservedCodeCacheSize                    = 251658240                              {pd product} {ergonomic}
     bool SegmentedCodeCache                       = true                                      {product} {ergonomic}
   size_t SoftMaxHeapSize                          = 3210739712                             {manageable} {ergonomic}
     bool UseCompressedClassPointers               = true                           {product lp64_product} {ergonomic}
     bool UseCompressedOops                        = true                           {product lp64_product} {ergonomic}
     bool UseG1GC                                  = true                                      {product} {ergonomic}
     bool UseLargePagesIndividualAllocation        = false                                  {pd product} {ergonomic}

Logging:
Log output configuration:
 #0: stdout all=warning uptime,level,tags
 #1: stderr all=off uptime,level,tags

Environment Variables:
PATH=C:\Program Files\Common Files\Oracle\Java\javapath;C:\Program Files (x86)\NVIDIA Corporation\PhysX\Common;C:\Program Files (x86)\Intel\iCLS Client\;C:\Program Files\Intel\iCLS Client\;C:\Program Files\Common Files\Microsoft Shared\Windows Live;C:\Program Files (x86)\Common Files\Microsoft Shared\Windows Live;C:\WINDOWS\system32;C:\WINDOWS;C:\WINDOWS\System32\Wbem;C:\WINDOWS\System32\WindowsPowerShell\v1.0\;C:\Program Files (x86)\Windows Live\Shared;C:\Program Files\Intel\Intel(R) Management Engine Components\DAL;C:\Program Files\Intel\Intel(R) Management Engine Components\IPT;C:\Program Files (x86)\Intel\Intel(R) Management Engine Components\DAL;C:\Program Files (x86)\Intel\Intel(R) Management Engine Components\IPT;C:\Program Files (x86)\Autodesk\Backburner\;C:\Program Files\Common Files\Autodesk Shared\;C:\Program Files (x86)\Common Files\Autodesk Shared\;C:\Program Files (x86)\QuickTime\QTSystem\;C:\WINDOWS\System32\OpenSSH\;C:\Program Files\nodejs\;C:\Program Files\Git\cmd;C:\Program Files\PuTTY\;C:\Program Files\Amazon\AWSCLIV2\;C:\Program Files (x86)\Calibre2\;C:\Users\Claudia Layrisse\AppData\Local\Programs\Python\Python39\Scripts\;C:\Users\Claudia Layrisse\AppData\Local\Programs\Python\Python39\;C:\Users\Claudia Layrisse\AppData\Local\Programs\Microsoft VS Code\bin;C:\Users\Claudia Layrisse\AppData\Local\Microsoft\WindowsApps;C:\Users\Claudia Layrisse\AppData\Roaming\npm;C:\Program Files\heroku\bin
USERNAME=Claudia Layrisse
OS=Windows_NT
PROCESSOR_IDENTIFIER=Intel64 Family 6 Model 58 Stepping 9, GenuineIntel



---------------  S Y S T E M  ---------------

OS:
 Windows 10 , 64 bit Build 19041 (10.0.19041.1706)
OS uptime: 8 days 3:58 hours
Hyper-V role detected

CPU: total 8 (initial active 8) (4 cores per cpu, 2 threads per core) family 6 model 58 stepping 9 microcode 0x21, cx8, cmov, fxsr, ht, mmx, sse, sse2, sse3, ssse3, sse4.1, sse4.2, popcnt, tsc, tscinvbit, avx, aes, erms, clmul, vzeroupper, clflush, hv

Memory: 4k page, system-wide physical 12247M (3631M free)
TotalPageFile size 13147M (AvailPageFile size 4M)
current process WorkingSet (physical memory assigned to process): 150M, peak: 150M
current process commit charge ("private bytes"): 335M, peak: 336M

vm_info: Java HotSpot(TM) 64-Bit Server VM (17.0.3.1+2-LTS-6) for windows-amd64 JRE (17.0.3.1+2-LTS-6), built on Apr 25 2022 22:04:21 by "mach5one" with MS VC++ 16.8 / 16.9 (VS2019)

END.
