#
# There is insufficient memory for the Java Runtime Environment to continue.
# Native memory allocation (mmap) failed to map 12582912 bytes for G1 virtual space
# Possible reasons:
#   The system is out of physical RAM or swap space
#   The process is running with CompressedOops enabled, and the Java Heap may be blocking the growth of the native heap
# Possible solutions:
#   Reduce memory load on the system
#   Increase physical memory or swap space
#   Check if swap backing store is full
#   Decrease Java heap size (-Xmx/-Xms)
#   Decrease number of Java threads
#   Decrease Java thread stack sizes (-Xss)
#   Set larger code cache with -XX:ReservedCodeCacheSize=
#   JVM is running with Zero Based Compressed Oops mode in which the Java heap is
#     placed in the first 32GB address space. The Java Heap base address is the
#     maximum limit for the native heap growth. Please use -XX:HeapBaseMinAddress
#     to set the Java Heap base and to place the Java Heap above 32GB virtual address.
# This output file may be truncated or incomplete.
#
#  Out of Memory Error (os_windows.cpp:3535), pid=8484, tid=19888
#
# JRE version: Java(TM) SE Runtime Environment (17.0.3.1+2) (build 17.0.3.1+2-LTS-6)
# Java VM: Java HotSpot(TM) 64-Bit Server VM (17.0.3.1+2-LTS-6, mixed mode, sharing, tiered, compressed oops, compressed class ptrs, g1 gc, windows-amd64)
# No core dump will be written. Minidumps are not enabled by default on client versions of Windows
#

---------------  S U M M A R Y ------------

Command Line: -javaagent:C:\Users\Claudia Layrisse\AppData\Local\JetBrains\Toolbox\apps\IDEA-C\ch-0\221.5591.52\lib\idea_rt.jar=54754:C:\Users\Claudia Layrisse\AppData\Local\JetBrains\Toolbox\apps\IDEA-C\ch-0\221.5591.52\bin -Dfile.encoding=UTF-8 com.project.bankapi.BankApiApplication

Host: Intel(R) Core(TM) i7-3610QM CPU @ 2.30GHz, 8 cores, 11G,  Windows 10 , 64 bit Build 19041 (10.0.19041.1706)
Time: Wed Jun 15 18:54:02 2022 Romance Daylight Time elapsed time: 112.349271 seconds (0d 0h 1m 52s)

---------------  T H R E A D  ---------------

Current thread (0x0000029131e1ce20):  VMThread "VM Thread" [stack: 0x000000f946c00000,0x000000f946d00000] [id=19888]

Stack: [0x000000f946c00000,0x000000f946d00000]
Native frames: (J=compiled Java code, j=interpreted, Vv=VM code, C=native code)
V  [jvm.dll+0x6711ba]
V  [jvm.dll+0x7d0834]
V  [jvm.dll+0x7d1fde]
V  [jvm.dll+0x7d2643]
V  [jvm.dll+0x242c85]
V  [jvm.dll+0x66e0d9]
V  [jvm.dll+0x662a22]
V  [jvm.dll+0x300ddb]
V  [jvm.dll+0x308376]
V  [jvm.dll+0x357f7e]
V  [jvm.dll+0x3581af]
V  [jvm.dll+0x2d7ff8]
V  [jvm.dll+0x2d62c4]
V  [jvm.dll+0x2d58cc]
V  [jvm.dll+0x31933b]
V  [jvm.dll+0x7d6b1b]
V  [jvm.dll+0x7d7854]
V  [jvm.dll+0x7d7d6c]
V  [jvm.dll+0x7d8144]
V  [jvm.dll+0x7d8210]
V  [jvm.dll+0x780aca]
V  [jvm.dll+0x670045]
C  [ucrtbase.dll+0x21bb2]
C  [KERNEL32.DLL+0x17034]
C  [ntdll.dll+0x52651]

VM_Operation (0x000000f948efd950): G1CollectForAllocation, mode: safepoint, requested by thread 0x000002913818a920


---------------  P R O C E S S  ---------------

Threads class SMR info:
_java_thread_list=0x0000029137940380, length=32, elements={
0x0000029131e28300, 0x0000029131e29170, 0x0000029131e3a920, 0x0000029131e3e400,
0x0000029131e411d0, 0x0000029131e42b90, 0x0000029131e46e20, 0x0000029131e478c0,
0x0000029131e5b9a0, 0x0000029131e12000, 0x0000029132a92900, 0x0000029132a77730,
0x0000029138573640, 0x0000029134f45090, 0x0000029137556d40, 0x00000291354527b0,
0x0000029133a74640, 0x000002913818a920, 0x0000029134012570, 0x000002913ac4b8f0,
0x000002913b6c7b10, 0x0000029132df3700, 0x00000291384d3a30, 0x0000029133991ac0,
0x0000029133992930, 0x0000029133992e00, 0x0000029137a04ba0, 0x0000029137a0b0b0,
0x0000029137a08a30, 0x0000029137a03d30, 0x0000029137a03860, 0x0000029137a0a240
}

Java Threads: ( => current thread )
  0x0000029131e28300 JavaThread "Reference Handler" daemon [_thread_blocked, id=20496, stack(0x000000f946d00000,0x000000f946e00000)]
  0x0000029131e29170 JavaThread "Finalizer" daemon [_thread_blocked, id=16640, stack(0x000000f946e00000,0x000000f946f00000)]
  0x0000029131e3a920 JavaThread "Signal Dispatcher" daemon [_thread_blocked, id=17712, stack(0x000000f946f00000,0x000000f947000000)]
  0x0000029131e3e400 JavaThread "Attach Listener" daemon [_thread_blocked, id=12052, stack(0x000000f947000000,0x000000f947100000)]
  0x0000029131e411d0 JavaThread "Service Thread" daemon [_thread_blocked, id=21072, stack(0x000000f947100000,0x000000f947200000)]
  0x0000029131e42b90 JavaThread "Monitor Deflation Thread" daemon [_thread_blocked, id=7344, stack(0x000000f947200000,0x000000f947300000)]
  0x0000029131e46e20 JavaThread "C2 CompilerThread0" daemon [_thread_blocked, id=11476, stack(0x000000f947300000,0x000000f947400000)]
  0x0000029131e478c0 JavaThread "C1 CompilerThread0" daemon [_thread_blocked, id=20488, stack(0x000000f947400000,0x000000f947500000)]
  0x0000029131e5b9a0 JavaThread "Sweeper thread" daemon [_thread_blocked, id=9748, stack(0x000000f947500000,0x000000f947600000)]
  0x0000029131e12000 JavaThread "Common-Cleaner" daemon [_thread_blocked, id=8640, stack(0x000000f947600000,0x000000f947700000)]
  0x0000029132a92900 JavaThread "Monitor Ctrl-Break" daemon [_thread_in_native, id=19252, stack(0x000000f947800000,0x000000f947900000)]
  0x0000029132a77730 JavaThread "Notification Thread" daemon [_thread_blocked, id=10368, stack(0x000000f947900000,0x000000f947a00000)]
  0x0000029138573640 JavaThread "Catalina-utility-1" [_thread_blocked, id=7772, stack(0x000000f948600000,0x000000f948700000)]
  0x0000029134f45090 JavaThread "Catalina-utility-2" [_thread_blocked, id=20300, stack(0x000000f948700000,0x000000f948800000)]
  0x0000029137556d40 JavaThread "container-0" [_thread_blocked, id=14828, stack(0x000000f948800000,0x000000f948900000)]
  0x00000291354527b0 JavaThread "mysql-cj-abandoned-connection-cleanup" daemon [_thread_blocked, id=7932, stack(0x000000f948900000,0x000000f948a00000)]
  0x0000029133a74640 JavaThread "HikariPool-1 housekeeper" daemon [_thread_blocked, id=21368, stack(0x000000f948b00000,0x000000f948c00000)]
  0x000002913818a920 JavaThread "File Watcher" daemon [_thread_blocked, id=20280, stack(0x000000f948e00000,0x000000f948f00000)]
  0x0000029134012570 JavaThread "Live Reload Server" daemon [_thread_in_native, id=19748, stack(0x000000f949000000,0x000000f949100000)]
  0x000002913ac4b8f0 JavaThread "http-nio-8080-exec-1" daemon [_thread_blocked, id=2508, stack(0x000000f948f00000,0x000000f949000000)]
  0x000002913b6c7b10 JavaThread "http-nio-8080-exec-2" daemon [_thread_blocked, id=3656, stack(0x000000f949100000,0x000000f949200000)]
  0x0000029132df3700 JavaThread "http-nio-8080-exec-3" daemon [_thread_blocked, id=16380, stack(0x000000f949200000,0x000000f949300000)]
  0x00000291384d3a30 JavaThread "http-nio-8080-exec-4" daemon [_thread_blocked, id=4588, stack(0x000000f949300000,0x000000f949400000)]
  0x0000029133991ac0 JavaThread "http-nio-8080-exec-5" daemon [_thread_blocked, id=15044, stack(0x000000f949400000,0x000000f949500000)]
  0x0000029133992930 JavaThread "http-nio-8080-exec-6" daemon [_thread_blocked, id=444, stack(0x000000f949500000,0x000000f949600000)]
  0x0000029133992e00 JavaThread "http-nio-8080-exec-7" daemon [_thread_blocked, id=12664, stack(0x000000f949600000,0x000000f949700000)]
  0x0000029137a04ba0 JavaThread "http-nio-8080-exec-8" daemon [_thread_blocked, id=2488, stack(0x000000f949700000,0x000000f949800000)]
  0x0000029137a0b0b0 JavaThread "http-nio-8080-exec-9" daemon [_thread_blocked, id=12032, stack(0x000000f949800000,0x000000f949900000)]
  0x0000029137a08a30 JavaThread "http-nio-8080-exec-10" daemon [_thread_blocked, id=21256, stack(0x000000f949900000,0x000000f949a00000)]
  0x0000029137a03d30 JavaThread "http-nio-8080-Poller" daemon [_thread_in_native, id=17576, stack(0x000000f949a00000,0x000000f949b00000)]
  0x0000029137a03860 JavaThread "http-nio-8080-Acceptor" daemon [_thread_in_native, id=13316, stack(0x000000f949b00000,0x000000f949c00000)]
  0x0000029137a0a240 JavaThread "DestroyJavaVM" [_thread_blocked, id=5912, stack(0x000000f946600000,0x000000f946700000)]

Other Threads:
=>0x0000029131e1ce20 VMThread "VM Thread" [stack: 0x000000f946c00000,0x000000f946d00000] [id=19888]
  0x0000029132a2b770 WatcherThread [stack: 0x000000f947a00000,0x000000f947b00000] [id=9608]
  0x000002910f78baa0 GCTaskThread "GC Thread#0" [stack: 0x000000f946700000,0x000000f946800000] [id=13276]
  0x0000029133a3e140 GCTaskThread "GC Thread#1" [stack: 0x000000f947e00000,0x000000f947f00000] [id=9764]
  0x0000029133ed03e0 GCTaskThread "GC Thread#2" [stack: 0x000000f947f00000,0x000000f948000000] [id=17620]
  0x00000291339ece60 GCTaskThread "GC Thread#3" [stack: 0x000000f948000000,0x000000f948100000] [id=5084]
  0x00000291348dfc20 GCTaskThread "GC Thread#4" [stack: 0x000000f948100000,0x000000f948200000] [id=20968]
  0x00000291348dfed0 GCTaskThread "GC Thread#5" [stack: 0x000000f948200000,0x000000f948300000] [id=10024]
  0x0000029134703920 GCTaskThread "GC Thread#6" [stack: 0x000000f948300000,0x000000f948400000] [id=4424]
  0x0000029134041530 GCTaskThread "GC Thread#7" [stack: 0x000000f948400000,0x000000f948500000] [id=11416]
  0x000002910f798a00 ConcurrentGCThread "G1 Main Marker" [stack: 0x000000f946800000,0x000000f946900000] [id=20240]
  0x000002910f799bb0 ConcurrentGCThread "G1 Conc#0" [stack: 0x000000f946900000,0x000000f946a00000] [id=13920]
  0x0000029134d700e0 ConcurrentGCThread "G1 Conc#1" [stack: 0x000000f948500000,0x000000f948600000] [id=18968]
  0x000002910f7eb510 ConcurrentGCThread "G1 Refine#0" [stack: 0x000000f946a00000,0x000000f946b00000] [id=16816]
  0x0000029131cf20c0 ConcurrentGCThread "G1 Service" [stack: 0x000000f946b00000,0x000000f946c00000] [id=13508]

Threads with active compile tasks:

VM state: at safepoint (normal execution)

VM Mutex/Monitor currently owned by a thread:  ([mutex/lock_event])
[0x000002910f72f530] Threads_lock - owner thread: 0x0000029131e1ce20
[0x000002910f72f650] Heap_lock - owner thread: 0x000002913818a920

Heap address: 0x0000000740a00000, size: 3062 MB, Compressed Oops mode: Zero based, Oop shift amount: 3

CDS archive(s) mapped at: [0x0000000800000000-0x0000000800bc0000-0x0000000800bc0000), size 12320768, SharedBaseAddress: 0x0000000800000000, ArchiveRelocationMode: 0.
Compressed class space mapped at: 0x0000000800c00000-0x0000000840c00000, reserved size: 1073741824
Narrow klass base: 0x0000000800000000, Narrow klass shift: 0, Narrow klass range: 0x100000000

GC Precious Log:
 CPUs: 8 total, 8 available
 Memory: 12247M
 Large Page Support: Disabled
 NUMA Support: Disabled
 Compressed Oops: Enabled (Zero based)
 Heap Region Size: 2M
 Heap Min Capacity: 8M
 Heap Initial Capacity: 192M
 Heap Max Capacity: 3062M
 Pre-touch: Disabled
 Parallel Workers: 8
 Concurrent Workers: 2
 Concurrent Refinement Workers: 8
 Periodic GC: Disabled

Heap:
 garbage-first heap   total 55296K, used 29805K [0x0000000740a00000, 0x0000000800000000)
  region size 2048K, 1 young (2048K), 1 survivors (2048K)
 Metaspace       used 63531K, committed 63872K, reserved 1105920K
  class space    used 8595K, committed 8768K, reserved 1048576K

Heap Regions: E=young(eden), S=young(survivor), O=old, HS=humongous(starts), HC=humongous(continues), CS=collection set, F=free, OA=open archive, CA=closed archive, TAMS=top-at-mark-start (previous, next)
|   0|0x0000000740a00000, 0x0000000740c00000, 0x0000000740c00000|100%| O|  |TAMS 0x0000000740c00000, 0x0000000740c00000| Untracked 
|   1|0x0000000740c00000, 0x0000000740e00000, 0x0000000740e00000|100%| O|  |TAMS 0x0000000740e00000, 0x0000000740e00000| Untracked 
|   2|0x0000000740e00000, 0x0000000741000000, 0x0000000741000000|100%| O|  |TAMS 0x0000000741000000, 0x0000000741000000| Untracked 
|   3|0x0000000741000000, 0x0000000741200000, 0x0000000741200000|100%| O|  |TAMS 0x0000000741200000, 0x0000000741200000| Untracked 
|   4|0x0000000741200000, 0x0000000741400000, 0x0000000741400000|100%| O|  |TAMS 0x0000000741400000, 0x0000000741400000| Untracked 
|   5|0x0000000741400000, 0x0000000741600000, 0x0000000741600000|100%| O|  |TAMS 0x0000000741600000, 0x0000000741600000| Untracked 
|   6|0x0000000741600000, 0x0000000741800000, 0x0000000741800000|100%| O|  |TAMS 0x0000000741800000, 0x0000000741800000| Untracked 
|   7|0x0000000741800000, 0x0000000741800000, 0x0000000741a00000|  0%| F|  |TAMS 0x0000000741800000, 0x0000000741800000| Untracked 
|   8|0x0000000741a00000, 0x0000000741c00000, 0x0000000741c00000|100%| O|  |TAMS 0x0000000741c00000, 0x0000000741c00000| Untracked 
|   9|0x0000000741c00000, 0x0000000741e00000, 0x0000000741e00000|100%| O|  |TAMS 0x0000000741e00000, 0x0000000741e00000| Untracked 
|  10|0x0000000741e00000, 0x0000000742000000, 0x0000000742000000|100%| O|  |TAMS 0x0000000742000000, 0x0000000742000000| Untracked 
|  11|0x0000000742000000, 0x0000000742200000, 0x0000000742200000|100%| O|  |TAMS 0x000000074219ba00, 0x0000000742200000| Untracked 
|  12|0x0000000742200000, 0x0000000742400000, 0x0000000742400000|100%| O|  |TAMS 0x0000000742200000, 0x0000000742400000| Untracked 
|  13|0x0000000742400000, 0x0000000742600000, 0x0000000742600000|100%| O|  |TAMS 0x0000000742400000, 0x0000000742600000| Untracked 
|  14|0x0000000742600000, 0x0000000742800000, 0x0000000742800000|100%| O|  |TAMS 0x0000000742600000, 0x0000000742800000| Untracked 
|  15|0x0000000742800000, 0x00000007428a1e00, 0x0000000742a00000| 31%| O|  |TAMS 0x0000000742800000, 0x00000007428a1e00| Untracked 
|  16|0x0000000742a00000, 0x0000000742a00000, 0x0000000742c00000|  0%| F|  |TAMS 0x0000000742a00000, 0x0000000742a00000| Untracked 
|  17|0x0000000742c00000, 0x0000000742c00000, 0x0000000742e00000|  0%| F|  |TAMS 0x0000000742c00000, 0x0000000742c00000| Untracked 
|  18|0x0000000742e00000, 0x0000000742e00000, 0x0000000743000000|  0%| F|  |TAMS 0x0000000742e00000, 0x0000000742e00000| Untracked 
|  19|0x0000000743000000, 0x00000007430799b0, 0x0000000743200000| 23%| S|CS|TAMS 0x0000000743000000, 0x0000000743000000| Complete 
|  20|0x0000000743200000, 0x0000000743200000, 0x0000000743400000|  0%| F|  |TAMS 0x0000000743200000, 0x0000000743200000| Untracked 
|  21|0x0000000743400000, 0x0000000743400000, 0x0000000743600000|  0%| F|  |TAMS 0x0000000743400000, 0x0000000743400000| Untracked 
|  22|0x0000000743600000, 0x0000000743600000, 0x0000000743800000|  0%| F|  |TAMS 0x0000000743600000, 0x0000000743600000| Untracked 
|  61|0x0000000748400000, 0x0000000748400000, 0x0000000748600000|  0%| F|  |TAMS 0x0000000748400000, 0x0000000748400000| Untracked 
|  62|0x0000000748600000, 0x0000000748600000, 0x0000000748800000|  0%| F|  |TAMS 0x0000000748600000, 0x0000000748600000| Untracked 
|  63|0x0000000748800000, 0x0000000748800000, 0x0000000748a00000|  0%| F|  |TAMS 0x0000000748800000, 0x0000000748800000| Untracked 
|  95|0x000000074c800000, 0x000000074c800000, 0x000000074ca00000|  0%| F|  |TAMS 0x000000074c800000, 0x000000074c800000| Untracked 

Card table byte_map: [0x00000291287e0000,0x0000029128de0000] _byte_map_base: 0x0000029124ddb000

Marking Bits (Prev, Next): (CMBitMap*) 0x000002910f78c0f0, (CMBitMap*) 0x000002910f78c0b0
 Prev Bits: [0x000002912c3c0000, 0x000002912f398000)
 Next Bits: [0x00000291293e0000, 0x000002912c3b8000)

Polling page: 0x000002910f800000

Metaspace:

Usage:
  Non-class:     53.65 MB used.
      Class:      8.39 MB used.
       Both:     62.04 MB used.

Virtual space:
  Non-class space:       56.00 MB reserved,      53.81 MB ( 96%) committed,  7 nodes.
      Class space:        1.00 GB reserved,       8.56 MB ( <1%) committed,  1 nodes.
             Both:        1.05 GB reserved,      62.38 MB (  6%) committed. 

Chunk freelists:
   Non-Class:  1.38 MB
       Class:  3.38 MB
        Both:  4.76 MB

MaxMetaspaceSize: unlimited
CompressedClassSpaceSize: 1.00 GB
Initial GC threshold: 21.00 MB
Current GC threshold: 99.06 MB
CDS: on
MetaspaceReclaimPolicy: balanced
 - commit_granule_bytes: 65536.
 - commit_granule_words: 8192.
 - virtual_space_node_default_size: 1048576.
 - enlarge_chunks_in_place: 1.
 - new_chunks_are_fully_committed: 0.
 - uncommit_free_chunks: 1.
 - use_allocation_guard: 0.
 - handle_deallocations: 1.


Internal statistics:

num_allocs_failed_limit: 12.
num_arena_births: 494.
num_arena_deaths: 0.
num_vsnodes_births: 8.
num_vsnodes_deaths: 0.
num_space_committed: 998.
num_space_uncommitted: 0.
num_chunks_returned_to_freelist: 12.
num_chunks_taken_from_freelist: 2739.
num_chunk_merges: 12.
num_chunk_splits: 1930.
num_chunks_enlarged: 1502.
num_purges: 0.
num_inconsistent_stats: 0.

CodeHeap 'non-profiled nmethods': size=120000Kb used=4254Kb max_used=4254Kb free=115745Kb
 bounds [0x0000029120240000, 0x0000029120670000, 0x0000029127770000]
CodeHeap 'profiled nmethods': size=120000Kb used=12656Kb max_used=12656Kb free=107343Kb
 bounds [0x0000029118d10000, 0x0000029119970000, 0x0000029120240000]
CodeHeap 'non-nmethods': size=5760Kb used=1333Kb max_used=1406Kb free=4426Kb
 bounds [0x0000029118770000, 0x00000291189e0000, 0x0000029118d10000]
 total_blobs=6943 nmethods=6280 adapters=575
 compilation: enabled
              stopped_count=0, restarted_count=0
 full_count=0

Compilation events (20 events):
Event: 96.346 Thread 0x0000029131e46e20 7046       4       java.io.File::<init> (78 bytes)
Event: 96.351 Thread 0x0000029131e46e20 nmethod 7046 0x0000029120666d10 code [0x0000029120666ea0, 0x00000291206670a8]
Event: 97.430 Thread 0x0000029131e478c0 7047       3       java.util.logging.Logger::isLoggable (27 bytes)
Event: 97.431 Thread 0x0000029131e478c0 nmethod 7047 0x0000029119968090 code [0x0000029119968240, 0x0000029119968418]
Event: 101.076 Thread 0x0000029131e478c0 7048   !   3       java.util.AbstractSet::equals (45 bytes)
Event: 101.077 Thread 0x0000029131e478c0 nmethod 7048 0x0000029119968510 code [0x0000029119968700, 0x0000029119968e28]
Event: 102.136 Thread 0x0000029131e478c0 7049       3       org.springframework.boot.devtools.filewatch.DirectorySnapshot::filter (72 bytes)
Event: 102.137 Thread 0x0000029131e478c0 nmethod 7049 0x0000029119968f90 code [0x00000291199691e0, 0x0000029119969bd8]
Event: 105.846 Thread 0x0000029131e478c0 7052       3       java.util.concurrent.ScheduledThreadPoolExecutor$ScheduledFutureTask::getDelay (16 bytes)
Event: 105.847 Thread 0x0000029131e478c0 nmethod 7052 0x0000029119969e90 code [0x000002911996a040, 0x000002911996a1c8]
Event: 106.035 Thread 0x0000029131e478c0 7053       3       java.util.concurrent.ThreadPoolExecutor::workerCountOf (5 bytes)
Event: 106.035 Thread 0x0000029131e478c0 nmethod 7053 0x00000291190f5510 code [0x00000291190f56a0, 0x00000291190f5798]
Event: 106.846 Thread 0x0000029131e478c0 7054       3       java.util.concurrent.locks.AbstractQueuedSynchronizer$Node::<init> (5 bytes)
Event: 106.846 Thread 0x0000029131e478c0 nmethod 7054 0x000002911996a290 code [0x000002911996a420, 0x000002911996a578]
Event: 109.849 Thread 0x0000029131e478c0 7055       3       java.util.concurrent.locks.AbstractQueuedSynchronizer$Node::clearStatus (12 bytes)
Event: 109.849 Thread 0x0000029131e478c0 nmethod 7055 0x000002911996a610 code [0x000002911996a7c0, 0x000002911996a988]
Event: 109.849 Thread 0x0000029131e478c0 7056       3       jdk.internal.misc.Unsafe::putIntOpaque (9 bytes)
Event: 109.849 Thread 0x0000029131e478c0 nmethod 7056 0x000002911996aa10 code [0x000002911996aba0, 0x000002911996acb8]
Event: 111.844 Thread 0x0000029131e478c0 7057   !   3       java.util.concurrent.locks.AbstractQueuedSynchronizer::acquire (407 bytes)
Event: 111.846 Thread 0x0000029131e478c0 nmethod 7057 0x000002911996ad90 code [0x000002911996b120, 0x000002911996cb78]

GC Heap History (20 events):
Event: 8.788 GC heap after
{Heap after GC invocations=13 (full 0):
 garbage-first heap   total 55296K, used 22162K [0x0000000740a00000, 0x0000000800000000)
  region size 2048K, 2 young (4096K), 2 survivors (4096K)
 Metaspace       used 51195K, committed 51520K, reserved 1097728K
  class space    used 6942K, committed 7104K, reserved 1048576K
}
Event: 31.590 GC heap before
{Heap before GC invocations=13 (full 0):
 garbage-first heap   total 55296K, used 40594K [0x0000000740a00000, 0x0000000800000000)
  region size 2048K, 11 young (22528K), 2 survivors (4096K)
 Metaspace       used 53716K, committed 54080K, reserved 1097728K
  class space    used 7266K, committed 7424K, reserved 1048576K
}
Event: 31.594 GC heap after
{Heap after GC invocations=14 (full 0):
 garbage-first heap   total 55296K, used 23059K [0x0000000740a00000, 0x0000000800000000)
  region size 2048K, 2 young (4096K), 2 survivors (4096K)
 Metaspace       used 53716K, committed 54080K, reserved 1097728K
  class space    used 7266K, committed 7424K, reserved 1048576K
}
Event: 32.140 GC heap before
{Heap before GC invocations=14 (full 0):
 garbage-first heap   total 55296K, used 41491K [0x0000000740a00000, 0x0000000800000000)
  region size 2048K, 11 young (22528K), 2 survivors (4096K)
 Metaspace       used 56537K, committed 56832K, reserved 1105920K
  class space    used 7657K, committed 7808K, reserved 1048576K
}
Event: 32.145 GC heap after
{Heap after GC invocations=15 (full 0):
 garbage-first heap   total 55296K, used 24333K [0x0000000740a00000, 0x0000000800000000)
  region size 2048K, 2 young (4096K), 2 survivors (4096K)
 Metaspace       used 56537K, committed 56832K, reserved 1105920K
  class space    used 7657K, committed 7808K, reserved 1048576K
}
Event: 32.374 GC heap before
{Heap before GC invocations=15 (full 0):
 garbage-first heap   total 55296K, used 40717K [0x0000000740a00000, 0x0000000800000000)
  region size 2048K, 10 young (20480K), 2 survivors (4096K)
 Metaspace       used 57151K, committed 57600K, reserved 1105920K
  class space    used 7733K, committed 7936K, reserved 1048576K
}
Event: 32.378 GC heap after
{Heap after GC invocations=16 (full 0):
 garbage-first heap   total 55296K, used 25133K [0x0000000740a00000, 0x0000000800000000)
  region size 2048K, 2 young (4096K), 2 survivors (4096K)
 Metaspace       used 57151K, committed 57600K, reserved 1105920K
  class space    used 7733K, committed 7936K, reserved 1048576K
}
Event: 32.560 GC heap before
{Heap before GC invocations=16 (full 0):
 garbage-first heap   total 55296K, used 41517K [0x0000000740a00000, 0x0000000800000000)
  region size 2048K, 10 young (20480K), 2 survivors (4096K)
 Metaspace       used 57333K, committed 57792K, reserved 1105920K
  class space    used 7743K, committed 8000K, reserved 1048576K
}
Event: 32.562 GC heap after
{Heap after GC invocations=17 (full 0):
 garbage-first heap   total 55296K, used 25639K [0x0000000740a00000, 0x0000000800000000)
  region size 2048K, 2 young (4096K), 2 survivors (4096K)
 Metaspace       used 57333K, committed 57792K, reserved 1105920K
  class space    used 7743K, committed 8000K, reserved 1048576K
}
Event: 32.662 GC heap before
{Heap before GC invocations=17 (full 0):
 garbage-first heap   total 55296K, used 42023K [0x0000000740a00000, 0x0000000800000000)
  region size 2048K, 10 young (20480K), 2 survivors (4096K)
 Metaspace       used 57494K, committed 57984K, reserved 1105920K
  class space    used 7750K, committed 8000K, reserved 1048576K
}
Event: 32.665 GC heap after
{Heap after GC invocations=18 (full 0):
 garbage-first heap   total 55296K, used 26023K [0x0000000740a00000, 0x0000000800000000)
  region size 2048K, 1 young (2048K), 1 survivors (2048K)
 Metaspace       used 57494K, committed 57984K, reserved 1105920K
  class space    used 7750K, committed 8000K, reserved 1048576K
}
Event: 33.211 GC heap before
{Heap before GC invocations=18 (full 0):
 garbage-first heap   total 55296K, used 44455K [0x0000000740a00000, 0x0000000800000000)
  region size 2048K, 10 young (20480K), 1 survivors (2048K)
 Metaspace       used 59738K, committed 60160K, reserved 1105920K
  class space    used 8063K, committed 8256K, reserved 1048576K
}
Event: 33.216 GC heap after
{Heap after GC invocations=19 (full 0):
 garbage-first heap   total 55296K, used 27819K [0x0000000740a00000, 0x0000000800000000)
  region size 2048K, 2 young (4096K), 2 survivors (4096K)
 Metaspace       used 59738K, committed 60160K, reserved 1105920K
  class space    used 8063K, committed 8256K, reserved 1048576K
}
Event: 33.335 GC heap before
{Heap before GC invocations=19 (full 0):
 garbage-first heap   total 55296K, used 31915K [0x0000000740a00000, 0x0000000800000000)
  region size 2048K, 5 young (10240K), 2 survivors (4096K)
 Metaspace       used 60120K, committed 60480K, reserved 1105920K
  class space    used 8129K, committed 8320K, reserved 1048576K
}
Event: 33.341 GC heap after
{Heap after GC invocations=20 (full 0):
 garbage-first heap   total 55296K, used 28204K [0x0000000740a00000, 0x0000000800000000)
  region size 2048K, 2 young (4096K), 2 survivors (4096K)
 Metaspace       used 60120K, committed 60480K, reserved 1105920K
  class space    used 8129K, committed 8320K, reserved 1048576K
}
Event: 33.779 GC heap before
{Heap before GC invocations=21 (full 0):
 garbage-first heap   total 55296K, used 42540K [0x0000000740a00000, 0x0000000800000000)
  region size 2048K, 9 young (18432K), 2 survivors (4096K)
 Metaspace       used 61596K, committed 62016K, reserved 1105920K
  class space    used 8359K, committed 8576K, reserved 1048576K
}
Event: 33.783 GC heap after
{Heap after GC invocations=22 (full 0):
 garbage-first heap   total 55296K, used 29939K [0x0000000740a00000, 0x0000000800000000)
  region size 2048K, 2 young (4096K), 2 survivors (4096K)
 Metaspace       used 61596K, committed 62016K, reserved 1105920K
  class space    used 8359K, committed 8576K, reserved 1048576K
}
Event: 33.965 GC heap before
{Heap before GC invocations=22 (full 0):
 garbage-first heap   total 55296K, used 31987K [0x0000000740a00000, 0x0000000800000000)
  region size 2048K, 3 young (6144K), 2 survivors (4096K)
 Metaspace       used 62070K, committed 62464K, reserved 1105920K
  class space    used 8419K, committed 8640K, reserved 1048576K
}
Event: 33.970 GC heap after
{Heap after GC invocations=23 (full 0):
 garbage-first heap   total 55296K, used 29766K [0x0000000740a00000, 0x0000000800000000)
  region size 2048K, 1 young (2048K), 1 survivors (2048K)
 Metaspace       used 62070K, committed 62464K, reserved 1105920K
  class space    used 8419K, committed 8640K, reserved 1048576K
}
Event: 112.343 GC heap before
{Heap before GC invocations=23 (full 0):
 garbage-first heap   total 55296K, used 42054K [0x0000000740a00000, 0x0000000800000000)
  region size 2048K, 7 young (14336K), 1 survivors (2048K)
 Metaspace       used 63531K, committed 63872K, reserved 1105920K
  class space    used 8595K, committed 8768K, reserved 1048576K
}

Deoptimization events (20 events):
Event: 33.868 Thread 0x00000291340269d0 DEOPT PACKING pc=0x0000029118f3dd43 sp=0x000000f947dfda80
Event: 33.868 Thread 0x00000291340269d0 DEOPT UNPACKING pc=0x00000291187c2b43 sp=0x000000f947dfcf08 mode 0
Event: 33.971 Thread 0x00000291340269d0 Uncommon trap: trap_request=0xffffff45 fr.pc=0x00000291206250a8 relative=0x00000000000019a8
Event: 33.971 Thread 0x00000291340269d0 Uncommon trap: reason=unstable_if action=reinterpret pc=0x00000291206250a8 method=org.springframework.transaction.annotation.SpringTransactionAnnotationParser.parseTransactionAnnotation(Ljava/lang/reflect/AnnotatedElement;)Lorg/springframework/transaction
Event: 33.971 Thread 0x00000291340269d0 DEOPT PACKING pc=0x00000291206250a8 sp=0x000000f947dfdc50
Event: 33.971 Thread 0x00000291340269d0 DEOPT UNPACKING pc=0x00000291187c23a3 sp=0x000000f947dfdbc8 mode 2
Event: 34.023 Thread 0x00000291340269d0 Uncommon trap: trap_request=0xffffff45 fr.pc=0x00000291202b4084 relative=0x0000000000000084
Event: 34.023 Thread 0x00000291340269d0 Uncommon trap: reason=unstable_if action=reinterpret pc=0x00000291202b4084 method=java.lang.CharacterDataLatin1.isWhitespace(I)Z @ 14 c2
Event: 34.023 Thread 0x00000291340269d0 DEOPT PACKING pc=0x00000291202b4084 sp=0x000000f947dfb010
Event: 34.023 Thread 0x00000291340269d0 DEOPT UNPACKING pc=0x00000291187c23a3 sp=0x000000f947dfaf80 mode 2
Event: 34.059 Thread 0x00000291340269d0 Uncommon trap: trap_request=0xffffff45 fr.pc=0x0000029120528edc relative=0x000000000000005c
Event: 34.059 Thread 0x00000291340269d0 Uncommon trap: reason=unstable_if action=reinterpret pc=0x0000029120528edc method=java.util.Objects.equals(Ljava/lang/Object;Ljava/lang/Object;)Z @ 6 c2
Event: 34.059 Thread 0x00000291340269d0 DEOPT PACKING pc=0x0000029120528edc sp=0x000000f947dfd030
Event: 34.059 Thread 0x00000291340269d0 DEOPT UNPACKING pc=0x00000291187c23a3 sp=0x000000f947dfcfd0 mode 2
Event: 34.405 Thread 0x00000291340269d0 Uncommon trap: trap_request=0xffffff45 fr.pc=0x0000029120393fc4 relative=0x00000000000001a4
Event: 34.405 Thread 0x00000291340269d0 Uncommon trap: reason=unstable_if action=reinterpret pc=0x0000029120393fc4 method=java.util.IdentityHashMap.maskNull(Ljava/lang/Object;)Ljava/lang/Object; @ 1 c2
Event: 34.405 Thread 0x00000291340269d0 DEOPT PACKING pc=0x0000029120393fc4 sp=0x000000f947dfb450
Event: 34.405 Thread 0x00000291340269d0 DEOPT UNPACKING pc=0x00000291187c23a3 sp=0x000000f947dfb378 mode 2
Event: 34.572 Thread 0x00000291340269d0 DEOPT PACKING pc=0x000002911903f296 sp=0x000000f947dfda10
Event: 34.572 Thread 0x00000291340269d0 DEOPT UNPACKING pc=0x00000291187c2b43 sp=0x000000f947dfce68 mode 0

Classes unloaded (0 events):
No events

Classes redefined (0 events):
No events

Internal exceptions (20 events):
Event: 33.412 Thread 0x00000291340269d0 Exception <a 'java/lang/NoSuchMethodError'{0x000000074883a650}: 'java.lang.Object java.lang.invoke.DirectMethodHandle$Holder.invokeInterface(java.lang.Object, java.lang.Object, java.lang.Object, java.lang.Object)'> (0x000000074883a650) 
thrown [t:\workspace\open\src\hotspot\share\interpreter\linkResolver.cpp, line 766]
Event: 33.469 Thread 0x00000291340269d0 Exception <a 'java/lang/NoSuchMethodError'{0x00000007489f3348}: 'void java.lang.invoke.DirectMethodHandle$Holder.invokeVirtual(java.lang.Object, java.lang.Object, int)'> (0x00000007489f3348) 
thrown [t:\workspace\open\src\hotspot\share\interpreter\linkResolver.cpp, line 766]
Event: 33.472 Thread 0x00000291340269d0 Exception <a 'java/lang/NoSuchMethodError'{0x000000074860e288}: 'void java.lang.invoke.DirectMethodHandle$Holder.invokeVirtual(java.lang.Object, java.lang.Object, long)'> (0x000000074860e288) 
thrown [t:\workspace\open\src\hotspot\share\interpreter\linkResolver.cpp, line 766]
Event: 33.657 Thread 0x00000291340269d0 Exception <a 'java/lang/ClassNotFoundException'{0x0000000743151f78}: java/lang/ObjectCustomizer> (0x0000000743151f78) 
thrown [t:\workspace\open\src\hotspot\share\classfile\systemDictionary.cpp, line 256]
Event: 33.658 Thread 0x00000291340269d0 Exception <a 'java/lang/ClassNotFoundException'{0x000000074315a4d0}: org/springframework/security/config/annotation/web/configuration/WebSecurityConfigurationCustomizer> (0x000000074315a4d0) 
thrown [t:\workspace\open\src\hotspot\share\classfile\systemDictionary.cpp, line 256]
Event: 33.659 Thread 0x00000291340269d0 Exception <a 'java/lang/ClassNotFoundException'{0x0000000743167c08}: org/springframework/context/annotation/ImportAwareCustomizer> (0x0000000743167c08) 
thrown [t:\workspace\open\src\hotspot\share\classfile\systemDictionary.cpp, line 256]
Event: 33.660 Thread 0x00000291340269d0 Exception <a 'java/lang/ClassNotFoundException'{0x000000074316d028}: org/springframework/beans/factory/AwareCustomizer> (0x000000074316d028) 
thrown [t:\workspace\open\src\hotspot\share\classfile\systemDictionary.cpp, line 256]
Event: 33.661 Thread 0x00000291340269d0 Exception <a 'java/lang/ClassNotFoundException'{0x0000000743171888}: org/springframework/beans/factory/BeanClassLoaderAwareCustomizer> (0x0000000743171888) 
thrown [t:\workspace\open\src\hotspot\share\classfile\systemDictionary.cpp, line 256]
Event: 33.661 Thread 0x00000291340269d0 Exception <a 'java/lang/ClassNotFoundException'{0x0000000743176c88}: org/springframework/beans/factory/AwareCustomizer> (0x0000000743176c88) 
thrown [t:\workspace\open\src\hotspot\share\classfile\systemDictionary.cpp, line 256]
Event: 33.796 Thread 0x00000291340269d0 Exception <a 'java/lang/NoSuchMethodError'{0x000000074c899930}: 'java.lang.Object java.lang.invoke.DirectMethodHandle$Holder.invokeSpecial(java.lang.Object, java.lang.Object, int, java.lang.Object, int, java.lang.Object)'> (0x000000074c899930) 
thrown [t:\workspace\open\src\hotspot\share\interpreter\linkResolver.cpp, line 766]
Event: 33.797 Thread 0x00000291340269d0 Exception <a 'java/lang/NoSuchMethodError'{0x000000074c8a19d8}: 'java.lang.Object java.lang.invoke.DirectMethodHandle$Holder.newInvokeSpecial(java.lang.Object, java.lang.Object, int, java.lang.Object, int)'> (0x000000074c8a19d8) 
thrown [t:\workspace\open\src\hotspot\share\interpreter\linkResolver.cpp, line 766]
Event: 33.797 Thread 0x00000291340269d0 Exception <a 'java/lang/NoSuchMethodError'{0x000000074c8a5db0}: 'java.lang.Object java.lang.invoke.DirectMethodHandle$Holder.invokeSpecial(java.lang.Object, java.lang.Object, java.lang.Object, int, java.lang.Object, int)'> (0x000000074c8a5db0) 
thrown [t:\workspace\open\src\hotspot\share\interpreter\linkResolver.cpp, line 766]
Event: 33.799 Thread 0x00000291340269d0 Exception <a 'java/lang/NoSuchMethodError'{0x000000074c8afeb0}: 'void java.lang.invoke.DirectMethodHandle$Holder.invokeVirtual(java.lang.Object, java.lang.Object)'> (0x000000074c8afeb0) 
thrown [t:\workspace\open\src\hotspot\share\interpreter\linkResolver.cpp, line 766]
Event: 33.986 Thread 0x00000291340269d0 Exception <a 'java/lang/ClassNotFoundException'{0x000000074c86e030}: java/lang/ObjectCustomizer> (0x000000074c86e030) 
thrown [t:\workspace\open\src\hotspot\share\classfile\systemDictionary.cpp, line 256]
Event: 33.987 Thread 0x00000291340269d0 Exception <a 'java/lang/ClassNotFoundException'{0x000000074c877580}: com/project/bankapi/model/mUser/UserCustomizer> (0x000000074c877580) 
thrown [t:\workspace\open\src\hotspot\share\classfile\systemDictionary.cpp, line 256]
Event: 34.401 Thread 0x00000291340269d0 Exception <a 'java/lang/NoSuchMethodError'{0x0000000748426210}: 'java.lang.Object java.lang.invoke.DirectMethodHandle$Holder.invokeStaticInit(java.lang.Object, java.lang.Object, java.lang.Object, java.lang.Object, java.lang.Object, java.lang.Object)'> (0x0000000748426210) 
thrown [t:\workspace\open\src\hotspot\share\interpreter\linkResolver.cpp, line 766]
Event: 34.405 Thread 0x00000291340269d0 Implicit null exception at 0x0000029120393e4f to 0x0000029120393fb0
Event: 34.681 Thread 0x00000291340269d0 Exception <a 'java/lang/ClassNotFoundException'{0x000000074846f9b8}: java/lang/ObjectCustomizer> (0x000000074846f9b8) 
thrown [t:\workspace\open\src\hotspot\share\classfile\systemDictionary.cpp, line 256]
Event: 34.682 Thread 0x00000291340269d0 Exception <a 'java/lang/ClassNotFoundException'{0x00000007484791b8}: com/project/bankapi/model/mUser/UserCustomizer> (0x00000007484791b8) 
thrown [t:\workspace\open\src\hotspot\share\classfile\systemDictionary.cpp, line 256]
Event: 34.683 Thread 0x00000291340269d0 Exception <a 'java/lang/ClassNotFoundException'{0x0000000748485738}: com/project/bankapi/model/mUser/AccountHolderCustomizer> (0x0000000748485738) 
thrown [t:\workspace\open\src\hotspot\share\classfile\systemDictionary.cpp, line 256]

VM Operations (20 events):
Event: 33.863 Executing VM operation: HandshakeAllThreads done
Event: 33.965 Executing VM operation: G1CollectForAllocation
Event: 33.970 Executing VM operation: G1CollectForAllocation done
Event: 33.985 Executing VM operation: HandshakeAllThreads
Event: 33.985 Executing VM operation: HandshakeAllThreads done
Event: 34.988 Executing VM operation: Cleanup
Event: 34.988 Executing VM operation: Cleanup done
Event: 37.002 Executing VM operation: Cleanup
Event: 37.002 Executing VM operation: Cleanup done
Event: 44.081 Executing VM operation: Cleanup
Event: 44.081 Executing VM operation: Cleanup done
Event: 66.290 Executing VM operation: Cleanup
Event: 66.291 Executing VM operation: Cleanup done
Event: 67.303 Executing VM operation: Cleanup
Event: 67.303 Executing VM operation: Cleanup done
Event: 78.403 Executing VM operation: Cleanup
Event: 78.403 Executing VM operation: Cleanup done
Event: 102.648 Executing VM operation: Cleanup
Event: 102.648 Executing VM operation: Cleanup done
Event: 112.343 Executing VM operation: G1CollectForAllocation

Events (20 events):
Event: 33.843 loading class java/util/TreeMap$TreeMapSpliterator done
Event: 33.843 loading class java/util/TreeMap$ValueSpliterator done
Event: 33.986 loading class java/lang/ObjectCustomizer
Event: 33.986 loading class java/lang/ObjectCustomizer done
Event: 33.986 loading class java/lang/ObjectCustomizer
Event: 33.986 loading class java/lang/ObjectCustomizer done
Event: 34.333 Thread 0x0000029133a9de30 Thread exited: 0x0000029133a9de30
Event: 34.333 Thread 0x0000029132973d40 Thread exited: 0x0000029132973d40
Event: 34.681 loading class java/lang/ObjectCustomizer
Event: 34.681 loading class java/lang/ObjectCustomizer done
Event: 34.681 loading class java/lang/ObjectCustomizer
Event: 34.681 loading class java/lang/ObjectCustomizer done
Event: 34.939 Thread 0x00000291340269d0 Thread exited: 0x00000291340269d0
Event: 34.944 loading class java/util/stream/LongStream
Event: 34.944 loading class java/util/stream/LongStream done
Event: 34.944 loading class java/util/stream/DoubleStream
Event: 34.945 loading class java/util/stream/DoubleStream done
Event: 34.946 Thread 0x0000029133a00430 Thread exited: 0x0000029133a00430
Event: 34.946 Thread 0x000002910f732ab0 Thread exited: 0x000002910f732ab0
Event: 34.947 Thread 0x0000029137a0a240 Thread added: 0x0000029137a0a240


Dynamic libraries:
0x00007ff7071b0000 - 0x00007ff7071c0000 	C:\Program Files\Java\jdk-17.0.3.1\bin\java.exe
0x00007ff825f30000 - 0x00007ff826125000 	C:\WINDOWS\SYSTEM32\ntdll.dll
0x00007ff812550000 - 0x00007ff812566000 	C:\Program Files (x86)\AVG\Antivirus\aswhook.dll
0x00007ff8258d0000 - 0x00007ff82598d000 	C:\WINDOWS\System32\KERNEL32.DLL
0x00007ff822fa0000 - 0x00007ff82326d000 	C:\WINDOWS\System32\KERNELBASE.dll
0x00007ff822e70000 - 0x00007ff822f70000 	C:\WINDOWS\System32\ucrtbase.dll
0x00007ff80c610000 - 0x00007ff80c628000 	C:\Program Files\Java\jdk-17.0.3.1\bin\jli.dll
0x00007ff806780000 - 0x00007ff80679a000 	C:\Program Files\Java\jdk-17.0.3.1\bin\VCRUNTIME140.dll
0x00007ff825e40000 - 0x00007ff825eee000 	C:\WINDOWS\System32\ADVAPI32.dll
0x00007ff825200000 - 0x00007ff82529e000 	C:\WINDOWS\System32\msvcrt.dll
0x00007ff825830000 - 0x00007ff8258cc000 	C:\WINDOWS\System32\sechost.dll
0x00007ff824590000 - 0x00007ff8246b5000 	C:\WINDOWS\System32\RPCRT4.dll
0x00007ff825310000 - 0x00007ff8254b0000 	C:\WINDOWS\System32\USER32.dll
0x00007ff822c80000 - 0x00007ff822ca2000 	C:\WINDOWS\System32\win32u.dll
0x00007ff81ab20000 - 0x00007ff81adba000 	C:\WINDOWS\WinSxS\amd64_microsoft.windows.common-controls_6595b64144ccf1df_6.0.19041.1110_none_60b5254171f9507e\COMCTL32.dll
0x00007ff825e10000 - 0x00007ff825e3a000 	C:\WINDOWS\System32\GDI32.dll
0x00007ff822cb0000 - 0x00007ff822dbb000 	C:\WINDOWS\System32\gdi32full.dll
0x00007ff822dd0000 - 0x00007ff822e6d000 	C:\WINDOWS\System32\msvcp_win.dll
0x00007ff81b910000 - 0x00007ff81b91a000 	C:\WINDOWS\SYSTEM32\VERSION.dll
0x00007ff825540000 - 0x00007ff825570000 	C:\WINDOWS\System32\IMM32.DLL
0x00007ff81c800000 - 0x00007ff81c80c000 	C:\Program Files\Java\jdk-17.0.3.1\bin\vcruntime140_1.dll
0x00007ffffa8a0000 - 0x00007ffffa92d000 	C:\Program Files\Java\jdk-17.0.3.1\bin\msvcp140.dll
0x00007fffd6ab0000 - 0x00007fffd7670000 	C:\Program Files\Java\jdk-17.0.3.1\bin\server\jvm.dll
0x00007ff8246c0000 - 0x00007ff8246c8000 	C:\WINDOWS\System32\PSAPI.DLL
0x00007ff810c30000 - 0x00007ff810c39000 	C:\WINDOWS\SYSTEM32\WSOCK32.dll
0x00007ff81b670000 - 0x00007ff81b697000 	C:\WINDOWS\SYSTEM32\WINMM.dll
0x00007ff8252a0000 - 0x00007ff82530b000 	C:\WINDOWS\System32\WS2_32.dll
0x00007ff820b20000 - 0x00007ff820b32000 	C:\WINDOWS\SYSTEM32\kernel.appcore.dll
0x00007ff815020000 - 0x00007ff81502a000 	C:\Program Files\Java\jdk-17.0.3.1\bin\jimage.dll
0x00007ff81b100000 - 0x00007ff81b2e4000 	C:\WINDOWS\SYSTEM32\DBGHELP.DLL
0x00007ff81b0d0000 - 0x00007ff81b0fc000 	C:\WINDOWS\SYSTEM32\dbgcore.DLL
0x00007ff8233d0000 - 0x00007ff823452000 	C:\WINDOWS\System32\bcryptPrimitives.dll
0x00007ff81dd40000 - 0x00007ff81dd4e000 	C:\Program Files\Java\jdk-17.0.3.1\bin\instrument.dll
0x00007ff806400000 - 0x00007ff806425000 	C:\Program Files\Java\jdk-17.0.3.1\bin\java.dll
0x00007ffff2740000 - 0x00007ffff2816000 	C:\Program Files\Java\jdk-17.0.3.1\bin\jsvml.dll
0x00007ff824990000 - 0x00007ff8250d4000 	C:\WINDOWS\System32\SHELL32.dll
0x00007ff820d20000 - 0x00007ff8214b4000 	C:\WINDOWS\SYSTEM32\windows.storage.dll
0x00007ff823ba0000 - 0x00007ff823ef4000 	C:\WINDOWS\System32\combase.dll
0x00007ff8225e0000 - 0x00007ff82260c000 	C:\WINDOWS\SYSTEM32\Wldp.dll
0x00007ff823f00000 - 0x00007ff823fad000 	C:\WINDOWS\System32\SHCORE.dll
0x00007ff823630000 - 0x00007ff823685000 	C:\WINDOWS\System32\shlwapi.dll
0x00007ff822b90000 - 0x00007ff822baf000 	C:\WINDOWS\SYSTEM32\profapi.dll
0x00007ff804330000 - 0x00007ff804348000 	C:\Program Files\Java\jdk-17.0.3.1\bin\zip.dll
0x00007ff8060a0000 - 0x00007ff8060b9000 	C:\Program Files\Java\jdk-17.0.3.1\bin\net.dll
0x00007ff811fe0000 - 0x00007ff8120ea000 	C:\WINDOWS\SYSTEM32\WINHTTP.dll
0x00007ff8223b0000 - 0x00007ff82241a000 	C:\WINDOWS\system32\mswsock.dll
0x00007ff804350000 - 0x00007ff804366000 	C:\Program Files\Java\jdk-17.0.3.1\bin\nio.dll
0x00007ff81c810000 - 0x00007ff81c82a000 	C:\Users\Claudia Layrisse\AppData\Local\JetBrains\Toolbox\apps\IDEA-C\ch-0\221.5591.52\bin\breakgen64.dll
0x00007ff814db0000 - 0x00007ff814dc0000 	C:\Program Files\Java\jdk-17.0.3.1\bin\verify.dll
0x00007ff81dd30000 - 0x00007ff81dd39000 	C:\Program Files\Java\jdk-17.0.3.1\bin\management.dll
0x00007ff8174c0000 - 0x00007ff8174cb000 	C:\Program Files\Java\jdk-17.0.3.1\bin\management_ext.dll
0x00007ff80bfe0000 - 0x00007ff80bff7000 	C:\WINDOWS\system32\napinsp.dll
0x00007ff80bfc0000 - 0x00007ff80bfdb000 	C:\WINDOWS\system32\pnrpnsp.dll
0x00007ff819750000 - 0x00007ff819765000 	C:\WINDOWS\system32\wshbth.dll
0x00007ff81e660000 - 0x00007ff81e67d000 	C:\WINDOWS\system32\NLAapi.dll
0x00007ff822080000 - 0x00007ff8220bb000 	C:\WINDOWS\SYSTEM32\IPHLPAPI.DLL
0x00007ff8220c0000 - 0x00007ff82218b000 	C:\WINDOWS\SYSTEM32\DNSAPI.dll
0x00007ff823a30000 - 0x00007ff823a38000 	C:\WINDOWS\System32\NSI.dll
0x00007ff80bfa0000 - 0x00007ff80bfb2000 	C:\WINDOWS\System32\winrnr.dll
0x00007ff811fa0000 - 0x00007ff811faa000 	C:\Windows\System32\rasadhlp.dll
0x00007ff8120f0000 - 0x00007ff812170000 	C:\WINDOWS\System32\fwpuclnt.dll
0x00007ff822c50000 - 0x00007ff822c77000 	C:\WINDOWS\System32\bcrypt.dll
0x00007ff822910000 - 0x00007ff822928000 	C:\WINDOWS\SYSTEM32\CRYPTSP.dll
0x00007ff821cf0000 - 0x00007ff821d24000 	C:\WINDOWS\system32\rsaenh.dll
0x00007ff822b50000 - 0x00007ff822b7e000 	C:\WINDOWS\SYSTEM32\USERENV.dll
0x00007ff822540000 - 0x00007ff82254c000 	C:\WINDOWS\SYSTEM32\CRYPTBASE.dll
0x00007ff8151e0000 - 0x00007ff8151f7000 	C:\WINDOWS\SYSTEM32\dhcpcsvc6.DLL
0x00007ff8152b0000 - 0x00007ff8152cd000 	C:\WINDOWS\SYSTEM32\dhcpcsvc.DLL
0x00007ff8174b0000 - 0x00007ff8174be000 	C:\Program Files\Java\jdk-17.0.3.1\bin\sunmscapi.dll
0x00007ff823270000 - 0x00007ff8233c6000 	C:\WINDOWS\System32\CRYPT32.dll
0x00007ff822650000 - 0x00007ff822677000 	C:\WINDOWS\SYSTEM32\ncrypt.dll
0x00007ff822610000 - 0x00007ff82264b000 	C:\WINDOWS\SYSTEM32\NTASN1.dll
0x00007ff8174a0000 - 0x00007ff8174a7000 	C:\WINDOWS\system32\wshunix.dll

dbghelp: loaded successfully - version: 4.0.5 - missing functions: none
symbol engine: initialized successfully - sym options: 0x614 - pdb path: .;C:\Program Files\Java\jdk-17.0.3.1\bin;C:\WINDOWS\SYSTEM32;C:\Program Files (x86)\AVG\Antivirus;C:\WINDOWS\WinSxS\amd64_microsoft.windows.common-controls_6595b64144ccf1df_6.0.19041.1110_none_60b5254171f9507e;C:\Program Files\Java\jdk-17.0.3.1\bin\server;C:\Users\Claudia Layrisse\AppData\Local\JetBrains\Toolbox\apps\IDEA-C\ch-0\221.5591.52\bin

VM Arguments:
jvm_args: -javaagent:C:\Users\Claudia Layrisse\AppData\Local\JetBrains\Toolbox\apps\IDEA-C\ch-0\221.5591.52\lib\idea_rt.jar=54754:C:\Users\Claudia Layrisse\AppData\Local\JetBrains\Toolbox\apps\IDEA-C\ch-0\221.5591.52\bin -Dfile.encoding=UTF-8 
java_command: com.project.bankapi.BankApiApplication
java_class_path (initial): C:\Users\Claudia Layrisse\Desktop\ironhack\java\java-bank-api\bank-api\target\classes;C:\Users\Claudia Layrisse\.m2\repository\org\springframework\boot\spring-boot-starter-data-jpa\2.7.0\spring-boot-starter-data-jpa-2.7.0.jar;C:\Users\Claudia Layrisse\.m2\repository\org\springframework\boot\spring-boot-starter-aop\2.7.0\spring-boot-starter-aop-2.7.0.jar;C:\Users\Claudia Layrisse\.m2\repository\org\aspectj\aspectjweaver\1.9.7\aspectjweaver-1.9.7.jar;C:\Users\Claudia Layrisse\.m2\repository\org\springframework\boot\spring-boot-starter-jdbc\2.7.0\spring-boot-starter-jdbc-2.7.0.jar;C:\Users\Claudia Layrisse\.m2\repository\com\zaxxer\HikariCP\4.0.3\HikariCP-4.0.3.jar;C:\Users\Claudia Layrisse\.m2\repository\org\springframework\spring-jdbc\5.3.20\spring-jdbc-5.3.20.jar;C:\Users\Claudia Layrisse\.m2\repository\jakarta\transaction\jakarta.transaction-api\1.3.3\jakarta.transaction-api-1.3.3.jar;C:\Users\Claudia Layrisse\.m2\repository\jakarta\persistence\jakarta.persistence-api\2.2.3\jakarta.persistence-api-2.2.3.jar;C:\Users\Claudia Layrisse\.m2\repository\org\hibernate\hibernate-core\5.6.9.Final\hibernate-core-5.6.9.Final.jar;C:\Users\Claudia Layrisse\.m2\repository\org\jboss\logging\jboss-logging\3.4.3.Final\jboss-logging-3.4.3.Final.jar;C:\Users\Claudia Layrisse\.m2\repository\net\bytebuddy\byte-buddy\1.12.10\byte-buddy-1.12.10.jar;C:\Users\Claudia Layrisse\.m2\repository\antlr\antlr\2.7.7\antlr-2.7.7.jar;C:\Users\Claudia Layrisse\.m2\repository\org\jboss\jandex\2.4.2.Final\jandex-2.4.2.Final.jar;C:\Users\Claudia Layrisse\.m2\repository\com\fasterxml\classmate\1.5.1\classmate-1.5.1.jar;C:\Users\Claudia Layrisse\.m2\repository\org\hibernate\common\hibernate-commons-annotations\5.1.2.Final\hibernate-commons-annotations-5.1.2.Final.jar;C:\Users\Claudia Layrisse\.m2\repository\org\glassfish\jaxb\jaxb-runtime\2.3.6\jaxb-runtime-2.3.6.jar;C:\Users\Claudia Layrisse\.m2\repository\org\glassfish\jaxb\txw2\2.3.6\txw2-2.3.6.jar;C:\Users\Claudia Layrisse
Launcher Type: SUN_STANDARD

[Global flags]
     intx CICompilerCount                          = 4                                         {product} {ergonomic}
     uint ConcGCThreads                            = 2                                         {product} {ergonomic}
     uint G1ConcRefinementThreads                  = 8                                         {product} {ergonomic}
   size_t G1HeapRegionSize                         = 2097152                                   {product} {ergonomic}
    uintx GCDrainStackTargetSize                   = 64                                        {product} {ergonomic}
   size_t InitialHeapSize                          = 201326592                                 {product} {ergonomic}
   size_t MarkStackSize                            = 4194304                                   {product} {ergonomic}
   size_t MaxHeapSize                              = 3210739712                                {product} {ergonomic}
   size_t MaxNewSize                               = 1925185536                                {product} {ergonomic}
   size_t MinHeapDeltaBytes                        = 2097152                                   {product} {ergonomic}
   size_t MinHeapSize                              = 8388608                                   {product} {ergonomic}
    uintx NonNMethodCodeHeapSize                   = 5839372                                {pd product} {ergonomic}
    uintx NonProfiledCodeHeapSize                  = 122909434                              {pd product} {ergonomic}
    uintx ProfiledCodeHeapSize                     = 122909434                              {pd product} {ergonomic}
    uintx ReservedCodeCacheSize                    = 251658240                              {pd product} {ergonomic}
     bool SegmentedCodeCache                       = true                                      {product} {ergonomic}
   size_t SoftMaxHeapSize                          = 3210739712                             {manageable} {ergonomic}
     bool UseCompressedClassPointers               = true                           {product lp64_product} {ergonomic}
     bool UseCompressedOops                        = true                           {product lp64_product} {ergonomic}
     bool UseG1GC                                  = true                                      {product} {ergonomic}
     bool UseLargePagesIndividualAllocation        = false                                  {pd product} {ergonomic}

Logging:
Log output configuration:
 #0: stdout all=warning uptime,level,tags
 #1: stderr all=off uptime,level,tags

Environment Variables:
PATH=C:\Program Files\Common Files\Oracle\Java\javapath;C:\Program Files (x86)\NVIDIA Corporation\PhysX\Common;C:\Program Files (x86)\Intel\iCLS Client\;C:\Program Files\Intel\iCLS Client\;C:\Program Files\Common Files\Microsoft Shared\Windows Live;C:\Program Files (x86)\Common Files\Microsoft Shared\Windows Live;C:\WINDOWS\system32;C:\WINDOWS;C:\WINDOWS\System32\Wbem;C:\WINDOWS\System32\WindowsPowerShell\v1.0\;C:\Program Files (x86)\Windows Live\Shared;C:\Program Files\Intel\Intel(R) Management Engine Components\DAL;C:\Program Files\Intel\Intel(R) Management Engine Components\IPT;C:\Program Files (x86)\Intel\Intel(R) Management Engine Components\DAL;C:\Program Files (x86)\Intel\Intel(R) Management Engine Components\IPT;C:\Program Files (x86)\Autodesk\Backburner\;C:\Program Files\Common Files\Autodesk Shared\;C:\Program Files (x86)\Common Files\Autodesk Shared\;C:\Program Files (x86)\QuickTime\QTSystem\;C:\WINDOWS\System32\OpenSSH\;C:\Program Files\nodejs\;C:\Program Files\Git\cmd;C:\Program Files\PuTTY\;C:\Program Files\Amazon\AWSCLIV2\;C:\Program Files (x86)\Calibre2\;C:\Users\Claudia Layrisse\AppData\Local\Programs\Python\Python39\Scripts\;C:\Users\Claudia Layrisse\AppData\Local\Programs\Python\Python39\;C:\Users\Claudia Layrisse\AppData\Local\Programs\Microsoft VS Code\bin;C:\Users\Claudia Layrisse\AppData\Local\Microsoft\WindowsApps;C:\Users\Claudia Layrisse\AppData\Roaming\npm;C:\Program Files\heroku\bin
USERNAME=Claudia Layrisse
OS=Windows_NT
PROCESSOR_IDENTIFIER=Intel64 Family 6 Model 58 Stepping 9, GenuineIntel



---------------  S Y S T E M  ---------------

OS:
 Windows 10 , 64 bit Build 19041 (10.0.19041.1706)
OS uptime: 8 days 6:14 hours
Hyper-V role detected

CPU: total 8 (initial active 8) (4 cores per cpu, 2 threads per core) family 6 model 58 stepping 9 microcode 0x21, cx8, cmov, fxsr, ht, mmx, sse, sse2, sse3, ssse3, sse4.1, sse4.2, popcnt, tsc, tscinvbit, avx, aes, erms, clmul, vzeroupper, clflush, hv

Memory: 4k page, system-wide physical 12247M (3256M free)
TotalPageFile size 13147M (AvailPageFile size 12M)
current process WorkingSet (physical memory assigned to process): 211M, peak: 269M
current process commit charge ("private bytes"): 251M, peak: 346M

vm_info: Java HotSpot(TM) 64-Bit Server VM (17.0.3.1+2-LTS-6) for windows-amd64 JRE (17.0.3.1+2-LTS-6), built on Apr 25 2022 22:04:21 by "mach5one" with MS VC++ 16.8 / 16.9 (VS2019)

END.
