#
# There is insufficient memory for the Java Runtime Environment to continue.
# Native memory allocation (malloc) failed to allocate 845696 bytes for Chunk::new
# Possible reasons:
#   The system is out of physical RAM or swap space
#   The process is running with CompressedOops enabled, and the Java Heap may be blocking the growth of the native heap
# Possible solutions:
#   Reduce memory load on the system
#   Increase physical memory or swap space
#   Check if swap backing store is full
#   Decrease Java heap size (-Xmx/-Xms)
#   Decrease number of Java threads
#   Decrease Java thread stack sizes (-Xss)
#   Set larger code cache with -XX:ReservedCodeCacheSize=
#   JVM is running with Zero Based Compressed Oops mode in which the Java heap is
#     placed in the first 32GB address space. The Java Heap base address is the
#     maximum limit for the native heap growth. Please use -XX:HeapBaseMinAddress
#     to set the Java Heap base and to place the Java Heap above 32GB virtual address.
# This output file may be truncated or incomplete.
#
#  Out of Memory Error (arena.cpp:189), pid=3272, tid=15544
#
# JRE version: Java(TM) SE Runtime Environment (17.0.3.1+2) (build 17.0.3.1+2-LTS-6)
# Java VM: Java HotSpot(TM) 64-Bit Server VM (17.0.3.1+2-LTS-6, mixed mode, sharing, tiered, compressed oops, compressed class ptrs, g1 gc, windows-amd64)
# No core dump will be written. Minidumps are not enabled by default on client versions of Windows
#

---------------  S U M M A R Y ------------

Command Line: -javaagent:C:\Users\Claudia Layrisse\AppData\Local\JetBrains\Toolbox\apps\IDEA-C\ch-0\221.5591.52\lib\idea_rt.jar=51905:C:\Users\Claudia Layrisse\AppData\Local\JetBrains\Toolbox\apps\IDEA-C\ch-0\221.5591.52\bin -Dfile.encoding=UTF-8 com.project.bankapi.BankApiApplication

Host: Intel(R) Core(TM) i7-3610QM CPU @ 2.30GHz, 8 cores, 11G,  Windows 10 , 64 bit Build 19041 (10.0.19041.1706)
Time: Wed Jun 15 17:26:59 2022 Romance Daylight Time elapsed time: 8.832283 seconds (0d 0h 0m 8s)

---------------  T H R E A D  ---------------

Current thread (0x00000181cb9ca440):  JavaThread "C2 CompilerThread1" daemon [_thread_in_native, id=15544, stack(0x0000000101a00000,0x0000000101b00000)]


Current CompileTask:
C2:   8832 3586       4       jdk.internal.org.objectweb.asm.SymbolTable::addConstantMemberReference (147 bytes)

Stack: [0x0000000101a00000,0x0000000101b00000]
Native frames: (J=compiled Java code, j=interpreted, Vv=VM code, C=native code)
V  [jvm.dll+0x6711ba]
V  [jvm.dll+0x7d0834]
V  [jvm.dll+0x7d1fde]
V  [jvm.dll+0x7d2643]
V  [jvm.dll+0x242c85]
V  [jvm.dll+0xaa57b]
V  [jvm.dll+0xaab0c]
V  [jvm.dll+0x35ff77]
V  [jvm.dll+0x32a581]
V  [jvm.dll+0x329a2a]
V  [jvm.dll+0x215d61]
V  [jvm.dll+0x215181]
V  [jvm.dll+0x1a1c3d]
V  [jvm.dll+0x2249c8]
V  [jvm.dll+0x222b2c]
V  [jvm.dll+0x78650b]
V  [jvm.dll+0x780aca]
V  [jvm.dll+0x670045]
C  [ucrtbase.dll+0x21bb2]
C  [KERNEL32.DLL+0x17034]
C  [ntdll.dll+0x52651]


---------------  P R O C E S S  ---------------

Threads class SMR info:
_java_thread_list=0x00000181cec44610, length=17, elements={
0x00000181a75737d0, 0x00000181c9c88fe0, 0x00000181c9c8bd70, 0x00000181c9c9c640,
0x00000181c9ca0020, 0x00000181c9ca18f0, 0x00000181c9ca21b0, 0x00000181c9ca62a0,
0x00000181c9caec60, 0x00000181c9cb9d40, 0x00000181c9c76c20, 0x00000181cabfb0b0,
0x00000181cabfb580, 0x00000181caec3e90, 0x00000181cb2fdd60, 0x00000181cb9ca440,
0x00000181cb9cd6e0
}

Java Threads: ( => current thread )
  0x00000181a75737d0 JavaThread "main" [_thread_blocked, id=3252, stack(0x0000000100600000,0x0000000100700000)]
  0x00000181c9c88fe0 JavaThread "Reference Handler" daemon [_thread_blocked, id=16136, stack(0x0000000100d00000,0x0000000100e00000)]
  0x00000181c9c8bd70 JavaThread "Finalizer" daemon [_thread_blocked, id=15244, stack(0x0000000100e00000,0x0000000100f00000)]
  0x00000181c9c9c640 JavaThread "Signal Dispatcher" daemon [_thread_blocked, id=956, stack(0x0000000100f00000,0x0000000101000000)]
  0x00000181c9ca0020 JavaThread "Attach Listener" daemon [_thread_blocked, id=20840, stack(0x0000000101000000,0x0000000101100000)]
  0x00000181c9ca18f0 JavaThread "Service Thread" daemon [_thread_blocked, id=17724, stack(0x0000000101100000,0x0000000101200000)]
  0x00000181c9ca21b0 JavaThread "Monitor Deflation Thread" daemon [_thread_blocked, id=11840, stack(0x0000000101200000,0x0000000101300000)]
  0x00000181c9ca62a0 JavaThread "C2 CompilerThread0" daemon [_thread_in_native, id=10156, stack(0x0000000101300000,0x0000000101400000)]
  0x00000181c9caec60 JavaThread "C1 CompilerThread0" daemon [_thread_blocked, id=19224, stack(0x0000000101400000,0x0000000101500000)]
  0x00000181c9cb9d40 JavaThread "Sweeper thread" daemon [_thread_blocked, id=6164, stack(0x0000000101500000,0x0000000101600000)]
  0x00000181c9c76c20 JavaThread "Common-Cleaner" daemon [_thread_blocked, id=18724, stack(0x0000000101600000,0x0000000101700000)]
  0x00000181cabfb0b0 JavaThread "Monitor Ctrl-Break" daemon [_thread_in_native, id=21296, stack(0x0000000101700000,0x0000000101800000)]
  0x00000181cabfb580 JavaThread "Notification Thread" daemon [_thread_blocked, id=18244, stack(0x0000000101800000,0x0000000101900000)]
  0x00000181caec3e90 JavaThread "Thread-0" [_thread_blocked, id=15928, stack(0x0000000101c00000,0x0000000101d00000)]
  0x00000181cb2fdd60 JavaThread "restartedMain" [_thread_in_native, id=17064, stack(0x0000000101d00000,0x0000000101e00000)]
=>0x00000181cb9ca440 JavaThread "C2 CompilerThread1" daemon [_thread_in_native, id=15544, stack(0x0000000101a00000,0x0000000101b00000)]
  0x00000181cb9cd6e0 JavaThread "C2 CompilerThread2" daemon [_thread_blocked, id=12876, stack(0x0000000101b00000,0x0000000101c00000)]

Other Threads:
  0x00000181c9c857f0 VMThread "VM Thread" [stack: 0x0000000100c00000,0x0000000100d00000] [id=8752]
  0x00000181a75e6570 WatcherThread [stack: 0x0000000101900000,0x0000000101a00000] [id=19876]
  0x00000181a75ca7b0 GCTaskThread "GC Thread#0" [stack: 0x0000000100700000,0x0000000100800000] [id=9772]
  0x00000181cb2da3d0 GCTaskThread "GC Thread#1" [stack: 0x0000000101e00000,0x0000000101f00000] [id=20136]
  0x00000181cb2dcd10 GCTaskThread "GC Thread#2" [stack: 0x0000000101f00000,0x0000000102000000] [id=3120]
  0x00000181cb2dd440 GCTaskThread "GC Thread#3" [stack: 0x0000000102000000,0x0000000102100000] [id=9392]
  0x00000181cb2dd6f0 GCTaskThread "GC Thread#4" [stack: 0x0000000102100000,0x0000000102200000] [id=10976]
  0x00000181cb3bd5b0 GCTaskThread "GC Thread#5" [stack: 0x0000000102200000,0x0000000102300000] [id=15788]
  0x00000181cbec4c90 GCTaskThread "GC Thread#6" [stack: 0x0000000102300000,0x0000000102400000] [id=3020]
  0x00000181cae23950 GCTaskThread "GC Thread#7" [stack: 0x0000000102400000,0x0000000102500000] [id=19536]
  0x00000181a75d8720 ConcurrentGCThread "G1 Main Marker" [stack: 0x0000000100800000,0x0000000100900000] [id=19232]
  0x00000181a75d98d0 ConcurrentGCThread "G1 Conc#0" [stack: 0x0000000100900000,0x0000000100a00000] [id=11360]
  0x00000181cdb9ec20 ConcurrentGCThread "G1 Conc#1" [stack: 0x0000000102500000,0x0000000102600000] [id=8604]
  0x00000181a762dcc0 ConcurrentGCThread "G1 Refine#0" [stack: 0x0000000100a00000,0x0000000100b00000] [id=18888]
  0x00000181a762e5f0 ConcurrentGCThread "G1 Service" [stack: 0x0000000100b00000,0x0000000100c00000] [id=19656]

Threads with active compile tasks:
C2 CompilerThread0     9166 3610       4       org.springframework.boot.context.properties.source.ConfigurationPropertyName$ElementsParser::parse (234 bytes)
C2 CompilerThread1     9166 3586       4       jdk.internal.org.objectweb.asm.SymbolTable::addConstantMemberReference (147 bytes)

VM state: not at safepoint (normal execution)

VM Mutex/Monitor currently owned by a thread: None

Heap address: 0x0000000740a00000, size: 3062 MB, Compressed Oops mode: Zero based, Oop shift amount: 3

CDS archive(s) mapped at: [0x0000000800000000-0x0000000800bc0000-0x0000000800bc0000), size 12320768, SharedBaseAddress: 0x0000000800000000, ArchiveRelocationMode: 0.
Compressed class space mapped at: 0x0000000800c00000-0x0000000840c00000, reserved size: 1073741824
Narrow klass base: 0x0000000800000000, Narrow klass shift: 0, Narrow klass range: 0x100000000

GC Precious Log:
 CPUs: 8 total, 8 available
 Memory: 12247M
 Large Page Support: Disabled
 NUMA Support: Disabled
 Compressed Oops: Enabled (Zero based)
 Heap Region Size: 2M
 Heap Min Capacity: 8M
 Heap Initial Capacity: 192M
 Heap Max Capacity: 3062M
 Pre-touch: Disabled
 Parallel Workers: 8
 Concurrent Workers: 2
 Concurrent Refinement Workers: 8
 Periodic GC: Disabled

Heap:
 garbage-first heap   total 55296K, used 26367K [0x0000000740a00000, 0x0000000800000000)
  region size 2048K, 8 young (16384K), 1 survivors (2048K)
 Metaspace       used 28163K, committed 28544K, reserved 1081344K
  class space    used 3703K, committed 3904K, reserved 1048576K

Heap Regions: E=young(eden), S=young(survivor), O=old, HS=humongous(starts), HC=humongous(continues), CS=collection set, F=free, OA=open archive, CA=closed archive, TAMS=top-at-mark-start (previous, next)
|   0|0x0000000740a00000, 0x0000000740c00000, 0x0000000740c00000|100%| O|  |TAMS 0x0000000740c00000, 0x0000000740a00000| Untracked 
|   1|0x0000000740c00000, 0x0000000740e00000, 0x0000000740e00000|100%| O|  |TAMS 0x0000000740e00000, 0x0000000740c00000| Untracked 
|   2|0x0000000740e00000, 0x0000000741000000, 0x0000000741000000|100%| O|  |TAMS 0x0000000741000000, 0x0000000740e00000| Untracked 
|   3|0x0000000741000000, 0x0000000741000000, 0x0000000741200000|  0%| F|  |TAMS 0x0000000741000000, 0x0000000741000000| Untracked 
|   4|0x0000000741200000, 0x0000000741400000, 0x0000000741400000|100%| O|  |TAMS 0x0000000741200000, 0x0000000741200000| Untracked 
|   5|0x0000000741400000, 0x0000000741600000, 0x0000000741600000|100%| O|  |TAMS 0x0000000741400000, 0x0000000741400000| Untracked 
|   6|0x0000000741600000, 0x0000000741800000, 0x0000000741800000|100%| O|  |TAMS 0x0000000741600000, 0x0000000741600000| Untracked 
|   7|0x0000000741800000, 0x000000074193d200, 0x0000000741a00000| 61%| O|  |TAMS 0x0000000741800000, 0x0000000741800000| Untracked 
|   8|0x0000000741a00000, 0x0000000741a00000, 0x0000000741c00000|  0%| F|  |TAMS 0x0000000741a00000, 0x0000000741a00000| Untracked 
|   9|0x0000000741c00000, 0x0000000741c00000, 0x0000000741e00000|  0%| F|  |TAMS 0x0000000741c00000, 0x0000000741c00000| Untracked 
|  10|0x0000000741e00000, 0x0000000741e00000, 0x0000000742000000|  0%| F|  |TAMS 0x0000000741e00000, 0x0000000741e00000| Untracked 
|  11|0x0000000742000000, 0x0000000742000000, 0x0000000742200000|  0%| F|  |TAMS 0x0000000742000000, 0x0000000742000000| Untracked 
|  12|0x0000000742200000, 0x0000000742200000, 0x0000000742400000|  0%| F|  |TAMS 0x0000000742200000, 0x0000000742200000| Untracked 
|  13|0x0000000742400000, 0x0000000742400000, 0x0000000742600000|  0%| F|  |TAMS 0x0000000742400000, 0x0000000742400000| Untracked 
|  14|0x0000000742600000, 0x0000000742600000, 0x0000000742800000|  0%| F|  |TAMS 0x0000000742600000, 0x0000000742600000| Untracked 
|  15|0x0000000742800000, 0x0000000742800000, 0x0000000742a00000|  0%| F|  |TAMS 0x0000000742800000, 0x0000000742800000| Untracked 
|  16|0x0000000742a00000, 0x0000000742a00000, 0x0000000742c00000|  0%| F|  |TAMS 0x0000000742a00000, 0x0000000742a00000| Untracked 
|  17|0x0000000742c00000, 0x0000000742c00000, 0x0000000742e00000|  0%| F|  |TAMS 0x0000000742c00000, 0x0000000742c00000| Untracked 
|  18|0x0000000742e00000, 0x0000000742e00000, 0x0000000743000000|  0%| F|  |TAMS 0x0000000742e00000, 0x0000000742e00000| Untracked 
|  19|0x0000000743000000, 0x00000007431ae448, 0x0000000743200000| 84%| E|  |TAMS 0x0000000743000000, 0x0000000743000000| Complete 
|  20|0x0000000743200000, 0x0000000743400000, 0x0000000743400000|100%| E|CS|TAMS 0x0000000743200000, 0x0000000743200000| Complete 
|  21|0x0000000743400000, 0x0000000743600000, 0x0000000743600000|100%| E|CS|TAMS 0x0000000743400000, 0x0000000743400000| Complete 
|  22|0x0000000743600000, 0x0000000743800000, 0x0000000743800000|100%| E|CS|TAMS 0x0000000743600000, 0x0000000743600000| Complete 
|  63|0x0000000748800000, 0x0000000748a00000, 0x0000000748a00000|100%| E|CS|TAMS 0x0000000748800000, 0x0000000748800000| Complete 
|  64|0x0000000748a00000, 0x0000000748c00000, 0x0000000748c00000|100%| E|CS|TAMS 0x0000000748a00000, 0x0000000748a00000| Complete 
|  65|0x0000000748c00000, 0x0000000748c82c80, 0x0000000748e00000| 25%| S|CS|TAMS 0x0000000748c00000, 0x0000000748c00000| Complete 
|  95|0x000000074c800000, 0x000000074ca00000, 0x000000074ca00000|100%| E|CS|TAMS 0x000000074c800000, 0x000000074c800000| Complete 

Card table byte_map: [0x00000181c0640000,0x00000181c0c40000] _byte_map_base: 0x00000181bcc3b000

Marking Bits (Prev, Next): (CMBitMap*) 0x00000181a75cbe10, (CMBitMap*) 0x00000181a75cbdd0
 Prev Bits: [0x00000181c4220000, 0x00000181c71f8000)
 Next Bits: [0x00000181c1240000, 0x00000181c4218000)

Polling page: 0x00000181a7640000

Metaspace:

Usage:
  Non-class:     23.91 MB used.
      Class:      3.62 MB used.
       Both:     27.53 MB used.

Virtual space:
  Non-class space:       32.00 MB reserved,      24.06 MB ( 75%) committed,  4 nodes.
      Class space:        1.00 GB reserved,       3.81 MB ( <1%) committed,  1 nodes.
             Both:        1.03 GB reserved,      27.88 MB (  3%) committed. 

Chunk freelists:
   Non-Class:  3.89 MB
       Class:  176.00 KB
        Both:  4.06 MB

MaxMetaspaceSize: unlimited
CompressedClassSpaceSize: 1.00 GB
Initial GC threshold: 21.00 MB
Current GC threshold: 35.25 MB
CDS: on
MetaspaceReclaimPolicy: balanced
 - commit_granule_bytes: 65536.
 - commit_granule_words: 8192.
 - virtual_space_node_default_size: 1048576.
 - enlarge_chunks_in_place: 1.
 - new_chunks_are_fully_committed: 0.
 - uncommit_free_chunks: 1.
 - use_allocation_guard: 0.
 - handle_deallocations: 1.


Internal statistics:

num_allocs_failed_limit: 3.
num_arena_births: 314.
num_arena_deaths: 0.
num_vsnodes_births: 5.
num_vsnodes_deaths: 0.
num_space_committed: 446.
num_space_uncommitted: 0.
num_chunks_returned_to_freelist: 3.
num_chunks_taken_from_freelist: 1314.
num_chunk_merges: 3.
num_chunk_splits: 884.
num_chunks_enlarged: 666.
num_purges: 0.
num_inconsistent_stats: 0.

CodeHeap 'non-profiled nmethods': size=120000Kb used=1931Kb max_used=1931Kb free=118068Kb
 bounds [0x00000181b80b0000, 0x00000181b8320000, 0x00000181bf5e0000]
CodeHeap 'profiled nmethods': size=120000Kb used=8517Kb max_used=8517Kb free=111482Kb
 bounds [0x00000181b0b80000, 0x00000181b13e0000, 0x00000181b80b0000]
CodeHeap 'non-nmethods': size=5760Kb used=1193Kb max_used=1260Kb free=4566Kb
 bounds [0x00000181b05e0000, 0x00000181b0850000, 0x00000181b0b80000]
 total_blobs=4239 nmethods=3753 adapters=397
 compilation: enabled
              stopped_count=0, restarted_count=0
 full_count=0

Compilation events (20 events):
Event: 8.631 Thread 0x00000181c9caec60 nmethod 3613 0x00000181b135b890 code [0x00000181b135bac0, 0x00000181b135c248]
Event: 8.633 Thread 0x00000181c9caec60 3614       3       java.util.Properties::get (9 bytes)
Event: 8.633 Thread 0x00000181c9caec60 nmethod 3614 0x00000181b135c590 code [0x00000181b135c740, 0x00000181b135c8a8]
Event: 8.633 Thread 0x00000181c9caec60 3615       3       org.springframework.core.convert.support.GenericConversionService$Converters::addToClassHierarchy (34 bytes)
Event: 8.634 Thread 0x00000181c9caec60 nmethod 3615 0x00000181b135c990 code [0x00000181b135cb60, 0x00000181b135cf68]
Event: 8.637 Thread 0x00000181c9caec60 3616       3       java.util.ArrayList::add (65 bytes)
Event: 8.638 Thread 0x00000181c9caec60 nmethod 3616 0x00000181b135d110 code [0x00000181b135d320, 0x00000181b135d9d8]
Event: 8.639 Thread 0x00000181c9caec60 3618       3       java.lang.PublicMethods::toArray (76 bytes)
Event: 8.640 Thread 0x00000181c9caec60 nmethod 3618 0x00000181b135dc90 code [0x00000181b135dea0, 0x00000181b135e798]
Event: 8.643 Thread 0x00000181c9caec60 3619       3       org.springframework.boot.context.properties.source.SpringConfigurationPropertySource::containsDescendantOf (61 bytes)
Event: 8.645 Thread 0x00000181c9caec60 nmethod 3619 0x00000181b135ea10 code [0x00000181b135ecc0, 0x00000181b135fba8]
Event: 8.645 Thread 0x00000181c9caec60 3620       3       org.springframework.boot.context.properties.source.ConfigurationPropertyName::isIndexed (12 bytes)
Event: 8.645 Thread 0x00000181c9caec60 nmethod 3620 0x00000181b135ff10 code [0x00000181b13600c0, 0x00000181b13602b8]
Event: 8.645 Thread 0x00000181c9caec60 3621       1       org.springframework.boot.context.properties.bind.Binder::access$500 (5 bytes)
Event: 8.645 Thread 0x00000181c9caec60 nmethod 3621 0x00000181b8281890 code [0x00000181b8281a20, 0x00000181b8281ad8]
Event: 8.645 Thread 0x00000181c9caec60 3623       1       org.springframework.boot.context.properties.bind.Bindable::getAnnotations (5 bytes)
Event: 8.645 Thread 0x00000181c9caec60 nmethod 3623 0x00000181b8281b90 code [0x00000181b8281d20, 0x00000181b8281df8]
Event: 8.647 Thread 0x00000181c9caec60 3624       3       org.springframework.core.annotation.AnnotatedElementUtils::findMergedAnnotationAttributes (24 bytes)
Event: 8.648 Thread 0x00000181c9caec60 nmethod 3624 0x00000181b1360410 code [0x00000181b1360660, 0x00000181b1360f38]
Event: 8.648 Thread 0x00000181c9caec60 3625   !   3       org.springframework.beans.factory.support.AbstractAutowireCapableBeanFactory::getSingletonFactoryBeanForTypeCheck (267 bytes)

GC Heap History (10 events):
Event: 1.044 GC heap before
{Heap before GC invocations=0 (full 0):
 garbage-first heap   total 196608K, used 22528K [0x0000000740a00000, 0x0000000800000000)
  region size 2048K, 11 young (22528K), 0 survivors (0K)
 Metaspace       used 4895K, committed 4992K, reserved 1056768K
  class space    used 522K, committed 576K, reserved 1048576K
}
Event: 1.050 GC heap after
{Heap after GC invocations=1 (full 0):
 garbage-first heap   total 196608K, used 6512K [0x0000000740a00000, 0x0000000800000000)
  region size 2048K, 2 young (4096K), 2 survivors (4096K)
 Metaspace       used 4895K, committed 4992K, reserved 1056768K
  class space    used 522K, committed 576K, reserved 1048576K
}
Event: 1.899 GC heap before
{Heap before GC invocations=1 (full 0):
 garbage-first heap   total 196608K, used 31088K [0x0000000740a00000, 0x0000000800000000)
  region size 2048K, 15 young (30720K), 2 survivors (4096K)
 Metaspace       used 11559K, committed 11840K, reserved 1064960K
  class space    used 1469K, committed 1600K, reserved 1048576K
}
Event: 1.903 GC heap after
{Heap after GC invocations=2 (full 0):
 garbage-first heap   total 196608K, used 8579K [0x0000000740a00000, 0x0000000800000000)
  region size 2048K, 1 young (2048K), 1 survivors (2048K)
 Metaspace       used 11559K, committed 11840K, reserved 1064960K
  class space    used 1469K, committed 1600K, reserved 1048576K
}
Event: 3.474 GC heap before
{Heap before GC invocations=2 (full 0):
 garbage-first heap   total 196608K, used 65923K [0x0000000740a00000, 0x0000000800000000)
  region size 2048K, 30 young (61440K), 1 survivors (2048K)
 Metaspace       used 21285K, committed 21504K, reserved 1073152K
  class space    used 2705K, committed 2816K, reserved 1048576K
}
Event: 3.481 GC heap after
{Heap after GC invocations=3 (full 0):
 garbage-first heap   total 196608K, used 11682K [0x0000000740a00000, 0x0000000800000000)
  region size 2048K, 3 young (6144K), 3 survivors (6144K)
 Metaspace       used 21285K, committed 21504K, reserved 1073152K
  class space    used 2705K, committed 2816K, reserved 1048576K
}
Event: 6.564 GC heap before
{Heap before GC invocations=4 (full 0):
 garbage-first heap   total 55296K, used 38306K [0x0000000740a00000, 0x0000000800000000)
  region size 2048K, 16 young (32768K), 3 survivors (6144K)
 Metaspace       used 25065K, committed 25344K, reserved 1073152K
  class space    used 3244K, committed 3392K, reserved 1048576K
}
Event: 6.573 GC heap after
{Heap after GC invocations=5 (full 0):
 garbage-first heap   total 55296K, used 13901K [0x0000000740a00000, 0x0000000800000000)
  region size 2048K, 2 young (4096K), 2 survivors (4096K)
 Metaspace       used 25065K, committed 25344K, reserved 1073152K
  class space    used 3244K, committed 3392K, reserved 1048576K
}
Event: 6.795 GC heap before
{Heap before GC invocations=5 (full 0):
 garbage-first heap   total 55296K, used 15949K [0x0000000740a00000, 0x0000000800000000)
  region size 2048K, 3 young (6144K), 2 survivors (4096K)
 Metaspace       used 25379K, committed 25600K, reserved 1073152K
  class space    used 3292K, committed 3392K, reserved 1048576K
}
Event: 6.799 GC heap after
{Heap after GC invocations=6 (full 0):
 garbage-first heap   total 55296K, used 14079K [0x0000000740a00000, 0x0000000800000000)
  region size 2048K, 1 young (2048K), 1 survivors (2048K)
 Metaspace       used 25379K, committed 25600K, reserved 1073152K
  class space    used 3292K, committed 3392K, reserved 1048576K
}

Deoptimization events (20 events):
Event: 7.447 Thread 0x00000181cb2fdd60 Uncommon trap: trap_request=0xffffffde fr.pc=0x00000181b819ed1c relative=0x0000000000000efc
Event: 7.447 Thread 0x00000181cb2fdd60 Uncommon trap: reason=class_check action=maybe_recompile pc=0x00000181b819ed1c method=java.util.concurrent.ConcurrentHashMap.putVal(Ljava/lang/Object;Ljava/lang/Object;Z)Ljava/lang/Object; @ 242 c2
Event: 7.447 Thread 0x00000181cb2fdd60 DEOPT PACKING pc=0x00000181b819ed1c sp=0x0000000101dfd190
Event: 7.447 Thread 0x00000181cb2fdd60 DEOPT UNPACKING pc=0x00000181b06323a3 sp=0x0000000101dfd100 mode 2
Event: 7.529 Thread 0x00000181cb2fdd60 Uncommon trap: trap_request=0xffffffde fr.pc=0x00000181b819ed1c relative=0x0000000000000efc
Event: 7.529 Thread 0x00000181cb2fdd60 Uncommon trap: reason=class_check action=maybe_recompile pc=0x00000181b819ed1c method=java.util.concurrent.ConcurrentHashMap.putVal(Ljava/lang/Object;Ljava/lang/Object;Z)Ljava/lang/Object; @ 242 c2
Event: 7.529 Thread 0x00000181cb2fdd60 DEOPT PACKING pc=0x00000181b819ed1c sp=0x0000000101dfbbd0
Event: 7.529 Thread 0x00000181cb2fdd60 DEOPT UNPACKING pc=0x00000181b06323a3 sp=0x0000000101dfbb40 mode 2
Event: 7.554 Thread 0x00000181cb2fdd60 Uncommon trap: trap_request=0xffffff45 fr.pc=0x00000181b82587b4 relative=0x00000000000005d4
Event: 7.554 Thread 0x00000181cb2fdd60 Uncommon trap: reason=unstable_if action=reinterpret pc=0x00000181b82587b4 method=jdk.internal.org.objectweb.asm.MethodWriter.visitVarInsn(II)V @ 108 c2
Event: 7.554 Thread 0x00000181cb2fdd60 DEOPT PACKING pc=0x00000181b82587b4 sp=0x0000000101df5fc0
Event: 7.554 Thread 0x00000181cb2fdd60 DEOPT UNPACKING pc=0x00000181b06323a3 sp=0x0000000101df5f88 mode 2
Event: 7.575 Thread 0x00000181cb2fdd60 Uncommon trap: trap_request=0xffffff45 fr.pc=0x00000181b8260ab0 relative=0x0000000000006df0
Event: 7.575 Thread 0x00000181cb2fdd60 Uncommon trap: reason=unstable_if action=reinterpret pc=0x00000181b8260ab0 method=jdk.internal.org.objectweb.asm.Frame.execute(IILjdk/internal/org/objectweb/asm/Symbol;Ljdk/internal/org/objectweb/asm/SymbolTable;)V @ 1 c2
Event: 7.575 Thread 0x00000181cb2fdd60 DEOPT PACKING pc=0x00000181b8260ab0 sp=0x0000000101dfa630
Event: 7.575 Thread 0x00000181cb2fdd60 DEOPT UNPACKING pc=0x00000181b06323a3 sp=0x0000000101dfa5f8 mode 2
Event: 7.622 Thread 0x00000181cb2fdd60 Uncommon trap: trap_request=0xffffffc6 fr.pc=0x00000181b8253318 relative=0x00000000000002d8
Event: 7.622 Thread 0x00000181cb2fdd60 Uncommon trap: reason=bimorphic_or_optimized_type_check action=maybe_recompile pc=0x00000181b8253318 method=java.util.Collections$SetFromMap.contains(Ljava/lang/Object;)Z @ 5 c2
Event: 7.622 Thread 0x00000181cb2fdd60 DEOPT PACKING pc=0x00000181b8253318 sp=0x0000000101dfb360
Event: 7.622 Thread 0x00000181cb2fdd60 DEOPT UNPACKING pc=0x00000181b06323a3 sp=0x0000000101dfb308 mode 2

Classes unloaded (0 events):
No events

Classes redefined (0 events):
No events

Internal exceptions (20 events):
Event: 6.826 Thread 0x00000181cb2fdd60 Exception <a 'java/lang/ClassNotFoundException'{0x000000074c859a70}: java/lang/ObjectCustomizer> (0x000000074c859a70) 
thrown [t:\workspace\open\src\hotspot\share\classfile\systemDictionary.cpp, line 256]
Event: 6.828 Thread 0x00000181cb2fdd60 Exception <a 'java/lang/ClassNotFoundException'{0x000000074c862d98}: org/springframework/security/config/annotation/method/configuration/GlobalMethodSecurityConfigurationCustomizer> (0x000000074c862d98) 
thrown [t:\workspace\open\src\hotspot\share\classfile\systemDictionary.cpp, line 256]
Event: 6.830 Thread 0x00000181cb2fdd60 Exception <a 'java/lang/ClassNotFoundException'{0x000000074c874330}: org/springframework/context/annotation/ImportAwareCustomizer> (0x000000074c874330) 
thrown [t:\workspace\open\src\hotspot\share\classfile\systemDictionary.cpp, line 256]
Event: 6.831 Thread 0x00000181cb2fdd60 Exception <a 'java/lang/ClassNotFoundException'{0x000000074c87a1f0}: org/springframework/beans/factory/AwareCustomizer> (0x000000074c87a1f0) 
thrown [t:\workspace\open\src\hotspot\share\classfile\systemDictionary.cpp, line 256]
Event: 6.832 Thread 0x00000181cb2fdd60 Exception <a 'java/lang/ClassNotFoundException'{0x000000074c87f648}: org/springframework/beans/factory/SmartInitializingSingletonCustomizer> (0x000000074c87f648) 
thrown [t:\workspace\open\src\hotspot\share\classfile\systemDictionary.cpp, line 256]
Event: 6.834 Thread 0x00000181cb2fdd60 Exception <a 'java/lang/ClassNotFoundException'{0x000000074c885228}: org/springframework/beans/factory/BeanFactoryAwareCustomizer> (0x000000074c885228) 
thrown [t:\workspace\open\src\hotspot\share\classfile\systemDictionary.cpp, line 256]
Event: 6.835 Thread 0x00000181cb2fdd60 Exception <a 'java/lang/ClassNotFoundException'{0x000000074c88b768}: org/springframework/beans/factory/AwareCustomizer> (0x000000074c88b768) 
thrown [t:\workspace\open\src\hotspot\share\classfile\systemDictionary.cpp, line 256]
Event: 6.884 Thread 0x00000181cb2fdd60 Exception <a 'java/lang/ClassNotFoundException'{0x000000074c919ae8}: java/lang/ObjectCustomizer> (0x000000074c919ae8) 
thrown [t:\workspace\open\src\hotspot\share\classfile\systemDictionary.cpp, line 256]
Event: 6.885 Thread 0x00000181cb2fdd60 Exception <a 'java/lang/ClassNotFoundException'{0x000000074c9217d8}: org/springframework/aop/support/AbstractPointcutAdvisorCustomizer> (0x000000074c9217d8) 
thrown [t:\workspace\open\src\hotspot\share\classfile\systemDictionary.cpp, line 256]
Event: 6.894 Thread 0x00000181cb2fdd60 Exception <a 'java/lang/ClassNotFoundException'{0x000000074c92ab48}: org/springframework/security/access/intercept/aopalliance/MethodSecurityMetadataSourceAdvisorCustomizer> (0x000000074c92ab48) 
thrown [t:\workspace\open\src\hotspot\share\classfile\systemDictionary.cpp, line 256]
Event: 6.896 Thread 0x00000181cb2fdd60 Exception <a 'java/lang/ClassNotFoundException'{0x000000074c936d30}: org/springframework/beans/factory/BeanFactoryAwareCustomizer> (0x000000074c936d30) 
thrown [t:\workspace\open\src\hotspot\share\classfile\systemDictionary.cpp, line 256]
Event: 6.898 Thread 0x00000181cb2fdd60 Exception <a 'java/lang/ClassNotFoundException'{0x000000074c93c7d0}: org/springframework/beans/factory/AwareCustomizer> (0x000000074c93c7d0) 
thrown [t:\workspace\open\src\hotspot\share\classfile\systemDictionary.cpp, line 256]
Event: 6.906 Thread 0x00000181cb2fdd60 Exception <a 'java/lang/ClassNotFoundException'{0x000000074c940dd8}: org/springframework/aop/PointcutAdvisorCustomizer> (0x000000074c940dd8) 
thrown [t:\workspace\open\src\hotspot\share\classfile\systemDictionary.cpp, line 256]
Event: 6.909 Thread 0x00000181cb2fdd60 Exception <a 'java/lang/ClassNotFoundException'{0x000000074c946450}: org/springframework/aop/AdvisorCustomizer> (0x000000074c946450) 
thrown [t:\workspace\open\src\hotspot\share\classfile\systemDictionary.cpp, line 256]
Event: 6.912 Thread 0x00000181cb2fdd60 Exception <a 'java/lang/ClassNotFoundException'{0x000000074c94c2c0}: org/springframework/core/OrderedCustomizer> (0x000000074c94c2c0) 
thrown [t:\workspace\open\src\hotspot\share\classfile\systemDictionary.cpp, line 256]
Event: 7.094 Thread 0x00000181cb2fdd60 Exception <a 'java/lang/NoSuchMethodError'{0x0000000748a12160}: 'java.lang.Object java.lang.invoke.DirectMethodHandle$Holder.invokeSpecialIFC(java.lang.Object, java.lang.Object, java.lang.Object)'> (0x0000000748a12160) 
thrown [t:\workspace\open\src\hotspot\share\interpreter\linkResolver.cpp, line 766]
Event: 7.554 Thread 0x00000181cb2fdd60 Implicit null exception at 0x00000181b82582a5 to 0x00000181b82587a8
Event: 7.572 Thread 0x00000181cb2fdd60 Exception <a 'java/lang/NoSuchMethodError'{0x0000000748904900}: 'java.lang.Object java.lang.invoke.DirectMethodHandle$Holder.invokeStatic(java.lang.Object, java.lang.Object, int)'> (0x0000000748904900) 
thrown [t:\workspace\open\src\hotspot\share\interpreter\linkResolver.cpp, line 766]
Event: 7.574 Thread 0x00000181cb2fdd60 Exception <a 'java/lang/NoSuchMethodError'{0x0000000748910578}: 'void java.lang.invoke.DelegatingMethodHandle$Holder.delegate(java.lang.Object, java.lang.Object, int, java.lang.Object)'> (0x0000000748910578) 
thrown [t:\workspace\open\src\hotspot\share\interpreter\linkResolver.cpp, line 766]
Event: 8.606 Thread 0x00000181cb2fdd60 Exception <a 'java/lang/NoSuchMethodError'{0x00000007489a4998}: 'void java.lang.invoke.DirectMethodHandle$Holder.invokeStatic(java.lang.Object, java.lang.Object, int)'> (0x00000007489a4998) 
thrown [t:\workspace\open\src\hotspot\share\interpreter\linkResolver.cpp, line 766]

VM Operations (20 events):
Event: 6.228 Executing VM operation: Cleanup
Event: 6.228 Executing VM operation: Cleanup done
Event: 6.367 Executing VM operation: HandshakeAllThreads
Event: 6.367 Executing VM operation: HandshakeAllThreads done
Event: 6.369 Executing VM operation: HandshakeAllThreads
Event: 6.369 Executing VM operation: HandshakeAllThreads done
Event: 6.449 Executing VM operation: HandshakeAllThreads
Event: 6.449 Executing VM operation: HandshakeAllThreads done
Event: 6.564 Executing VM operation: G1CollectForAllocation
Event: 6.573 Executing VM operation: G1CollectForAllocation done
Event: 6.795 Executing VM operation: G1CollectForAllocation
Event: 6.800 Executing VM operation: G1CollectForAllocation done
Event: 6.930 Executing VM operation: HandshakeAllThreads
Event: 6.930 Executing VM operation: HandshakeAllThreads done
Event: 7.568 Executing VM operation: HandshakeAllThreads
Event: 7.568 Executing VM operation: HandshakeAllThreads done
Event: 7.603 Executing VM operation: HandshakeAllThreads
Event: 7.603 Executing VM operation: HandshakeAllThreads done
Event: 8.604 Executing VM operation: Cleanup
Event: 8.605 Executing VM operation: Cleanup done

Events (20 events):
Event: 7.318 loading class java/util/PropertyResourceBundle
Event: 7.318 loading class java/util/PropertyResourceBundle done
Event: 7.318 loading class sun/util/PropertyResourceBundleCharset
Event: 7.318 loading class sun/util/PropertyResourceBundleCharset done
Event: 7.318 loading class sun/util/PropertyResourceBundleCharset$PropertiesFileDecoder
Event: 7.318 loading class sun/util/PropertyResourceBundleCharset$PropertiesFileDecoder done
Event: 7.325 loading class java/util/ResourceBundle$BundleReference
Event: 7.325 loading class java/util/ResourceBundle$BundleReference done
Event: 7.416 loading class javax/management/MBeanRegistration
Event: 7.416 loading class javax/management/MBeanRegistration done
Event: 7.523 loading class jdk/internal/access/foreign/MemorySegmentProxy
Event: 7.523 loading class jdk/internal/access/foreign/MemorySegmentProxy done
Event: 8.604 loading class java/util/function/IntUnaryOperator
Event: 8.604 loading class java/util/function/IntUnaryOperator done
Event: 8.605 loading class java/util/stream/IntPipeline$4
Event: 8.606 loading class java/util/stream/IntPipeline$4 done
Event: 8.608 loading class java/util/stream/ForEachOps$ForEachOp$OfInt
Event: 8.608 loading class java/util/stream/ForEachOps$ForEachOp$OfInt done
Event: 8.608 loading class java/util/stream/IntPipeline$4$1
Event: 8.608 loading class java/util/stream/IntPipeline$4$1 done


Dynamic libraries:
0x00007ff7071b0000 - 0x00007ff7071c0000 	C:\Program Files\Java\jdk-17.0.3.1\bin\java.exe
0x00007ff825f30000 - 0x00007ff826125000 	C:\WINDOWS\SYSTEM32\ntdll.dll
0x00007ff812550000 - 0x00007ff812566000 	C:\Program Files (x86)\AVG\Antivirus\aswhook.dll
0x00007ff8258d0000 - 0x00007ff82598d000 	C:\WINDOWS\System32\KERNEL32.DLL
0x00007ff822fa0000 - 0x00007ff82326d000 	C:\WINDOWS\System32\KERNELBASE.dll
0x00007ff822e70000 - 0x00007ff822f70000 	C:\WINDOWS\System32\ucrtbase.dll
0x00007ff8174a0000 - 0x00007ff8174b8000 	C:\Program Files\Java\jdk-17.0.3.1\bin\jli.dll
0x00007ff814ed0000 - 0x00007ff814eea000 	C:\Program Files\Java\jdk-17.0.3.1\bin\VCRUNTIME140.dll
0x00007ff825e40000 - 0x00007ff825eee000 	C:\WINDOWS\System32\ADVAPI32.dll
0x00007ff825200000 - 0x00007ff82529e000 	C:\WINDOWS\System32\msvcrt.dll
0x00007ff825830000 - 0x00007ff8258cc000 	C:\WINDOWS\System32\sechost.dll
0x00007ff824590000 - 0x00007ff8246b5000 	C:\WINDOWS\System32\RPCRT4.dll
0x00007ff825310000 - 0x00007ff8254b0000 	C:\WINDOWS\System32\USER32.dll
0x00007ff822c80000 - 0x00007ff822ca2000 	C:\WINDOWS\System32\win32u.dll
0x00007ff81ab20000 - 0x00007ff81adba000 	C:\WINDOWS\WinSxS\amd64_microsoft.windows.common-controls_6595b64144ccf1df_6.0.19041.1110_none_60b5254171f9507e\COMCTL32.dll
0x00007ff825e10000 - 0x00007ff825e3a000 	C:\WINDOWS\System32\GDI32.dll
0x00007ff822cb0000 - 0x00007ff822dbb000 	C:\WINDOWS\System32\gdi32full.dll
0x00007ff822dd0000 - 0x00007ff822e6d000 	C:\WINDOWS\System32\msvcp_win.dll
0x00007ff81b910000 - 0x00007ff81b91a000 	C:\WINDOWS\SYSTEM32\VERSION.dll
0x00007ff825540000 - 0x00007ff825570000 	C:\WINDOWS\System32\IMM32.DLL
0x00007ff81dd30000 - 0x00007ff81dd3c000 	C:\Program Files\Java\jdk-17.0.3.1\bin\vcruntime140_1.dll
0x00007ff8067a0000 - 0x00007ff80682d000 	C:\Program Files\Java\jdk-17.0.3.1\bin\msvcp140.dll
0x00007fffe99f0000 - 0x00007fffea5b0000 	C:\Program Files\Java\jdk-17.0.3.1\bin\server\jvm.dll
0x00007ff8246c0000 - 0x00007ff8246c8000 	C:\WINDOWS\System32\PSAPI.DLL
0x00007ff81b670000 - 0x00007ff81b697000 	C:\WINDOWS\SYSTEM32\WINMM.dll
0x00007ff810c30000 - 0x00007ff810c39000 	C:\WINDOWS\SYSTEM32\WSOCK32.dll
0x00007ff8252a0000 - 0x00007ff82530b000 	C:\WINDOWS\System32\WS2_32.dll
0x00007ff820b20000 - 0x00007ff820b32000 	C:\WINDOWS\SYSTEM32\kernel.appcore.dll
0x00007ff81d8e0000 - 0x00007ff81d8ea000 	C:\Program Files\Java\jdk-17.0.3.1\bin\jimage.dll
0x00007ff81b100000 - 0x00007ff81b2e4000 	C:\WINDOWS\SYSTEM32\DBGHELP.DLL
0x00007ff81b0d0000 - 0x00007ff81b0fc000 	C:\WINDOWS\SYSTEM32\dbgcore.DLL
0x00007ff8233d0000 - 0x00007ff823452000 	C:\WINDOWS\System32\bcryptPrimitives.dll
0x00007ff8174c0000 - 0x00007ff8174ce000 	C:\Program Files\Java\jdk-17.0.3.1\bin\instrument.dll
0x00007ff8146d0000 - 0x00007ff8146f5000 	C:\Program Files\Java\jdk-17.0.3.1\bin\java.dll
0x00007ffff8db0000 - 0x00007ffff8e86000 	C:\Program Files\Java\jdk-17.0.3.1\bin\jsvml.dll
0x00007ff824990000 - 0x00007ff8250d4000 	C:\WINDOWS\System32\SHELL32.dll
0x00007ff820d20000 - 0x00007ff8214b4000 	C:\WINDOWS\SYSTEM32\windows.storage.dll
0x00007ff823ba0000 - 0x00007ff823ef4000 	C:\WINDOWS\System32\combase.dll
0x00007ff8225e0000 - 0x00007ff82260c000 	C:\WINDOWS\SYSTEM32\Wldp.dll
0x00007ff823f00000 - 0x00007ff823fad000 	C:\WINDOWS\System32\SHCORE.dll
0x00007ff823630000 - 0x00007ff823685000 	C:\WINDOWS\System32\shlwapi.dll
0x00007ff822b90000 - 0x00007ff822baf000 	C:\WINDOWS\SYSTEM32\profapi.dll
0x00007ff80c910000 - 0x00007ff80c928000 	C:\Program Files\Java\jdk-17.0.3.1\bin\zip.dll
0x00007ff8144f0000 - 0x00007ff814509000 	C:\Program Files\Java\jdk-17.0.3.1\bin\net.dll
0x00007ff811fe0000 - 0x00007ff8120ea000 	C:\WINDOWS\SYSTEM32\WINHTTP.dll
0x00007ff8223b0000 - 0x00007ff82241a000 	C:\WINDOWS\system32\mswsock.dll
0x00007ff812ce0000 - 0x00007ff812cf6000 	C:\Program Files\Java\jdk-17.0.3.1\bin\nio.dll
0x00007ff814770000 - 0x00007ff81478a000 	C:\Users\Claudia Layrisse\AppData\Local\JetBrains\Toolbox\apps\IDEA-C\ch-0\221.5591.52\bin\breakgen64.dll
0x00007ff817490000 - 0x00007ff8174a0000 	C:\Program Files\Java\jdk-17.0.3.1\bin\verify.dll
0x00007ff815040000 - 0x00007ff815049000 	C:\Program Files\Java\jdk-17.0.3.1\bin\management.dll
0x00007ff814f20000 - 0x00007ff814f2b000 	C:\Program Files\Java\jdk-17.0.3.1\bin\management_ext.dll
0x00007ff80bfe0000 - 0x00007ff80bff7000 	C:\WINDOWS\system32\napinsp.dll
0x00007ff80bfc0000 - 0x00007ff80bfdb000 	C:\WINDOWS\system32\pnrpnsp.dll
0x00007ff819750000 - 0x00007ff819765000 	C:\WINDOWS\system32\wshbth.dll
0x00007ff81e660000 - 0x00007ff81e67d000 	C:\WINDOWS\system32\NLAapi.dll
0x00007ff822080000 - 0x00007ff8220bb000 	C:\WINDOWS\SYSTEM32\IPHLPAPI.DLL
0x00007ff8220c0000 - 0x00007ff82218b000 	C:\WINDOWS\SYSTEM32\DNSAPI.dll
0x00007ff823a30000 - 0x00007ff823a38000 	C:\WINDOWS\System32\NSI.dll
0x00007ff80bfa0000 - 0x00007ff80bfb2000 	C:\WINDOWS\System32\winrnr.dll
0x00007ff811fa0000 - 0x00007ff811faa000 	C:\Windows\System32\rasadhlp.dll
0x00007ff8120f0000 - 0x00007ff812170000 	C:\WINDOWS\System32\fwpuclnt.dll
0x00007ff822c50000 - 0x00007ff822c77000 	C:\WINDOWS\System32\bcrypt.dll
0x00007ff822910000 - 0x00007ff822928000 	C:\WINDOWS\SYSTEM32\CRYPTSP.dll
0x00007ff821cf0000 - 0x00007ff821d24000 	C:\WINDOWS\system32\rsaenh.dll
0x00007ff822b50000 - 0x00007ff822b7e000 	C:\WINDOWS\SYSTEM32\USERENV.dll
0x00007ff822540000 - 0x00007ff82254c000 	C:\WINDOWS\SYSTEM32\CRYPTBASE.dll
0x00007ff8151e0000 - 0x00007ff8151f7000 	C:\WINDOWS\SYSTEM32\dhcpcsvc6.DLL
0x00007ff8152b0000 - 0x00007ff8152cd000 	C:\WINDOWS\SYSTEM32\dhcpcsvc.DLL

dbghelp: loaded successfully - version: 4.0.5 - missing functions: none
symbol engine: initialized successfully - sym options: 0x614 - pdb path: .;C:\Program Files\Java\jdk-17.0.3.1\bin;C:\WINDOWS\SYSTEM32;C:\Program Files (x86)\AVG\Antivirus;C:\WINDOWS\WinSxS\amd64_microsoft.windows.common-controls_6595b64144ccf1df_6.0.19041.1110_none_60b5254171f9507e;C:\Program Files\Java\jdk-17.0.3.1\bin\server;C:\Users\Claudia Layrisse\AppData\Local\JetBrains\Toolbox\apps\IDEA-C\ch-0\221.5591.52\bin

VM Arguments:
jvm_args: -javaagent:C:\Users\Claudia Layrisse\AppData\Local\JetBrains\Toolbox\apps\IDEA-C\ch-0\221.5591.52\lib\idea_rt.jar=51905:C:\Users\Claudia Layrisse\AppData\Local\JetBrains\Toolbox\apps\IDEA-C\ch-0\221.5591.52\bin -Dfile.encoding=UTF-8 
java_command: com.project.bankapi.BankApiApplication
java_class_path (initial): C:\Users\Claudia Layrisse\Desktop\ironhack\java\java-bank-api\bank-api\target\classes;C:\Users\Claudia Layrisse\.m2\repository\org\springframework\boot\spring-boot-starter-data-jpa\2.7.0\spring-boot-starter-data-jpa-2.7.0.jar;C:\Users\Claudia Layrisse\.m2\repository\org\springframework\boot\spring-boot-starter-aop\2.7.0\spring-boot-starter-aop-2.7.0.jar;C:\Users\Claudia Layrisse\.m2\repository\org\aspectj\aspectjweaver\1.9.7\aspectjweaver-1.9.7.jar;C:\Users\Claudia Layrisse\.m2\repository\org\springframework\boot\spring-boot-starter-jdbc\2.7.0\spring-boot-starter-jdbc-2.7.0.jar;C:\Users\Claudia Layrisse\.m2\repository\com\zaxxer\HikariCP\4.0.3\HikariCP-4.0.3.jar;C:\Users\Claudia Layrisse\.m2\repository\org\springframework\spring-jdbc\5.3.20\spring-jdbc-5.3.20.jar;C:\Users\Claudia Layrisse\.m2\repository\jakarta\transaction\jakarta.transaction-api\1.3.3\jakarta.transaction-api-1.3.3.jar;C:\Users\Claudia Layrisse\.m2\repository\jakarta\persistence\jakarta.persistence-api\2.2.3\jakarta.persistence-api-2.2.3.jar;C:\Users\Claudia Layrisse\.m2\repository\org\hibernate\hibernate-core\5.6.9.Final\hibernate-core-5.6.9.Final.jar;C:\Users\Claudia Layrisse\.m2\repository\org\jboss\logging\jboss-logging\3.4.3.Final\jboss-logging-3.4.3.Final.jar;C:\Users\Claudia Layrisse\.m2\repository\net\bytebuddy\byte-buddy\1.12.10\byte-buddy-1.12.10.jar;C:\Users\Claudia Layrisse\.m2\repository\antlr\antlr\2.7.7\antlr-2.7.7.jar;C:\Users\Claudia Layrisse\.m2\repository\org\jboss\jandex\2.4.2.Final\jandex-2.4.2.Final.jar;C:\Users\Claudia Layrisse\.m2\repository\com\fasterxml\classmate\1.5.1\classmate-1.5.1.jar;C:\Users\Claudia Layrisse\.m2\repository\org\hibernate\common\hibernate-commons-annotations\5.1.2.Final\hibernate-commons-annotations-5.1.2.Final.jar;C:\Users\Claudia Layrisse\.m2\repository\org\glassfish\jaxb\jaxb-runtime\2.3.6\jaxb-runtime-2.3.6.jar;C:\Users\Claudia Layrisse\.m2\repository\org\glassfish\jaxb\txw2\2.3.6\txw2-2.3.6.jar;C:\Users\Claudia Layrisse
Launcher Type: SUN_STANDARD

[Global flags]
     intx CICompilerCount                          = 4                                         {product} {ergonomic}
     uint ConcGCThreads                            = 2                                         {product} {ergonomic}
     uint G1ConcRefinementThreads                  = 8                                         {product} {ergonomic}
   size_t G1HeapRegionSize                         = 2097152                                   {product} {ergonomic}
    uintx GCDrainStackTargetSize                   = 64                                        {product} {ergonomic}
   size_t InitialHeapSize                          = 201326592                                 {product} {ergonomic}
   size_t MarkStackSize                            = 4194304                                   {product} {ergonomic}
   size_t MaxHeapSize                              = 3210739712                                {product} {ergonomic}
   size_t MaxNewSize                               = 1925185536                                {product} {ergonomic}
   size_t MinHeapDeltaBytes                        = 2097152                                   {product} {ergonomic}
   size_t MinHeapSize                              = 8388608                                   {product} {ergonomic}
    uintx NonNMethodCodeHeapSize                   = 5839372                                {pd product} {ergonomic}
    uintx NonProfiledCodeHeapSize                  = 122909434                              {pd product} {ergonomic}
    uintx ProfiledCodeHeapSize                     = 122909434                              {pd product} {ergonomic}
    uintx ReservedCodeCacheSize                    = 251658240                              {pd product} {ergonomic}
     bool SegmentedCodeCache                       = true                                      {product} {ergonomic}
   size_t SoftMaxHeapSize                          = 3210739712                             {manageable} {ergonomic}
     bool UseCompressedClassPointers               = true                           {product lp64_product} {ergonomic}
     bool UseCompressedOops                        = true                           {product lp64_product} {ergonomic}
     bool UseG1GC                                  = true                                      {product} {ergonomic}
     bool UseLargePagesIndividualAllocation        = false                                  {pd product} {ergonomic}

Logging:
Log output configuration:
 #0: stdout all=warning uptime,level,tags
 #1: stderr all=off uptime,level,tags

Environment Variables:
PATH=C:\Program Files\Common Files\Oracle\Java\javapath;C:\Program Files (x86)\NVIDIA Corporation\PhysX\Common;C:\Program Files (x86)\Intel\iCLS Client\;C:\Program Files\Intel\iCLS Client\;C:\Program Files\Common Files\Microsoft Shared\Windows Live;C:\Program Files (x86)\Common Files\Microsoft Shared\Windows Live;C:\WINDOWS\system32;C:\WINDOWS;C:\WINDOWS\System32\Wbem;C:\WINDOWS\System32\WindowsPowerShell\v1.0\;C:\Program Files (x86)\Windows Live\Shared;C:\Program Files\Intel\Intel(R) Management Engine Components\DAL;C:\Program Files\Intel\Intel(R) Management Engine Components\IPT;C:\Program Files (x86)\Intel\Intel(R) Management Engine Components\DAL;C:\Program Files (x86)\Intel\Intel(R) Management Engine Components\IPT;C:\Program Files (x86)\Autodesk\Backburner\;C:\Program Files\Common Files\Autodesk Shared\;C:\Program Files (x86)\Common Files\Autodesk Shared\;C:\Program Files (x86)\QuickTime\QTSystem\;C:\WINDOWS\System32\OpenSSH\;C:\Program Files\nodejs\;C:\Program Files\Git\cmd;C:\Program Files\PuTTY\;C:\Program Files\Amazon\AWSCLIV2\;C:\Program Files (x86)\Calibre2\;C:\Users\Claudia Layrisse\AppData\Local\Programs\Python\Python39\Scripts\;C:\Users\Claudia Layrisse\AppData\Local\Programs\Python\Python39\;C:\Users\Claudia Layrisse\AppData\Local\Programs\Microsoft VS Code\bin;C:\Users\Claudia Layrisse\AppData\Local\Microsoft\WindowsApps;C:\Users\Claudia Layrisse\AppData\Roaming\npm;C:\Program Files\heroku\bin
USERNAME=Claudia Layrisse
OS=Windows_NT
PROCESSOR_IDENTIFIER=Intel64 Family 6 Model 58 Stepping 9, GenuineIntel



---------------  S Y S T E M  ---------------

OS:
 Windows 10 , 64 bit Build 19041 (10.0.19041.1706)
OS uptime: 8 days 4:47 hours
Hyper-V role detected

CPU: total 8 (initial active 8) (4 cores per cpu, 2 threads per core) family 6 model 58 stepping 9 microcode 0x21, cx8, cmov, fxsr, ht, mmx, sse, sse2, sse3, ssse3, sse4.1, sse4.2, popcnt, tsc, tscinvbit, avx, aes, erms, clmul, vzeroupper, clflush, hv

Memory: 4k page, system-wide physical 12247M (3780M free)
TotalPageFile size 13147M (AvailPageFile size 44M)
current process WorkingSet (physical memory assigned to process): 171M, peak: 172M
current process commit charge ("private bytes"): 218M, peak: 344M

vm_info: Java HotSpot(TM) 64-Bit Server VM (17.0.3.1+2-LTS-6) for windows-amd64 JRE (17.0.3.1+2-LTS-6), built on Apr 25 2022 22:04:21 by "mach5one" with MS VC++ 16.8 / 16.9 (VS2019)

END.
